"../../../Engine/Content/EngineMeshes/Humanoid.uasset" 0
"../../../TheCursedGems/Content/CustomCharacter/Monk/kachujin_g_rosales_Skeleton.uasset" 1
"../../../TheCursedGems/Content/CustomCharacter/Animations/Monk/backwardswalk_mixamo_com.uasset" 2
"../../../TheCursedGems/Content/CustomCharacter/Animations/Monk/Blast1.uasset" 3
"../../../TheCursedGems/Content/CustomCharacter/Animations/Monk/Blast2.uasset" 4
"../../../TheCursedGems/Content/CustomCharacter/Animations/Monk/Cast1.uasset" 5
"../../../TheCursedGems/Content/CustomCharacter/Animations/Monk/Cast2.uasset" 6
"../../../TheCursedGems/Content/CustomCharacter/Animations/Monk/cast3.uasset" 7
"../../../TheCursedGems/Content/CustomCharacter/Animations/Monk/Idle_mixamo_com.uasset" 8
"../../../TheCursedGems/Content/CustomCharacter/Animations/Monk/Idle__1__mixamo_com.uasset" 9
"../../../TheCursedGems/Content/CustomCharacter/Animations/Monk/Picking_Up_Object_mixamo_com.uasset" 10
"../../../TheCursedGems/Content/CustomCharacter/Animations/Monk/Run.uasset" 11
"../../../TheCursedGems/Content/CustomCharacter/Animations/Monk/Run2.uasset" 12
"../../../TheCursedGems/Content/CustomCharacter/Animations/Monk/Jumps/JumpLand_mixamo_com.uasset" 13
"../../../TheCursedGems/Content/CustomCharacter/Animations/Monk/Jumps/JumpLoop_mixamo_com.uasset" 14
"../../../TheCursedGems/Content/CustomCharacter/Animations/Monk/Jumps/JumpStart_mixamo_com.uasset" 15
"../../../TheCursedGems/Content/CustomCharacter/Animations/Monk/Jumps/Jumps2/JumpEnd.uasset" 16
"../../../TheCursedGems/Content/CustomCharacter/Animations/Monk/Jumps/Jumps2/JumpFull.uasset" 17
"../../../TheCursedGems/Content/CustomCharacter/Animations/Monk/Locomotion/idle.uasset" 18
"../../../TheCursedGems/Content/CustomCharacter/Animations/Monk/Locomotion/jump.uasset" 19
"../../../TheCursedGems/Content/CustomCharacter/Animations/Monk/Locomotion/left_strafe.uasset" 20
"../../../TheCursedGems/Content/CustomCharacter/Animations/Monk/Locomotion/left_strafe_walking.uasset" 21
"../../../TheCursedGems/Content/CustomCharacter/Animations/Monk/Locomotion/left_turn.uasset" 22
"../../../TheCursedGems/Content/CustomCharacter/Animations/Monk/Locomotion/left_turn_90.uasset" 23
"../../../TheCursedGems/Content/CustomCharacter/Animations/Monk/Locomotion/right_strafe.uasset" 24
"../../../TheCursedGems/Content/CustomCharacter/Animations/Monk/Locomotion/right_strafe_walking.uasset" 25
"../../../TheCursedGems/Content/CustomCharacter/Animations/Monk/Locomotion/right_turn.uasset" 26
"../../../TheCursedGems/Content/CustomCharacter/Animations/Monk/Locomotion/right_turn_90.uasset" 27
"../../../TheCursedGems/Content/CustomCharacter/Animations/Monk/Locomotion/running.uasset" 28
"../../../TheCursedGems/Content/CustomCharacter/Animations/Monk/Locomotion/walking.uasset" 29
"../../../TheCursedGems/Content/Geometry/Meshes/CubeMaterial.uasset" 30
"../../../TheCursedGems/Content/Geometry/Meshes/1M_Cube_Chamfer.uasset" 31
"../../../TheCursedGems/Content/Geometry/Meshes/TemplateFloor.uasset" 32
"../../../TheCursedGems/Content/Mannequin/Character/Mesh/UE4_Mannequin_Skeleton.uasset" 33
"../../../TheCursedGems/Content/Mannequin/Animations/ThirdPersonJump_End.uasset" 34
"../../../TheCursedGems/Content/Mannequin/Animations/ThirdPerson_Jump.uasset" 35
"../../../TheCursedGems/Content/Mannequin/Animations/ThirdPersonJump_Loop.uasset" 36
"../../../TheCursedGems/Content/Mannequin/Animations/ThirdPersonJump_Start.uasset" 37
"../../../TheCursedGems/Content/Mannequin/Animations/ThirdPersonIdle.uasset" 38
"../../../TheCursedGems/Content/Mannequin/Animations/ThirdPersonRun.uasset" 39
"../../../TheCursedGems/Content/Mannequin/Animations/ThirdPersonWalk.uasset" 40
"../../../TheCursedGems/Content/Mannequin/Animations/ThirdPerson_IdleRun_2D.uasset" 41
"../../../Engine/Content/EditorBlueprintResources/StandardMacros.uasset" 42
"../../../TheCursedGems/Content/Mannequin/Animations/ThirdPerson_AnimBP.uasset" 43
"../../../TheCursedGems/Content/StarterContent/Materials/M_Basic_Wall.uasset" 44
"../../../TheCursedGems/Content/StarterContent/Architecture/Pillar_50x500.uasset" 45
"../../../TheCursedGems/Content/StarterContent/Architecture/Wall_400x300.uasset" 46
"../../../TheCursedGems/Content/StarterContent/Architecture/Wall_400x400.uasset" 47
"../../../TheCursedGems/Content/StarterContent/Architecture/Wall_500x500.uasset" 48
"../../../TheCursedGems/Content/StarterContent/Architecture/Wall_Door_400x400.uasset" 49
"../../../TheCursedGems/Content/StarterContent/Architecture/Wall_Window_400x400.uasset" 50
"../../../TheCursedGems/Content/StarterContent/Audio/Light01_Cue.uasset" 51
"../../../TheCursedGems/Content/StarterContent/Audio/Light02_Cue.uasset" 52
"../../../TheCursedGems/Content/StarterContent/Audio/Explosion_Cue.uasset" 53
"../../../TheCursedGems/Content/StarterContent/Textures/T_Burst_M.uasset" 54
"../../../TheCursedGems/Content/StarterContent/Particles/Materials/M_Burst.uasset" 55
"../../../TheCursedGems/Content/StarterContent/Textures/T_Explosion_SubUV.uasset" 56
"../../../TheCursedGems/Content/StarterContent/Particles/Materials/M_explosion_subUV.uasset" 57
"../../../TheCursedGems/Content/StarterContent/Particles/Materials/m_flare_01.uasset" 58
"../../../Engine/Content/Functions/Engine_MaterialFunctions01/Gradient/RadialGradient.uasset" 59
"../../../TheCursedGems/Content/StarterContent/Particles/Materials/M_radial_ramp.uasset" 60
"../../../TheCursedGems/Content/StarterContent/Textures/T_Smoke_SubUV.uasset" 61
"../../../TheCursedGems/Content/StarterContent/Textures/T_Smoke_Tiled_D.uasset" 62
"../../../TheCursedGems/Content/StarterContent/Particles/Materials/M_smoke_subUV.uasset" 63
"../../../TheCursedGems/Content/StarterContent/Particles/P_Explosion.uasset" 64
"../../../TheCursedGems/Content/StarterContent/Blueprints/Blueprint_Effect_Explosion.uasset" 65
"../../../Engine/Content/EditorMeshes/ColorCalibrator/T_ColorGrid.uasset" 66
"../../../TheCursedGems/Content/StarterContent/Materials/M_ColorGrid_LowSpec.uasset" 67
"../../../TheCursedGems/Content/StarterContent/Textures/T_Bush_D.uasset" 68
"../../../TheCursedGems/Content/StarterContent/Textures/T_Bush_N.uasset" 69
"../../../TheCursedGems/Content/StarterContent/Props/Materials/M_Bush.uasset" 70
"../../../TheCursedGems/Content/StarterContent/Props/SM_Bush.uasset" 71
"../../../TheCursedGems/Content/StarterContent/Textures/T_Chair_M.uasset" 72
"../../../TheCursedGems/Content/StarterContent/Textures/T_Chair_N.uasset" 73
"../../../TheCursedGems/Content/StarterContent/Props/Materials/M_Chair.uasset" 74
"../../../TheCursedGems/Content/StarterContent/Props/SM_Couch.uasset" 75
"../../../TheCursedGems/Content/StarterContent/Materials/M_Glass.uasset" 76
"../../../TheCursedGems/Content/StarterContent/Textures/T_Door_M.uasset" 77
"../../../TheCursedGems/Content/StarterContent/Textures/T_Door_N.uasset" 78
"../../../TheCursedGems/Content/StarterContent/Props/Materials/M_Door.uasset" 79
"../../../TheCursedGems/Content/StarterContent/Props/SM_Door.uasset" 80
"../../../TheCursedGems/Content/StarterContent/Props/Materials/M_MaterialSphere.uasset" 81
"../../../TheCursedGems/Content/StarterContent/Props/Materials/M_MaterialSphere_Plain.uasset" 82
"../../../TheCursedGems/Content/StarterContent/Props/SM_MatPreviewMesh_02.uasset" 83
"../../../Engine/Content/Functions/Engine_MaterialFunctions02/Utility/BlendAngleCorrectedNormals.uasset" 84
"../../../TheCursedGems/Content/StarterContent/Textures/T_Detail_Rocky_N.uasset" 85
"../../../TheCursedGems/Content/StarterContent/Textures/T_Rock_Basalt_D.uasset" 86
"../../../TheCursedGems/Content/StarterContent/Textures/T_RockMesh_M.uasset" 87
"../../../TheCursedGems/Content/StarterContent/Textures/T_RockMesh_N.uasset" 88
"../../../TheCursedGems/Content/StarterContent/Props/Materials/M_Rock.uasset" 89
"../../../TheCursedGems/Content/StarterContent/Props/SM_Rock.uasset" 90
"../../../TheCursedGems/Content/StarterContent/Textures/T_Shelf_M.uasset" 91
"../../../TheCursedGems/Content/StarterContent/Textures/T_Shelf_N.uasset" 92
"../../../TheCursedGems/Content/StarterContent/Props/Materials/M_Shelf.uasset" 93
"../../../TheCursedGems/Content/StarterContent/Props/SM_Shelf.uasset" 94
"../../../TheCursedGems/Content/StarterContent/Materials/M_Basic_Floor.uasset" 95
"../../../TheCursedGems/Content/StarterContent/Props/SM_Stairs.uasset" 96
"../../../TheCursedGems/Content/StarterContent/Shapes/Shape_Cone.uasset" 97
"../../../TheCursedGems/Content/StarterContent/Shapes/Shape_Cylinder.uasset" 98
"../../../TheCursedGems/Content/StarterContent/Shapes/Shape_NarrowCapsule.uasset" 99
"../../../TheCursedGems/Content/StarterContent/Shapes/Shape_Pipe.uasset" 100
"../../../TheCursedGems/Content/StarterContent/Shapes/Shape_Pipe_180.uasset" 101
"../../../TheCursedGems/Content/StarterContent/Shapes/Shape_Pipe_90.uasset" 102
"../../../TheCursedGems/Content/StarterContent/Shapes/Shape_Plane.uasset" 103
"../../../TheCursedGems/Content/StarterContent/Shapes/Shape_Torus.uasset" 104
"../../../TheCursedGems/Content/StarterContent/Shapes/Shape_Trim.uasset" 105
"../../../TheCursedGems/Content/StarterContent/Shapes/Shape_Trim_90_In.uasset" 106
"../../../TheCursedGems/Content/StarterContent/Shapes/Shape_Trim_90_Out.uasset" 107
"../../../TheCursedGems/Content/StarterContent/Shapes/Shape_TriPyramid.uasset" 108
"../../../TheCursedGems/Content/StarterContent/Shapes/Shape_Tube.uasset" 109
"../../../TheCursedGems/Content/StarterContent/Shapes/Shape_Wedge_A.uasset" 110
"../../../TheCursedGems/Content/StarterContent/Shapes/Shape_Wedge_B.uasset" 111
"../../../TheCursedGems/Content/StarterContent/Shapes/Shape_WideCapsule.uasset" 112
"../../../TheCursedGems/Content/ThirdPerson/Meshes/RampMaterial.uasset" 113
"../../../TheCursedGems/Content/ThirdPerson/Meshes/Bump_StaticMesh.uasset" 114
"../../../TheCursedGems/Content/ThirdPerson/Meshes/LeftArm_StaticMesh.uasset" 115
"../../../TheCursedGems/Content/ThirdPerson/Meshes/Linear_Stair_StaticMesh.uasset" 116
"../../../TheCursedGems/Content/ThirdPerson/Meshes/Ramp_StaticMesh.uasset" 117
"../../../TheCursedGems/Content/ThirdPerson/Meshes/RightArm_StaticMesh.uasset" 118
"../../../TheCursedGems/Content/CustomCharacter/Animations/Monk/firedeath_mixamo_com.uasset" 119
"../../../TheCursedGems/Content/CustomCharacter/Animations/Monk/Jumps/Jumps2/JumpLoop.uasset" 120
"../../../TheCursedGems/Content/CustomCharacter/Animations/Monk/Jumps/Jumps2/JumpStart.uasset" 121
"../../../TheCursedGems/Content/CustomCharacter/Animations/Monk/Idle__2__mixamo_com.uasset" 122
"../../../TheCursedGems/Content/CustomCharacter/Animations/Monk/Running_mixamo_com.uasset" 123
"../../../TheCursedGems/Content/CustomCharacter/Animations/Monk/Walking_mixamo_com.uasset" 124
"../../../TheCursedGems/Content/CustomCharacter/Animations/ThirdPerson_IdleRun_2D.uasset" 125
"../../../TheCursedGems/Content/CustomCharacter/Animations/ThirdPerson_AnimBP.uasset" 126
"../../../TheCursedGems/Content/Textures/Lava.uasset" 127
"../../../TheCursedGems/Content/Textures/Lava_INST.uasset" 128
"../../../TheCursedGems/Content/Textures/Lava_INST_ao.uasset" 129
"../../../TheCursedGems/Content/Textures/Lava_INST_basecolor.uasset" 130
"../../../TheCursedGems/Content/Textures/Lava_INST_emissive.uasset" 131
"../../../TheCursedGems/Content/Textures/Lava_INST_metallic.uasset" 132
"../../../TheCursedGems/Content/Textures/Lava_INST_normal.uasset" 133
"../../../TheCursedGems/Content/Textures/Lava_INST_roughness.uasset" 134
"../../../TheCursedGems/Content/Textures/Lava_MAT.uasset" 135
"../../../Engine/Content/Functions/Engine_MaterialFunctions01/Opacity/CameraDepthFade.uasset" 136
"../../../Engine/Content/EngineMaterials/T_Default_Material_Grid_M.uasset" 137
"../../../Engine/Content/EngineMaterials/T_Default_Material_Grid_N.uasset" 138
"../../../Engine/Content/EngineMaterials/WorldGridMaterial.uasset" 139
"../../../Engine/Content/BasicShapes/Plane.uasset" 140
"../../../TheCursedGems/Content/StarterContent/HDRI/HDRI_Epic_Courtyard_Daylight.uasset" 141
"../../../TheCursedGems/Content/Blueprints/Lava.uasset" 142
"../../../TheCursedGems/Content/CustomCharacter/Monk/Kachujin_diffuse.uasset" 143
"../../../TheCursedGems/Content/CustomCharacter/Monk/Kachujin_normal.uasset" 144
"../../../TheCursedGems/Content/CustomCharacter/Monk/Kachujin_specular.uasset" 145
"../../../TheCursedGems/Content/CustomCharacter/Monk/kachujin_MAT.uasset" 146
"../../../TheCursedGems/Content/CustomCharacter/Monk/kachujin_g_rosales_PhysicsAsset.uasset" 147
"../../../TheCursedGems/Content/CustomCharacter/Monk/kachujin_g_rosales.uasset" 148
"../../../TheCursedGems/Content/StarterContent/Textures/T_Fire_SubUV.uasset" 149
"../../../TheCursedGems/Content/StarterContent/Textures/T_Fire_Tiled_D.uasset" 150
"../../../TheCursedGems/Content/StarterContent/Particles/Materials/M_Fire_SubUV.uasset" 151
"../../../TheCursedGems/Content/StarterContent/Textures/T_Water_N.uasset" 152
"../../../TheCursedGems/Content/StarterContent/Particles/Materials/M_Heat_Distortion.uasset" 153
"../../../TheCursedGems/Content/StarterContent/Particles/Materials/M_Radial_Gradient.uasset" 154
"../../../TheCursedGems/Content/StarterContent/Particles/P_Fire.uasset" 155
"../../../TheCursedGems/Content/ThirdPersonBP/Blueprints/ThirdPersonCharacter.uasset" 156
"../../../TheCursedGems/Content/ThirdPersonBP/Blueprints/ThirdPersonGameMode.uasset" 157
"../../../Engine/Content/BasicShapes/Cube.uasset" 158
"../../../Engine/Content/EditorLandscapeResources/DataLayer.uasset" 159
"../../../Engine/Content/EditorMaterials/GizmoMaterial.uasset" 160
"../../../Engine/Content/EditorMaterials/MAT_Groups_Toggle.uasset" 161
"../../../Engine/Content/EditorMaterials/MAT_Groups_Visibility.uasset" 162
"../../../Engine/Content/EditorMaterials/PreviewShadowIndicator.uasset" 163
"../../../Engine/Content/EditorMaterials/PreviewShadowIndicatorMaterial.uasset" 164
"../../../Engine/Content/EditorMaterials/AssetViewer/EpicQuadPanorama_CC+EV1.uasset" 165
"../../../Engine/Content/EditorMaterials/MatineeGroups/MAT_ColorTrack.uasset" 166
"../../../Engine/Content/EditorMaterials/MatineeGroups/MAT_Groups_Anim.uasset" 167
"../../../Engine/Content/EditorMaterials/MatineeGroups/MAT_Groups_AudioMaster.uasset" 168
"../../../Engine/Content/EditorMaterials/MatineeGroups/MAT_Groups_Director.uasset" 169
"../../../Engine/Content/EditorMaterials/MatineeGroups/MAT_Groups_Event.uasset" 170
"../../../Engine/Content/EditorMaterials/MatineeGroups/MAT_Groups_Fade.uasset" 171
"../../../Engine/Content/EditorMaterials/MatineeGroups/MAT_Groups_Float.uasset" 172
"../../../Engine/Content/EditorMaterials/MatineeGroups/MAT_Groups_Move.uasset" 173
"../../../Engine/Content/EditorMaterials/MatineeGroups/MAT_Groups_Slomo.uasset" 174
"../../../Engine/Content/EditorMaterials/MatineeGroups/MAT_Groups_Sound.uasset" 175
"../../../Engine/Content/EditorMaterials/MatineeGroups/MAT_Groups_Vector.uasset" 176
"../../../Engine/Content/EditorMaterials/ParticleSystems/PSysThumbnail_NoImage.uasset" 177
"../../../Engine/Content/EditorMaterials/ParticleSystems/PSysThumbnail_OOD.uasset" 178
"../../../Engine/Content/EditorMaterials/Camera/CineMat.uasset" 179
"../../../Engine/Content/EditorMaterials/Camera/MI_CineMat_Rig.uasset" 180
"../../../Engine/Content/EditorMeshes/Camera/SM_CraneRig_Arm.uasset" 181
"../../../Engine/Content/EditorMeshes/Camera/SM_CraneRig_Base.uasset" 182
"../../../Engine/Content/EditorMeshes/Camera/SM_CraneRig_Body.uasset" 183
"../../../Engine/Content/EditorMeshes/Camera/SM_CraneRig_Mount.uasset" 184
"../../../Engine/Content/EditorMeshes/Camera/SM_RailRig_Mount.uasset" 185
"../../../Engine/Content/EditorMeshes/Camera/SM_RailRig_Track.uasset" 186
"../../../Engine/Content/EditorResources/BSPVertex.uasset" 187
"../../../Engine/Content/EditorResources/EmptyActor.uasset" 188
"../../../Engine/Content/EditorResources/S_Actor.uasset" 189
"../../../Engine/Content/EditorResources/S_Trigger.uasset" 190
"../../../Engine/Content/EditorResources/AudioIcons/S_AudioComponent.uasset" 191
"../../../Engine/Content/EditorResources/AudioIcons/S_AudioComponent_AutoActivate.uasset" 192
"../../../Engine/Content/EditorResources/LightIcons/S_LightError.uasset" 193
"../../../Engine/Content/EditorResources/SequenceRecorder/Countdown.uasset" 194
"../../../Engine/Content/EditorResources/SequenceRecorder/RecordingIndicator.uasset" 195
"../../../Engine/Content/EditorSounds/Notifications/CompileFailed.uasset" 196
"../../../Engine/Content/EditorSounds/Notifications/CompileFailed_Cue.uasset" 197
"../../../Engine/Content/EditorSounds/Notifications/CompileSuccess.uasset" 198
"../../../Engine/Content/EditorSounds/Notifications/CompileStart_Cue.uasset" 199
"../../../Engine/Content/EditorSounds/Notifications/CompileSuccess_Cue.uasset" 200
"../../../Engine/Content/EngineDamageTypes/DmgTypeBP_Environmental.uasset" 201
"../../../Engine/Content/EngineDebugMaterials/HeatmapGradient.uasset" 202
"../../../Engine/Content/EngineDebugMaterials/BoneWeightMaterial.uasset" 203
"../../../Engine/Content/EngineDebugMaterials/ClothMaterial.uasset" 204
"../../../Engine/Content/EngineDebugMaterials/ClothMaterial_WF.uasset" 205
"../../../Engine/Content/EngineDebugMaterials/DebugEditorMaterial.uasset" 206
"../../../Engine/Content/EngineDebugMaterials/DebugMeshMaterial.uasset" 207
"../../../Engine/Content/EngineDebugMaterials/GeomMaterial.uasset" 208
"../../../Engine/Content/EngineFonts/Faces/RobotoBold.uasset" 209
"../../../Engine/Content/EngineFonts/Faces/RobotoBoldItalic.uasset" 210
"../../../Engine/Content/EngineFonts/Faces/RobotoItalic.uasset" 211
"../../../Engine/Content/EngineFonts/Faces/RobotoLight.uasset" 212
"../../../Engine/Content/EngineFonts/Faces/RobotoRegular.uasset" 213
"../../../Engine/Content/EngineFonts/Roboto.uasset" 214
"../../../Engine/Content/EngineFonts/Faces/RobotoTiny.uasset" 215
"../../../Engine/Content/EngineFonts/RobotoTiny.uasset" 216
"../../../Engine/Content/EngineMaterials/DefaultBloomKernel.uasset" 217
"../../../Engine/Content/EngineMaterials/DefaultBokeh.uasset" 218
"../../../Engine/Content/EngineMaterials/DefaultDiffuse.uasset" 219
"../../../Engine/Content/EngineMaterials/DefaultDeferredDecalMaterial.uasset" 220
"../../../Engine/Content/EngineMaterials/DefaultLightFunctionMaterial.uasset" 221
"../../../Engine/Content/EngineMaterials/DefaultPhysicalMaterial.uasset" 222
"../../../Engine/Content/Functions/Engine_MaterialFunctions02/Utility/BreakOutFloat2Components.uasset" 223
"../../../Engine/Content/EngineMaterials/DefaultPostProcessMaterial.uasset" 224
"../../../Engine/Content/EngineFonts/RobotoDistanceField.uasset" 225
"../../../Engine/Content/EngineMaterials/DefaultTextMaterialOpaque.uasset" 226
"../../../Engine/Content/EngineMaterials/DefaultWhiteGrid.uasset" 227
"../../../Engine/Content/EngineMaterials/EditorBrushMaterial.uasset" 228
"../../../Engine/Content/EngineMaterials/MiniFont.uasset" 229
"../../../Engine/Content/EngineMaterials/InvalidLightmapSettings.uasset" 230
"../../../Engine/Content/EngineMaterials/M_InvalidLightmapSettings.uasset" 231
"../../../Engine/Content/EngineMaterials/PhAT_JointLimitMaterial.uasset" 232
"../../../Engine/Content/EngineMaterials/PreintegratedSkinBRDF.uasset" 233
"../../../Engine/Content/EngineMaterials/RemoveSurfaceMaterial.uasset" 234
"../../../Engine/Content/EngineMaterials/WeightMapPlaceholderTexture.uasset" 235
"../../../Engine/Content/EngineResources/WhiteSquareTexture.uasset" 236
"../../../Engine/Content/EngineMaterials/Widget3DPassThrough.uasset" 237
"../../../Engine/Content/EngineMaterials/Widget3DPassThrough_Masked.uasset" 238
"../../../Engine/Content/EngineMaterials/Widget3DPassThrough_Opaque.uasset" 239
"../../../Engine/Content/EngineMaterials/Widget3DPassThrough_Masked_OneSided.uasset" 240
"../../../Engine/Content/EngineMaterials/Widget3DPassThrough_Opaque_OneSided.uasset" 241
"../../../Engine/Content/EngineMaterials/Widget3DPassThrough_Translucent.uasset" 242
"../../../Engine/Content/EngineMaterials/Widget3DPassThrough_Translucent_OneSided.uasset" 243
"../../../Engine/Content/EngineMaterials/DefaultMaterial.uasset" 244
"../../../Engine/Content/EngineMeshes/Cube.uasset" 245
"../../../Engine/Content/EngineMeshes/Cylinder.uasset" 246
"../../../Engine/Content/EngineMeshes/Sphere.uasset" 247
"../../../Engine/Content/EngineResources/Black.uasset" 248
"../../../Engine/Content/EngineResources/DefaultTexture.uasset" 249
"../../../Engine/Content/EngineResources/DefaultTextureCube.uasset" 250
"../../../Engine/Content/EngineResources/GradientTexture0.uasset" 251
"../../../Engine/Content/EngineSounds/Master.uasset" 252
"../../../Engine/Content/Functions/Engine_MaterialFunctions01/Shading/ConvertFromDiffSpec.uasset" 253
"../../../Engine/Content/Functions/Engine_MaterialFunctions01/Shading/PowerToRoughness.uasset" 254
"../../../Engine/Content/Maps/Templates/Thumbnails/Default.uasset" 255
"../../../Engine/Content/Maps/Templates/Thumbnails/VR-Basic.uasset" 256
"../../../Engine/Content/MobileResources/T_MobileControls_texture.uasset" 257
"../../../Engine/Content/MobileResources/T_MobileMenu2.uasset" 258
"../../../Engine/Content/MobileResources/HUD/AnalogHat.uasset" 259
"../../../Engine/Content/MobileResources/HUD/VirtualJoystick_Background.uasset" 260
"../../../Engine/Content/MobileResources/HUD/VirtualJoystick_Thumb.uasset" 261
"../../../Engine/Content/MobileResources/HUD/DefaultVirtualJoysticks.uasset" 262
"../../../Engine/Content/MobileResources/HUD/LeftVirtualJoystickOnly.uasset" 263
"../../../Engine/Content/MobileResources/HUD/MobileHUDButton1_off.uasset" 264
"../../../Engine/Content/MobileResources/HUD/MobileHUDButton1_on.uasset" 265
"../../../Engine/Content/MobileResources/HUD/MobileHUDButton2_off.uasset" 266
"../../../Engine/Content/MobileResources/HUD/MobileHUDButton2_on.uasset" 267
"../../../Engine/Content/MobileResources/HUD/MobileHUDButton3.uasset" 268
"../../../Engine/Content/MobileResources/HUD/MobileHUDButtonFire.uasset" 269
"../../../Engine/Content/MobileResources/HUD/MobileHUDDirectionPad.uasset" 270
"../../../Engine/Content/MobileResources/HUD/MobileHUDDirectionPad2.uasset" 271
"../../../Engine/Content/MobileResources/HUD/MobileHUDDirectionPad3.uasset" 272
"../../../Engine/Content/MobileResources/HUD/MobileHUDDirectionStick.uasset" 273
"../../../Engine/Content/MobileResources/HUD/T_Castle_ThumbstickInner.uasset" 274
"../../../Engine/Content/MobileResources/HUD/T_Castle_ThumbstickOutter.uasset" 275
"../../../Engine/Content/Tutorial/ContentIntroCurve.uasset" 276
"../../../Engine/Content/Tutorial/Basics/TutorialAssets/icon_tab_Levels_40x.uasset" 277
"../../../Engine/Content/Tutorial/BlueprintTutorials/TutorialAssets/BlueprintInterface_64x.uasset" 278
"../../../Engine/Content/Tutorial/BlueprintTutorials/TutorialAssets/BlueprintMacroLibrary_64x.uasset" 279
"../../../Engine/Content/Tutorial/BlueprintTutorials/TutorialAssets/Blueprint_64x.uasset" 280
"../../../Engine/Content/Tutorial/BlueprintTutorials/TutorialAssets/Tutorial_BP_Interface.uasset" 281
"../../../Engine/Content/Tutorial/Foliage/TutorialAssets/Foliage.uasset" 282
"../../../Engine/Content/Tutorial/Landscape/TutorialAssets/Landscape.uasset" 283
"../../../Engine/Content/Tutorial/Paper2D/TutorialAssets/Paper2DFlipbook_TutorialIcon.uasset" 284
"../../../Engine/Content/Tutorial/Paper2D/TutorialAssets/Paper2DSprite_TutorialIcon.uasset" 285
"../../../Engine/Content/Tutorial/SubEditors/TutorialAssets/icon_Editor_Preferences_General_40x.uasset" 286
"../../../Engine/Content/Tutorial/SubEditors/TutorialAssets/icon_ShowSkeletalMeshes_40x.uasset" 287
"../../../Engine/Content/Tutorial/SubEditors/TutorialAssets/TutorialMaterial.uasset" 288
"../../../Engine/Content/Tutorial/SubEditors/TutorialAssets/T_SmokeSubUV_8X8.uasset" 289
"../../../Engine/Content/Tutorial/SubEditors/TutorialAssets/T_soft_smoke.uasset" 290
"../../../Engine/Content/Tutorial/SubEditors/TutorialAssets/M_smoke_subUV_blackbody.uasset" 291
"../../../Engine/Content/Tutorial/SubEditors/TutorialAssets/TutorialParticleSystem.uasset" 292
"../../../Engine/Content/EditorMeshes/EditorCube.uasset" 293
"../../../Engine/Content/Tutorial/SubEditors/TutorialAssets/Tutorial_DM.uasset" 294
"../../../Engine/Content/VREditor/Devices/Generic/GenericHMDMaterial.uasset" 295
"../../../Engine/Content/VREditor/Devices/Generic/GenericHMD.uasset" 296
"../../../Engine/Content/VREditor/FloatingText/LineMaterial.uasset" 297
"../../../Engine/Content/VREditor/FloatingText/JointSphere.uasset" 298
"../../../Engine/Content/VREditor/FloatingText/LineSegmentCylinder.uasset" 299
"../../../Engine/Content/VREditor/Fonts/VRText_RobotoLarge.uasset" 300
"../../../Engine/Content/VREditor/Fonts/VRTextMaterial.uasset" 301
"../../../Engine/Content/VREditor/Fonts/TranslucentVRTextMaterial.uasset" 302
"../../../Engine/Content/VREditor/LaserPointer/CursorPointer.uasset" 303
"../../../Engine/Content/VREditor/LaserPointer/VR_LaserPower_01.uasset" 304
"../../../Engine/Content/VREditor/TransformGizmo/TransformGizmoMaterial.uasset" 305
"../../../Engine/Content/VREditor/LaserPointer/HoverMaterial.uasset" 306
"../../../Engine/Content/VREditor/TransformGizmo/TranslucentTransformGizmoMaterial.uasset" 307
"../../../Engine/Content/VREditor/LaserPointer/TranslucentHoverMaterial.uasset" 308
"../../../Engine/Content/VREditor/LaserPointer/HoverMesh.uasset" 309
"../../../Engine/Content/VREditor/LaserPointer/LaserPointerMaterial.uasset" 310
"../../../Engine/Content/VREditor/LaserPointer/LaserPointerMaterialInst.uasset" 311
"../../../Engine/Content/VREditor/LaserPointer/TranslucentLaserPointerMaterialInst.uasset" 312
"../../../Engine/Content/VREditor/LaserPointer/LaserPointerMesh.uasset" 313
"../../../Engine/Content/VREditor/LaserPointer/LaserPointerMesh_End.uasset" 314
"../../../Engine/Content/VREditor/LaserPointer/LaserPointerMesh_Start.uasset" 315
"../../../Engine/Content/Functions/Engine_MaterialFunctions02/Utility/BreakOutFloat3Components.uasset" 316
"../../../Engine/Content/Functions/Engine_MaterialFunctions02/Math/Transform3x3Matrix.uasset" 317
"../../../Engine/Content/Functions/Engine_MaterialFunctions02/SplitComponents.uasset" 318
"../../../Engine/Content/Functions/Engine_MaterialFunctions02/Utility/MakeFloat3.uasset" 319
"../../../Engine/Content/VREditor/SnapGrid/SnapGridMaterial.uasset" 320
"../../../Engine/Content/VREditor/SnapGrid/SnapGridPlaneMesh.uasset" 321
"../../../Engine/Content/VREditor/Sounds/VR_teleport.uasset" 322
"../../../Engine/Content/VREditor/Sounds/UI/Click_on_Button_Cue.uasset" 323
"../../../Engine/Content/VREditor/Sounds/UI/Dockable_Window_Close.uasset" 324
"../../../Engine/Content/VREditor/Sounds/UI/Dockable_Window_Drop.uasset" 325
"../../../Engine/Content/VREditor/Sounds/UI/Dockable_Window_Open.uasset" 326
"../../../Engine/Content/VREditor/Sounds/UI/Dockable_Window_Pick_Up.uasset" 327
"../../../Engine/Content/VREditor/Sounds/UI/Drop_Item_From_ContentBrowser.uasset" 328
"../../../Engine/Content/VREditor/Sounds/UI/Floating_UI_Open-001.uasset" 329
"../../../Engine/Content/VREditor/Sounds/UI/Gizmo_Handle_Clicked.uasset" 330
"../../../Engine/Content/VREditor/Sounds/UI/Object_PickUp.uasset" 331
"../../../Engine/Content/VREditor/Sounds/UI/Object_Snaps_To_Another_Actor.uasset" 332
"../../../Engine/Content/VREditor/Sounds/UI/Object_Snaps_To_Grid.uasset" 333
"../../../Engine/Content/VREditor/Sounds/UI/Radial_Menu_FadeOut.uasset" 334
"../../../Engine/Content/VREditor/Sounds/UI/Scaling_Down.uasset" 335
"../../../Engine/Content/VREditor/Sounds/UI/Scaling_Up.uasset" 336
"../../../Engine/Content/VREditor/Sounds/UI/Selection_Changes.uasset" 337
"../../../Engine/Content/VREditor/Sounds/UI/Teleport_Mode_Entered.uasset" 338
"../../../Engine/Content/VREditor/Teleport/TeleportDirectionMaterial.uasset" 339
"../../../Engine/Content/VREditor/Teleport/TeleportDirectionMaterial_Inst.uasset" 340
"../../../Engine/Content/VREditor/Teleport/TeleportDirectionMesh.uasset" 341
"../../../Engine/Content/VREditor/TransformGizmo/BoundingBoxCorner.uasset" 342
"../../../Engine/Content/VREditor/TransformGizmo/BoundingBoxEdge.uasset" 343
"../../../Engine/Content/VREditor/TransformGizmo/PlaneTranslationHandle.uasset" 344
"../../../Engine/Content/VREditor/TransformGizmo/RotationHandleFull.uasset" 345
"../../../Engine/Content/VREditor/TransformGizmo/RotationHandleIndicator.uasset" 346
"../../../Engine/Content/VREditor/TransformGizmo/RotationHandleQuarter.uasset" 347
"../../../Engine/Content/VREditor/TransformGizmo/Main.uasset" 348
"../../../Engine/Content/VREditor/TransformGizmo/Xray.uasset" 349
"../../../Engine/Content/VREditor/TransformGizmo/SM_Dialog_Close.uasset" 350
"../../../Engine/Content/VREditor/TransformGizmo/SM_Dialog_Move.uasset" 351
"../../../Engine/Content/VREditor/TransformGizmo/SM_Sequencer_Key.uasset" 352
"../../../Engine/Content/VREditor/TransformGizmo/StartRotationHandleIndicator.uasset" 353
"../../../Engine/Content/VREditor/TransformGizmo/TranslucentTransformGizmoMaterial_Inst.uasset" 354
"../../../Engine/Content/VREditor/TransformGizmo/TransformGizmoFreeRotation.uasset" 355
"../../../Engine/Content/VREditor/TransformGizmo/TransformGizmoMaterial_Inst.uasset" 356
"../../../Engine/Content/VREditor/TransformGizmo/TranslateArrowHandle.uasset" 357
"../../../Engine/Content/VREditor/TransformGizmo/UniformScaleHandle.uasset" 358
"../../../Engine/Content/VREditor/UI/KeyDiskMaterial.uasset" 359
"../../../Engine/Content/VREditor/UI/DiscMaterial.uasset" 360
"../../../Engine/Content/VREditor/UI/SM_Radial_Disk.uasset" 361
"../../../Engine/Content/VREditor/WorldMovementGrid/SimpleGrid.uasset" 362
"../../../Engine/Content/VREditor/WorldMovementGrid/GridMaterial.uasset" 363
"../../../Engine/Content/Functions/Engine_MaterialFunctions01/Density/ExponentialDensity.uasset" 364
"../../../Engine/Content/VREditor/WorldMovementGrid/GridPostProcess.uasset" 365
"../../../Engine/Content/EditorLandscapeResources/FlattenHeightMat.uasset" 366
"../../../Engine/Content/VREditor/WorldMovementGrid/PlaneMesh.uasset" 367
"../../../Engine/Plugins/2D/Paper2D/Content/PlaceholderTextures/DummySpriteTexture.uasset" 368
"../../../Engine/Plugins/2D/Paper2D/Content/DummySprite.uasset" 369
"../../../Engine/Plugins/2D/Paper2D/Content/DefaultPaperTerrainMaterial.uasset" 370
"../../../Engine/Plugins/2D/Paper2D/Content/DefaultSpriteMaterial.uasset" 371
"../../../Engine/Plugins/2D/Paper2D/Content/MaskedUnlitSpriteMaterial.uasset" 372
"../../../Engine/Plugins/2D/Paper2D/Content/OpaqueUnlitSpriteMaterial.uasset" 373
"../../../Engine/Plugins/Runtime/Oculus/OculusVR/Content/Textures/GearVRController_AO.uasset" 374
"../../../Engine/Plugins/Runtime/Oculus/OculusVR/Content/Textures/GearVRController_Color.uasset" 375
"../../../Engine/Plugins/Runtime/Oculus/OculusVR/Content/Textures/GearVRController_Normal.uasset" 376
"../../../Engine/Plugins/Runtime/Oculus/OculusVR/Content/Materials/GearVRControllerMaterial.uasset" 377
"../../../Engine/Plugins/Runtime/Oculus/OculusVR/Content/Meshes/GearVrController.uasset" 378
"../../../TheCursedGems/Content/StarterContent/Blueprints/Assets/FogBrightnessLUT.uasset" 379
"../../../TheCursedGems/Content/StarterContent/Blueprints/Assets/SunlightColorLUT.uasset" 380
"../../../TheCursedGems/Content/StarterContent/Blueprints/Assets/M_LightStage_Arrows.uasset" 381
"../../../Engine/Content/MapTemplates/Sky/DaylightAmbientCubemap.uasset" 382
"../../../TheCursedGems/Content/StarterContent/Blueprints/Assets/M_LightStage_Skybox_Master.uasset" 383
"../../../TheCursedGems/Content/StarterContent/Blueprints/Assets/M_LightStage_Skybox_Black.uasset" 384
"../../../TheCursedGems/Content/StarterContent/Blueprints/Assets/M_LightStage_Skybox_HDRI.uasset" 385
"../../../Engine/Content/EditorMaterials/Thumbnails/SkySphereMaterial.uasset" 386
"../../../TheCursedGems/Content/StarterContent/Blueprints/Assets/Skybox.uasset" 387
"../../../TheCursedGems/Content/StarterContent/Blueprints/Assets/SM_Arrows.uasset" 388
"../../../TheCursedGems/Content/StarterContent/Blueprints/BP_LightStudio.uasset" 389
"../../../TheCursedGems/Content/StarterContent/Maps/Advanced_Lighting_BuiltData.uasset" 390
"../../../TheCursedGems/Content/StarterContent/Materials/M_AssetPlatform.uasset" 391
"../../../Engine/Content/EditorMeshes/ColorCalibrator/M_ChromeBall.uasset" 392
"../../../Engine/Content/EditorMeshes/ColorCalibrator/M_ClearCoat.uasset" 393
"../../../Engine/Content/EditorMeshes/ColorCalibrator/M_ClearCoatBlack.uasset" 394
"../../../Engine/Content/EditorMeshes/ColorCalibrator/M_ColorGrid.uasset" 395
"../../../Engine/Content/EditorMeshes/ColorCalibrator/M_GreyBall.uasset" 396
"../../../Engine/Content/EditorMeshes/ColorCalibrator/SM_ColorCalibrator.uasset" 397
"../../../TheCursedGems/Content/StarterContent/Architecture/SM_AssetPlatform.uasset" 398
"../../../TheCursedGems/Content/StarterContent/Maps/Advanced_Lighting.umap" 399
"../../../Engine/Content/EngineSky/C_Sky_Cloud_Color.uasset" 400
"../../../Engine/Content/EngineSky/C_Sky_Horizon_Color.uasset" 401
"../../../Engine/Content/EngineSky/C_Sky_Zenith_Color.uasset" 402
"../../../Engine/Content/EngineSky/T_Sky_Blue.uasset" 403
"../../../Engine/Content/EngineSky/T_Sky_Clouds_M.uasset" 404
"../../../Engine/Content/EngineSky/T_Sky_Stars.uasset" 405
"../../../Engine/Content/EngineSky/M_Sky_Panning_Clouds2.uasset" 406
"../../../Engine/Content/EngineSky/SM_SkySphere.uasset" 407
"../../../Engine/Content/EngineSky/BP_Sky_Sphere.uasset" 408
"../../../TheCursedGems/Content/StarterContent/Maps/Minimal_Default_BuiltData.uasset" 409
"../../../TheCursedGems/Content/StarterContent/Textures/T_MacroVariation.uasset" 410
"../../../TheCursedGems/Content/StarterContent/Materials/M_Metal_Brushed_Nickel.uasset" 411
"../../../TheCursedGems/Content/StarterContent/Textures/T_Metal_Aluminum_D.uasset" 412
"../../../TheCursedGems/Content/StarterContent/Textures/T_Metal_Gold_N.uasset" 413
"../../../TheCursedGems/Content/StarterContent/Materials/M_Metal_Burnished_Steel.uasset" 414
"../../../TheCursedGems/Content/StarterContent/Textures/T_Metal_Copper_D.uasset" 415
"../../../TheCursedGems/Content/StarterContent/Materials/M_Metal_Copper.uasset" 416
"../../../TheCursedGems/Content/StarterContent/Textures/T_Statue_M.uasset" 417
"../../../TheCursedGems/Content/StarterContent/Textures/T_Statue_N.uasset" 418
"../../../TheCursedGems/Content/StarterContent/Props/Materials/M_StatueGlass.uasset" 419
"../../../TheCursedGems/Content/StarterContent/Architecture/Floor_400x400.uasset" 420
"../../../TheCursedGems/Content/StarterContent/Audio/Starter_Background_Cue.uasset" 421
"../../../TheCursedGems/Content/StarterContent/Props/SM_Chair.uasset" 422
"../../../TheCursedGems/Content/StarterContent/Props/Materials/M_Statue.uasset" 423
"../../../TheCursedGems/Content/StarterContent/Props/SM_Statue.uasset" 424
"../../../TheCursedGems/Content/StarterContent/Textures/T_TableRound_M.uasset" 425
"../../../TheCursedGems/Content/StarterContent/Textures/T_TableRound_N.uasset" 426
"../../../TheCursedGems/Content/StarterContent/Props/Materials/M_TableRound.uasset" 427
"../../../TheCursedGems/Content/StarterContent/Props/SM_TableRound.uasset" 428
"../../../TheCursedGems/Content/StarterContent/Maps/Minimal_Default.umap" 429
"../../../TheCursedGems/Content/StarterContent/Audio/Fire01_Cue.uasset" 430
"../../../TheCursedGems/Content/StarterContent/Blueprints/Blueprint_Effect_Fire.uasset" 431
"../../../TheCursedGems/Content/StarterContent/Audio/Smoke01_Cue.uasset" 432
"../../../TheCursedGems/Content/StarterContent/Particles/P_Smoke.uasset" 433
"../../../TheCursedGems/Content/StarterContent/Blueprints/Blueprint_Effect_Smoke.uasset" 434
"../../../TheCursedGems/Content/StarterContent/Audio/Fire_Sparks01_Cue.uasset" 435
"../../../TheCursedGems/Content/StarterContent/Textures/T_Spark_Core.uasset" 436
"../../../TheCursedGems/Content/StarterContent/Particles/Materials/M_Spark.uasset" 437
"../../../TheCursedGems/Content/StarterContent/Particles/P_Sparks.uasset" 438
"../../../TheCursedGems/Content/StarterContent/Blueprints/Blueprint_Effect_Sparks.uasset" 439
"../../../TheCursedGems/Content/StarterContent/Audio/Steam01_Cue.uasset" 440
"../../../TheCursedGems/Content/StarterContent/Particles/P_Steam_Lit.uasset" 441
"../../../TheCursedGems/Content/StarterContent/Blueprints/Blueprint_Effect_Steam.uasset" 442
"../../../TheCursedGems/Content/StarterContent/Textures/T_Lamp_M.uasset" 443
"../../../TheCursedGems/Content/StarterContent/Textures/T_Lamp_N.uasset" 444
"../../../TheCursedGems/Content/StarterContent/Props/Materials/M_Lamp.uasset" 445
"../../../TheCursedGems/Content/StarterContent/Props/SM_Lamp_Ceiling.uasset" 446
"../../../TheCursedGems/Content/StarterContent/Blueprints/Blueprint_CeilingLight.uasset" 447
"../../../TheCursedGems/Content/StarterContent/Props/SM_Lamp_Wall.uasset" 448
"../../../TheCursedGems/Content/StarterContent/Blueprints/Blueprint_WallSconce.uasset" 449
"../../../TheCursedGems/Content/StarterContent/Maps/StarterMap_BuiltData.uasset" 450
"../../../Engine/Content/Functions/Engine_MaterialFunctions03/Procedurals/ComputeFilterWidth.uasset" 451
"../../../Engine/Content/EngineMaterials/AntiAliasedTextMaterialTranslucent.uasset" 452
"../../../TheCursedGems/Content/StarterContent/Textures/T_Brick_Clay_Beveled_D.uasset" 453
"../../../TheCursedGems/Content/StarterContent/Textures/T_Brick_Clay_Beveled_M.uasset" 454
"../../../TheCursedGems/Content/StarterContent/Textures/T_Brick_Clay_Beveled_N.uasset" 455
"../../../TheCursedGems/Content/StarterContent/Materials/M_Brick_Clay_Beveled.uasset" 456
"../../../TheCursedGems/Content/StarterContent/Textures/T_Brick_Clay_New_D.uasset" 457
"../../../TheCursedGems/Content/StarterContent/Textures/T_Brick_Clay_New_M.uasset" 458
"../../../TheCursedGems/Content/StarterContent/Textures/T_Brick_Clay_New_N.uasset" 459
"../../../TheCursedGems/Content/StarterContent/Materials/M_Brick_Clay_New.uasset" 460
"../../../TheCursedGems/Content/StarterContent/Textures/T_Brick_Clay_Old_D.uasset" 461
"../../../TheCursedGems/Content/StarterContent/Textures/T_Brick_Clay_Old_N.uasset" 462
"../../../TheCursedGems/Content/StarterContent/Textures/T_Perlin_Noise_M.uasset" 463
"../../../TheCursedGems/Content/StarterContent/Materials/M_Brick_Clay_Old.uasset" 464
"../../../TheCursedGems/Content/StarterContent/Textures/T_Brick_Cut_Stone_D.uasset" 465
"../../../TheCursedGems/Content/StarterContent/Textures/T_Brick_Cut_Stone_N.uasset" 466
"../../../TheCursedGems/Content/StarterContent/Materials/M_Brick_Cut_Stone.uasset" 467
"../../../TheCursedGems/Content/StarterContent/Textures/T_Brick_Hewn_Stone_D.uasset" 468
"../../../TheCursedGems/Content/StarterContent/Textures/T_Brick_Hewn_Stone_M.uasset" 469
"../../../TheCursedGems/Content/StarterContent/Textures/T_Brick_Hewn_Stone_N.uasset" 470
"../../../TheCursedGems/Content/StarterContent/Materials/M_Brick_Hewn_Stone.uasset" 471
"../../../TheCursedGems/Content/StarterContent/Textures/T_Ceramic_Tile_M.uasset" 472
"../../../TheCursedGems/Content/StarterContent/Textures/T_Ceramic_Tile_N.uasset" 473
"../../../TheCursedGems/Content/StarterContent/Textures/T_Rock_Marble_Polished_D.uasset" 474
"../../../TheCursedGems/Content/StarterContent/Materials/M_Ceramic_Tile_Checker.uasset" 475
"../../../TheCursedGems/Content/StarterContent/Textures/T_CobbleStone_Pebble_D.uasset" 476
"../../../TheCursedGems/Content/StarterContent/Textures/T_CobbleStone_Pebble_M.uasset" 477
"../../../TheCursedGems/Content/StarterContent/Textures/T_CobbleStone_Pebble_N.uasset" 478
"../../../TheCursedGems/Content/StarterContent/Materials/M_CobbleStone_Pebble.uasset" 479
"../../../TheCursedGems/Content/StarterContent/Textures/T_CobbleStone_Rough_D.uasset" 480
"../../../TheCursedGems/Content/StarterContent/Textures/T_CobbleStone_Rough_N.uasset" 481
"../../../TheCursedGems/Content/StarterContent/Textures/T_Gradinet_01.uasset" 482
"../../../TheCursedGems/Content/StarterContent/Textures/T_Rock_Smooth_Granite_D.uasset" 483
"../../../TheCursedGems/Content/StarterContent/Materials/M_CobbleStone_Rough.uasset" 484
"../../../TheCursedGems/Content/StarterContent/Textures/T_CobbleStone_Smooth_D.uasset" 485
"../../../TheCursedGems/Content/StarterContent/Textures/T_CobbleStone_Smooth_M.uasset" 486
"../../../TheCursedGems/Content/StarterContent/Textures/T_CobbleStone_Smooth_N.uasset" 487
"../../../TheCursedGems/Content/StarterContent/Materials/M_CobbleStone_Smooth.uasset" 488
"../../../TheCursedGems/Content/StarterContent/Textures/T_Concrete_Grime_D.uasset" 489
"../../../TheCursedGems/Content/StarterContent/Textures/T_Metal_Rust_N.uasset" 490
"../../../TheCursedGems/Content/StarterContent/Materials/M_Concrete_Grime.uasset" 491
"../../../TheCursedGems/Content/StarterContent/Textures/T_Concrete_Panels_D.uasset" 492
"../../../TheCursedGems/Content/StarterContent/Textures/T_Concrete_Panels_N.uasset" 493
"../../../TheCursedGems/Content/StarterContent/Materials/M_Concrete_Panels.uasset" 494
"../../../TheCursedGems/Content/StarterContent/Textures/T_Concrete_Poured_D.uasset" 495
"../../../TheCursedGems/Content/StarterContent/Textures/T_Concrete_Poured_N.uasset" 496
"../../../TheCursedGems/Content/StarterContent/Materials/M_Concrete_Poured.uasset" 497
"../../../TheCursedGems/Content/StarterContent/Textures/T_Concrete_Tiles_D.uasset" 498
"../../../TheCursedGems/Content/StarterContent/Textures/T_Concrete_Tiles_M.uasset" 499
"../../../TheCursedGems/Content/StarterContent/Textures/T_Concrete_Tiles_N.uasset" 500
"../../../TheCursedGems/Content/StarterContent/Textures/T_Concrete_Tiles_Variation_M.uasset" 501
"../../../TheCursedGems/Content/StarterContent/Materials/M_Concrete_Tiles.uasset" 502
"../../../TheCursedGems/Content/StarterContent/Textures/T_Ground_Grass_D.uasset" 503
"../../../TheCursedGems/Content/StarterContent/Textures/T_Ground_Grass_N.uasset" 504
"../../../TheCursedGems/Content/StarterContent/Materials/M_Ground_Grass.uasset" 505
"../../../TheCursedGems/Content/StarterContent/Textures/T_Ground_Gravel_D.uasset" 506
"../../../TheCursedGems/Content/StarterContent/Textures/T_Ground_Gravel_N.uasset" 507
"../../../TheCursedGems/Content/StarterContent/Materials/M_Ground_Gravel.uasset" 508
"../../../TheCursedGems/Content/StarterContent/Textures/T_ground_Moss_D.uasset" 509
"../../../TheCursedGems/Content/StarterContent/Textures/T_Ground_Moss_N.uasset" 510
"../../../TheCursedGems/Content/StarterContent/Materials/M_Ground_Moss.uasset" 511
"../../../TheCursedGems/Content/StarterContent/Materials/M_Metal_Chrome.uasset" 512
"../../../TheCursedGems/Content/StarterContent/Textures/T_Metal_Gold_D.uasset" 513
"../../../TheCursedGems/Content/StarterContent/Materials/M_Metal_Gold.uasset" 514
"../../../TheCursedGems/Content/StarterContent/Textures/T_Metal_Rust_D.uasset" 515
"../../../TheCursedGems/Content/StarterContent/Materials/M_Metal_Rust.uasset" 516
"../../../TheCursedGems/Content/StarterContent/Textures/T_Metal_Steel_D.uasset" 517
"../../../TheCursedGems/Content/StarterContent/Textures/T_Metal_Steel_N.uasset" 518
"../../../TheCursedGems/Content/StarterContent/Materials/M_Metal_Steel.uasset" 519
"../../../Engine/Content/Functions/Engine_MaterialFunctions02/Texturing/ScreenAlignedPixelToPixelUVs.uasset" 520
"../../../Engine/Content/EngineMaterials/Good64x64TilingNoiseHighFreq.uasset" 521
"../../../Engine/Content/Functions/Engine_MaterialFunctions02/Utility/DitherTemporalAA.uasset" 522
"../../../TheCursedGems/Content/StarterContent/Textures/T_Rock_Basalt_N.uasset" 523
"../../../TheCursedGems/Content/StarterContent/Materials/M_Rock_Basalt.uasset" 524
"../../../TheCursedGems/Content/StarterContent/Materials/M_Rock_Marble_Polished.uasset" 525
"../../../TheCursedGems/Content/StarterContent/Textures/T_Rock_Sandstone_D.uasset" 526
"../../../TheCursedGems/Content/StarterContent/Textures/T_Rock_Sandstone_N.uasset" 527
"../../../TheCursedGems/Content/StarterContent/Materials/M_Rock_Sandstone.uasset" 528
"../../../TheCursedGems/Content/StarterContent/Textures/T_Rock_Slate_D.uasset" 529
"../../../TheCursedGems/Content/StarterContent/Textures/T_Rock_Slate_N.uasset" 530
"../../../TheCursedGems/Content/StarterContent/Materials/M_Rock_Slate.uasset" 531
"../../../TheCursedGems/Content/StarterContent/Textures/T_Checker_Noise_M.uasset" 532
"../../../TheCursedGems/Content/StarterContent/Textures/T_Single_Tile_N.uasset" 533
"../../../TheCursedGems/Content/StarterContent/Textures/T_Tech_Dot_M.uasset" 534
"../../../TheCursedGems/Content/StarterContent/Textures/T_Tech_Dot_N.uasset" 535
"../../../TheCursedGems/Content/StarterContent/Materials/M_Tech_Checker_Dot.uasset" 536
"../../../TheCursedGems/Content/StarterContent/Textures/T_Tech_Hex_Tile_M.uasset" 537
"../../../TheCursedGems/Content/StarterContent/Textures/T_Tech_Hex_Tile_N.uasset" 538
"../../../TheCursedGems/Content/StarterContent/Materials/M_Tech_Hex_Tile.uasset" 539
"../../../TheCursedGems/Content/StarterContent/Materials/M_Tech_Hex_Tile_Pulse.uasset" 540
"../../../TheCursedGems/Content/StarterContent/Textures/T_Tech_Panel_M.uasset" 541
"../../../TheCursedGems/Content/StarterContent/Textures/T_Tech_Panel_N.uasset" 542
"../../../TheCursedGems/Content/StarterContent/Materials/M_Tech_Panel.uasset" 543
"../../../TheCursedGems/Content/StarterContent/Materials/M_Water_Lake.uasset" 544
"../../../TheCursedGems/Content/StarterContent/Textures/T_Water_M.uasset" 545
"../../../TheCursedGems/Content/StarterContent/Materials/M_Water_Ocean.uasset" 546
"../../../TheCursedGems/Content/StarterContent/Textures/T_Wood_Floor_Walnut_D.uasset" 547
"../../../TheCursedGems/Content/StarterContent/Textures/T_Wood_Floor_Walnut_M.uasset" 548
"../../../TheCursedGems/Content/StarterContent/Textures/T_Wood_Floor_Walnut_N.uasset" 549
"../../../TheCursedGems/Content/StarterContent/Materials/M_Wood_Floor_Walnut_Polished.uasset" 550
"../../../Engine/Content/Functions/Engine_MaterialFunctions01/Opacity/AlphaOffset.uasset" 551
"../../../TheCursedGems/Content/StarterContent/Materials/M_Wood_Floor_Walnut_Worn.uasset" 552
"../../../TheCursedGems/Content/StarterContent/Textures/T_Wood_Oak_D.uasset" 553
"../../../TheCursedGems/Content/StarterContent/Textures/T_Wood_Oak_N.uasset" 554
"../../../TheCursedGems/Content/StarterContent/Materials/M_Wood_Oak.uasset" 555
"../../../TheCursedGems/Content/StarterContent/Textures/T_Wood_Pine_D.uasset" 556
"../../../TheCursedGems/Content/StarterContent/Textures/T_Wood_Pine_N.uasset" 557
"../../../TheCursedGems/Content/StarterContent/Materials/M_Wood_Pine.uasset" 558
"../../../TheCursedGems/Content/StarterContent/Textures/T_Wood_Walnut_D.uasset" 559
"../../../TheCursedGems/Content/StarterContent/Textures/T_Wood_Walnut_N.uasset" 560
"../../../TheCursedGems/Content/StarterContent/Materials/M_Wood_Walnut.uasset" 561
"../../../TheCursedGems/Content/StarterContent/Architecture/Wall_400x200.uasset" 562
"../../../TheCursedGems/Content/StarterContent/Architecture/Wall_Door_400x300.uasset" 563
"../../../TheCursedGems/Content/StarterContent/Architecture/Wall_Window_400x300.uasset" 564
"../../../TheCursedGems/Content/StarterContent/Audio/Collapse_Cue.uasset" 565
"../../../TheCursedGems/Content/StarterContent/Audio/Starter_Music_Cue.uasset" 566
"../../../TheCursedGems/Content/StarterContent/Textures/T_Dust_Particle_D.uasset" 567
"../../../TheCursedGems/Content/StarterContent/Particles/Materials/M_Dust_Particle.uasset" 568
"../../../TheCursedGems/Content/StarterContent/Particles/P_Ambient_Dust.uasset" 569
"../../../TheCursedGems/Content/StarterContent/Props/MaterialSphere.uasset" 570
"../../../TheCursedGems/Content/StarterContent/Textures/T_Frame_M.uasset" 571
"../../../TheCursedGems/Content/StarterContent/Textures/T_Frame_N.uasset" 572
"../../../TheCursedGems/Content/StarterContent/Props/Materials/M_Frame.uasset" 573
"../../../TheCursedGems/Content/StarterContent/Props/SM_CornerFrame.uasset" 574
"../../../TheCursedGems/Content/StarterContent/Props/SM_DoorFrame.uasset" 575
"../../../TheCursedGems/Content/StarterContent/Props/SM_GlassWindow.uasset" 576
"../../../TheCursedGems/Content/StarterContent/Props/SM_PillarFrame.uasset" 577
"../../../TheCursedGems/Content/StarterContent/Props/SM_PillarFrame300.uasset" 578
"../../../TheCursedGems/Content/StarterContent/Props/SM_WindowFrame.uasset" 579
"../../../TheCursedGems/Content/StarterContent/Shapes/Shape_Cube.uasset" 580
"../../../TheCursedGems/Content/StarterContent/Shapes/Shape_QuadPyramid.uasset" 581
"../../../TheCursedGems/Content/StarterContent/Shapes/Shape_Sphere.uasset" 582
"../../../TheCursedGems/Content/StarterContent/Maps/StarterMap.umap" 583
"../../../TheCursedGems/Content/StarterContent/Textures/SolidGlassGem.uasset" 584
"../../../TheCursedGems/Content/StarterContent/Textures/Lava_INST.uasset" 585
"../../../TheCursedGems/Content/StarterContent/Textures/Lava_INST_basecolor.uasset" 586
"../../../TheCursedGems/Content/StarterContent/Textures/Lava_INST_metallic.uasset" 587
"../../../TheCursedGems/Content/StarterContent/Textures/Lava_INST_normal.uasset" 588
"../../../TheCursedGems/Content/StarterContent/Textures/Lava_INST_roughness.uasset" 589
"../../../TheCursedGems/Content/StarterContent/Textures/Lava_MAT.uasset" 590
"../../../Engine/Content/BasicShapes/Sphere.uasset" 591
"../../../TheCursedGems/Content/Blueprints/Gems/FireGem.uasset" 592
"../../../TheCursedGems/Content/Blueprints/Gems/IceGem.uasset" 593
"../../../TheCursedGems/Content/Geometry/Meshes/1M_Cube.uasset" 594
"../../../TheCursedGems/Content/Blueprints/MovingStone.uasset" 595
"../../../Engine/Content/BasicShapes/Cone.uasset" 596
"../../../Engine/Content/BasicShapes/Cylinder.uasset" 597
"../../../TheCursedGems/Content/Blueprints/Spike.uasset" 598
"../../../TheCursedGems/Content/ThirdPersonBP/Maps/ThirdPersonExampleMap_BuiltData.uasset" 599
"../../../TheCursedGems/Content/Textures/M_Glass.uasset" 600
"../../../TheCursedGems/Content/Textures/8bitTest.uasset" 601
"../../../TheCursedGems/Content/Textures/8bitTest_Inst.uasset" 602
"../../../TheCursedGems/Content/ThirdPersonBP/Maps/ThirdPersonExampleMap.umap" 603
"../../../Engine/Content/Maps/Entry.umap" 604
