Log file open, 10/11/17 08:36:57
LogWindows: Failed to load 'aqProf.dll' (GetLastError=126)
LogWindows: File 'aqProf.dll' does not exist
LogWindows: Failed to load 'VtuneApi.dll' (GetLastError=126)
LogWindows: File 'VtuneApi.dll' does not exist
LogWindows: Failed to load 'VtuneApi32e.dll' (GetLastError=126)
LogWindows: File 'VtuneApi32e.dll' does not exist
LogInit: Display: Running engine for game: TheCursedGems
LogPlatformFile: Not using cached read wrapper
LogInit: Display: RandInit(859364274) SRandInit(859364274).
LogTaskGraph: Started task graph with 5 named threads and 14 total threads with 3 sets of task threads.
LogStats: Stats thread started at 0.152681
LogD3D11RHI: Aftermath initialized
LogPluginManager: Mounting plugin Paper2D
LogPluginManager: Mounting plugin LightPropagationVolume
LogPluginManager: Mounting plugin CodeLiteSourceCodeAccess
LogPluginManager: Mounting plugin GitSourceControl
LogPluginManager: Mounting plugin KDevelopSourceCodeAccess
LogPluginManager: Mounting plugin NullSourceCodeAccess
LogPluginManager: Mounting plugin PerforceSourceControl
LogPluginManager: Mounting plugin SubversionSourceControl
LogPluginManager: Mounting plugin UObjectPlugin
LogPluginManager: Mounting plugin VisualStudioSourceCodeAccess
LogPluginManager: Mounting plugin XCodeSourceCodeAccess
LogPluginManager: Mounting plugin AssetManagerEditor
LogPluginManager: Mounting plugin AudioCapture
LogPluginManager: Mounting plugin FacialAnimation
LogPluginManager: Mounting plugin GameplayTagsEditor
LogPluginManager: Mounting plugin MobileLauncherProfileWizard
LogPluginManager: Mounting plugin PluginBrowser
LogPluginManager: Mounting plugin SpeedTreeImporter
LogPluginManager: Mounting plugin AlembicImporter
LogPluginManager: Mounting plugin CharacterAI
LogPluginManager: Mounting plugin HTML5Networking
LogPluginManager: Mounting plugin Substance
LogPluginManager: Mounting plugin AndroidMedia
LogPluginManager: Mounting plugin AvfMedia
LogPluginManager: Mounting plugin MediaPlayerEditor
LogPluginManager: Mounting plugin WmfMedia
LogPluginManager: Mounting plugin TcpMessaging
LogPluginManager: Mounting plugin UdpMessaging
LogPluginManager: Mounting plugin LevelSequenceEditor
LogPluginManager: Mounting plugin MatineeToLevelSequence
LogPluginManager: Mounting plugin OnlineSubsystemGooglePlay
LogPluginManager: Mounting plugin OnlineSubsystemIOS
LogPluginManager: Mounting plugin OnlineSubsystem
LogPluginManager: Mounting plugin OnlineSubsystemNull
LogPluginManager: Mounting plugin OnlineSubsystemUtils
LogPluginManager: Mounting plugin AndroidDeviceProfileSelector
LogPluginManager: Mounting plugin AndroidMoviePlayer
LogPluginManager: Mounting plugin AndroidPermission
LogPluginManager: Mounting plugin AppleMoviePlayer
LogPluginManager: Mounting plugin ArchVisCharacter
LogPluginManager: Mounting plugin CableComponent
LogPluginManager: Mounting plugin CustomMeshComponent
LogPluginManager: Mounting plugin ExampleDeviceProfileSelector
LogPluginManager: Mounting plugin GoogleCloudMessaging
LogPluginManager: Mounting plugin ImmediatePhysics
LogPluginManager: Mounting plugin IOSDeviceProfileSelector
LogPluginManager: Mounting plugin LinuxDeviceProfileSelector
LogPluginManager: Mounting plugin LocationServicesBPLibrary
LogPluginManager: Mounting plugin MobilePatchingUtils
LogPluginManager: Mounting plugin OculusVR
LogPluginManager: Mounting plugin PhysXVehicles
LogPluginManager: Mounting plugin ProceduralMeshComponent
LogPluginManager: Mounting plugin RuntimePhysXCooking
LogPluginManager: Mounting plugin SteamVR
LogPluginManager: Mounting plugin WindowsMoviePlayer
LogInit: Using libcurl 7.47.1
LogInit:  - built for x86_64-pc-win32
LogInit:  - supports SSL with OpenSSL/1.0.2g
LogInit:  - supports HTTP deflate (compression) using libz 1.2.8
LogInit:  - other features:
LogInit:      CURL_VERSION_SSL
LogInit:      CURL_VERSION_LIBZ
LogInit:      CURL_VERSION_IPV6
LogInit:      CURL_VERSION_ASYNCHDNS
LogInit:      CURL_VERSION_LARGEFILE
LogInit:      CURL_VERSION_IDN
LogInit:  CurlRequestOptions (configurable via config and command line):
LogInit:  - bVerifyPeer = false  - Libcurl will NOT verify peer certificate
LogInit:  - bUseHttpProxy = false  - Libcurl will NOT use HTTP proxy
LogInit:  - bDontReuseConnections = false  - Libcurl will reuse connections
LogInit:  - CertBundlePath = nullptr  - Libcurl will use whatever was configured at build time.
LogInit: Build: ++UE4+Release-4.17-CL-3658906
LogInit: Engine Version: 4.17.2-3658906+++UE4+Release-4.17
LogInit: Compatible Engine Version: 4.17.0-3573198+++UE4+Release-4.17
LogInit: Net CL: 3573198
LogDevObjectVersion: Number of dev versions registered: 16
LogDevObjectVersion:   Dev-Blueprints (B0D832E4-1F89-4F0D-ACCF-7EB736FD4AA2): 10
LogDevObjectVersion:   Dev-Build (E1C64328-A22C-4D53-A36C-8E866417BD8C): 0
LogDevObjectVersion:   Dev-Core (375EC13C-06E4-48FB-B500-84F0262A717E): 2
LogDevObjectVersion:   Dev-Editor (E4B068ED-F494-42E9-A231-DA0B2E46BB41): 20
LogDevObjectVersion:   Dev-Framework (CFFC743F-43B0-4480-9391-14DF171D2073): 28
LogDevObjectVersion:   Dev-Mobile (B02B49B5-BB20-44E9-A304-32B752E40360): 0
LogDevObjectVersion:   Dev-Networking (A4E4105C-59A1-49B5-A7C5-40C4547EDFEE): 0
LogDevObjectVersion:   Dev-Online (39C831C9-5AE6-47DC-9A44-9C173E1C8E7C): 0
LogDevObjectVersion:   Dev-Physics (78F01B33-EBEA-4F98-B9B4-84EACCB95AA2): 0
LogDevObjectVersion:   Dev-Platform (6631380F-2D4D-43E0-8009-CF276956A95A): 0
LogDevObjectVersion:   Dev-Rendering (12F88B9F-8875-4AFC-A67C-D90C383ABD29): 19
LogDevObjectVersion:   Dev-Sequencer (7B5AE74C-D270-4C10-A958-57980B212A5A): 4
LogDevObjectVersion:   Dev-VR (D7296918-1DD6-4BDD-9DE2-64A83CC13884): 0
LogDevObjectVersion:   Dev-LoadTimes (C2A15278-BFE7-4AFE-6C17-90FF531DF755): 1
LogDevObjectVersion:   Private-Geometry (6EACA3D4-40EC-4CC1-B786-8BED09428FC5): 1
LogDevObjectVersion:   Dev-AnimPhys (29E575DD-E0A3-4627-9D10-D276232CDCEA): 7
LogInit: Compiled (64-bit): Sep 22 2017 13:47:16
LogInit: Compiled with Visual C++: 19.00.24215.01
LogInit: Build Configuration: Development
LogInit: Branch Name: ++UE4+Release-4.17
LogInit: Command line:  
LogInit: Base directory: D:/Games/Epic Games/UE_4.17/Engine/Binaries/Win64/
LogInit: Installed Engine Build: 1
LogInit: Presizing for max 8388607 objects, including 0 objects not considered by GC, pre-allocating 0 bytes for permanent pool.
LogInit: Object subsystem initialized
[2017.10.11-15.36.58:161][  0]LogInit: Selected Device Profile: [Windows]
[2017.10.11-15.36.58:161][  0]LogInit: Applying CVar settings loaded from the selected device profile: [Windows]
[2017.10.11-15.36.58:174][  0]LogInit: Computer: DESKTOP-6RSETCA
[2017.10.11-15.36.58:174][  0]LogInit: User: TwoRa
[2017.10.11-15.36.58:174][  0]LogInit: CPU Page size=4096, Cores=4
[2017.10.11-15.36.58:174][  0]LogInit: High frequency timer resolution =3.914067 MHz
[2017.10.11-15.36.58:175][  0]LogMemory: Memory total: Physical=31.9GB (32GB approx)
[2017.10.11-15.36.58:175][  0]LogMemory: Platform Memory Stats for Windows
[2017.10.11-15.36.58:175][  0]LogMemory: Process Physical Memory: 279.93 MB used, 279.93 MB peak
[2017.10.11-15.36.58:175][  0]LogMemory: Process Virtual Memory: 282.54 MB used, 282.54 MB peak
[2017.10.11-15.36.58:175][  0]LogMemory: Physical Memory: 12220.11 MB used,  20463.05 MB free, 32683.16 MB total
[2017.10.11-15.36.58:175][  0]LogMemory: Virtual Memory: 677.07 MB used,  20463.05 MB free, 134217728.00 MB total
[2017.10.11-15.36.58:465][  0]LogInit: Using OS detected language (en-US).
[2017.10.11-15.36.58:465][  0]LogInit: Using OS detected locale (en-US).
[2017.10.11-15.36.58:468][  0]LogTextLocalizationManager: No specific localization for 'en-US' exists, so the 'en' localization will be used.
[2017.10.11-15.36.59:055][  0]LogD3D11RHI: D3D11 adapters:
[2017.10.11-15.36.59:506][  0]LogD3D11RHI:    0. 'NVIDIA GeForce GTX 1080 Ti' (Feature Level 11_0)
[2017.10.11-15.36.59:506][  0]LogD3D11RHI:       11117/0/16341 MB DedicatedVideo/DedicatedSystem/SharedSystem, Outputs:2, VendorId:0x10de
[2017.10.11-15.36.59:507][  0]LogD3D11RHI:    1. 'Microsoft Basic Render Driver' (Feature Level 11_0)
[2017.10.11-15.36.59:507][  0]LogD3D11RHI:       0/0/16341 MB DedicatedVideo/DedicatedSystem/SharedSystem, Outputs:0, VendorId:0x1414
[2017.10.11-15.36.59:507][  0]LogD3D11RHI: Chosen D3D11 Adapter: 0
[2017.10.11-15.36.59:514][  0]LogD3D11RHI: Creating new Direct3DDevice
[2017.10.11-15.36.59:514][  0]LogD3D11RHI:     GPU DeviceId: 0x1b06 (for the marketing name, search the web for "GPU Device Id")
[2017.10.11-15.36.59:514][  0]LogWindows: EnumDisplayDevices:
[2017.10.11-15.36.59:514][  0]LogWindows:    0. 'NVIDIA GeForce GTX 1080 Ti' (P:1 D:1)
[2017.10.11-15.36.59:514][  0]LogWindows:    1. 'NVIDIA GeForce GTX 1080 Ti' (P:0 D:1)
[2017.10.11-15.36.59:514][  0]LogWindows:    2. 'NVIDIA GeForce GTX 1080 Ti' (P:0 D:0)
[2017.10.11-15.36.59:514][  0]LogWindows:    3. 'NVIDIA GeForce GTX 1080 Ti' (P:0 D:0)
[2017.10.11-15.36.59:514][  0]LogWindows: DebugString: FoundDriverCount:4 
[2017.10.11-15.36.59:514][  0]LogD3D11RHI:     Adapter Name: NVIDIA GeForce GTX 1080 Ti
[2017.10.11-15.36.59:514][  0]LogD3D11RHI:   Driver Version: 385.41 (internal:22.21.13.8541, unified:385.41)
[2017.10.11-15.36.59:514][  0]LogD3D11RHI:      Driver Date: 8-21-2017
[2017.10.11-15.36.59:514][  0]LogRHI: Texture pool is 1361 MB (70% of 1945 MB)
[2017.10.11-15.36.59:922][  0]LogD3D11RHI: Async texture creation enabled
[2017.10.11-15.36.59:948][  0]LogD3D11RHI: GPU Timing Frequency: 1000.000000 (Debug: 2 2)
[2017.10.11-15.36.59:991][  0]LogShaderCompilers: Guid format shader working directory is 24 characters bigger than the processId version (E:/GitHub/Cursed-Gems/Intermediate/Shaders/WorkingDirectory/31684/).
[2017.10.11-15.36.59:991][  0]LogShaderCompilers: Cleaned the shader compiler working directory 'C:/Users/TwoRa/AppData/Local/Temp/UnrealShaderWorkingDir/1BF930DE44434323628AAFAD6D037735/'.
[2017.10.11-15.36.59:991][  0]LogShaderCompilers: Display: Using Local Shader Compiler.
[2017.10.11-15.37.00:713][  0]LogTemp: Display: Loaded TP AllDesktopTargetPlatform
[2017.10.11-15.37.00:788][  0]LogTemp: Display: Loaded TP MacClientTargetPlatform
[2017.10.11-15.37.00:864][  0]LogTemp: Display: Loaded TP MacNoEditorTargetPlatform
[2017.10.11-15.37.00:939][  0]LogTemp: Display: Loaded TP MacServerTargetPlatform
[2017.10.11-15.37.01:016][  0]LogTemp: Display: Loaded TP MacTargetPlatform
[2017.10.11-15.37.01:093][  0]LogTemp: Display: Loaded TP WindowsClientTargetPlatform
[2017.10.11-15.37.01:173][  0]LogTemp: Display: Loaded TP WindowsNoEditorTargetPlatform
[2017.10.11-15.37.01:251][  0]LogTemp: Display: Loaded TP WindowsServerTargetPlatform
[2017.10.11-15.37.01:325][  0]LogTemp: Display: Loaded TP WindowsTargetPlatform
[2017.10.11-15.37.01:400][  0]LogTemp: Display: Loaded TP AndroidTargetPlatform
[2017.10.11-15.37.01:475][  0]LogTemp: Display: Loaded TP Android_ASTCTargetPlatform
[2017.10.11-15.37.01:550][  0]LogTemp: Display: Loaded TP Android_ATCTargetPlatform
[2017.10.11-15.37.01:625][  0]LogTemp: Display: Loaded TP Android_DXTTargetPlatform
[2017.10.11-15.37.01:700][  0]LogTemp: Display: Loaded TP Android_ETC1TargetPlatform
[2017.10.11-15.37.01:775][  0]LogTemp: Display: Loaded TP Android_ETC2TargetPlatform
[2017.10.11-15.37.01:927][  0]LogTemp: Display: Loaded TP Android_MultiTargetPlatform
[2017.10.11-15.37.01:927][  0]LogTemp: Display: Loaded TP Android_PVRTCTargetPlatform
[2017.10.11-15.37.01:996][  0]LogTemp: Display: Loaded TP HTML5TargetPlatform
[2017.10.11-15.37.02:132][  0]LogTemp: Display: Loaded TP IOSTargetPlatform
[2017.10.11-15.37.02:177][  0]LogTemp: Display: Loaded TP TVOSTargetPlatform
[2017.10.11-15.37.02:253][  0]LogTemp: Display: Loaded TP LinuxClientTargetPlatform
[2017.10.11-15.37.02:329][  0]LogTemp: Display: Loaded TP LinuxNoEditorTargetPlatform
[2017.10.11-15.37.02:403][  0]LogTemp: Display: Loaded TP LinuxServerTargetPlatform
[2017.10.11-15.37.02:479][  0]LogTemp: Display: Loaded TP LinuxTargetPlatform
[2017.10.11-15.37.02:479][  0]LogTargetPlatformManager: Display: Building Assets For Windows
[2017.10.11-15.37.03:333][  0]LogDerivedDataCache: Display: Max Cache Size: 512 MB
[2017.10.11-15.37.03:407][  0]LogDerivedDataCache: Loaded boot cache 0.07s 96MB C:/Users/TwoRa/AppData/Local/UnrealEngine/4.17/DerivedDataCache/Boot.ddc.
[2017.10.11-15.37.03:407][  0]LogDerivedDataCache: Display: Loaded Boot cache: C:/Users/TwoRa/AppData/Local/UnrealEngine/4.17/DerivedDataCache/Boot.ddc
[2017.10.11-15.37.03:407][  0]LogDerivedDataCache: FDerivedDataBackendGraph:  Pak pak cache file E:/GitHub/Cursed-Gems/DerivedDataCache/DDC.ddp not found, will not use a pak cache.
[2017.10.11-15.37.03:407][  0]LogDerivedDataCache: Unable to find inner node Pak for hierarchical cache Hierarchy.
[2017.10.11-15.37.03:407][  0]LogDerivedDataCache: FDerivedDataBackendGraph:  CompressedPak pak cache file E:/GitHub/Cursed-Gems/DerivedDataCache/Compressed.ddp not found, will not use a pak cache.
[2017.10.11-15.37.03:407][  0]LogDerivedDataCache: Unable to find inner node CompressedPak for hierarchical cache Hierarchy.
[2017.10.11-15.37.03:418][  0]LogDerivedDataCache: Display: Pak cache opened for reading ../../../Engine/DerivedDataCache/Compressed.ddp.
[2017.10.11-15.37.03:430][  0]LogDerivedDataCache: Using Local data cache path C:/Users/TwoRa/AppData/Local/UnrealEngine/Common/DerivedDataCache: Writable
[2017.10.11-15.37.03:465][  0]LogMaterial: Verifying Global Shaders for PCD3D_SM5
[2017.10.11-15.37.03:465][  0]LogSlate: Using Freetype 2.6.0
[2017.10.11-15.37.03:466][  0]LogSlate: SlateFontCache - WITH_FREETYPE: 1, WITH_HARFBUZZ: 1
[2017.10.11-15.37.03:466][  0]LogSlate: SlateFontCache - WITH_FREETYPE: 1, WITH_HARFBUZZ: 1
[2017.10.11-15.37.03:675][  0]LogAssetRegistry: FAssetRegistry took 0.0240 seconds to start up
[2017.10.11-15.37.03:785][  0]LogInit: Selected Device Profile: [Windows]
[2017.10.11-15.37.04:282][  0]LogSimplygon: Simplygon DLL not present - disabling.
[2017.10.11-15.37.04:351][  0]LogMeshReduction: Using SimplygonSwarm for distributed automatic mesh merging
[2017.10.11-15.37.04:351][  0]LogMeshReduction: Using QuadricMeshReduction for automatic static mesh reduction
[2017.10.11-15.37.04:351][  0]LogMeshReduction: No automatic skeletal mesh reduction module available
[2017.10.11-15.37.04:351][  0]LogMeshReduction: No automatic mesh merging module available
[2017.10.11-15.37.04:351][  0]LogMeshMerging: No automatic mesh merging module available
[2017.10.11-15.37.04:366][  0]LogContentStreaming: Texture pool size is 0.00 MB
[2017.10.11-15.37.04:896][  0]LogNetVersion: TheCursedGems , NetCL: 3573198, EngineNetVer: 2, GameNetVer: 0 (Checksum: 156434613)
[2017.10.11-15.37.05:132][  0]LogPackageLocalizationCache: Processed 5 localized package path(s) for 2 prioritized culture(s) in 0.037691 seconds
[2017.10.11-15.37.05:137][  0]LogUObjectArray: 35825 objects as part of root set at end of initial load.
[2017.10.11-15.37.05:137][  0]LogUObjectAllocator: 7529104 out of 0 bytes used by permanent object pool.
[2017.10.11-15.37.05:137][  0]LogUObjectArray: CloseDisregardForGC: 0/0 objects in disregard for GC pool
[2017.10.11-15.37.05:259][  0]LogInit: WinSock: version 1.1 (2.2), MaxSocks=32767, MaxUdp=65467
[2017.10.11-15.37.08:675][  0]LogSubstanceCoreModule: Substance [CPU] Engine Loaded, Max Texture Size = 2048
[2017.10.11-15.37.08:776][  0]LogTcpMessaging: Initializing TcpMessaging bridge
[2017.10.11-15.37.08:836][  0]LogUdpMessaging: Initializing bridge on interface 0.0.0.0:0 to multicast group 230.0.0.1:6666.
[2017.10.11-15.37.09:802][  0]LogMaterial: Uniform references updated for custom material expression Custom.
[2017.10.11-15.37.10:405][  0]SourceControl: Source control is disabled
[2017.10.11-15.37.10:405][  0]SourceControl: Source control is disabled
[2017.10.11-15.37.10:482][  0]SourceControl: Source control is disabled
[2017.10.11-15.37.10:561][  0]SourceControl: Source control is disabled
[2017.10.11-15.37.11:535][  0]LogAndroidPermission: UAndroidPermissionCallbackProxy::GetInstance
[2017.10.11-15.37.11:922][  0]LogOcInput: OculusInput pre-init called
[2017.10.11-15.37.13:019][  0]LogEngine: Initializing Engine...
[2017.10.11-15.37.18:444][  0]LogHMD: SteamVR initialized.  Driver: lighthouse  Display: LHR-4D9F54CC
[2017.10.11-15.37.19:087][  0]LogStats: UGameplayTagsManager::ConstructGameplayTagTree: Construct from data asset -  0.000 s
[2017.10.11-15.37.19:088][  0]LogStats: UGameplayTagsManager::ConstructGameplayTagTree: GameplayTagTreeChangedEvent.Broadcast -  0.000 s
[2017.10.11-15.37.19:323][  0]LogAIModule: Creating AISystem for world Untitled
[2017.10.11-15.37.19:339][  0]LogInit: XAudio2 using 'Dell S2716DG-0 (NVIDIA High Definition Audio)' : 2 channels at 48 kHz using 16 bits per sample (channel mask 0x3)
[2017.10.11-15.37.19:347][  0]LogInit: FAudioDevice initialized.
[2017.10.11-15.37.19:435][  0]LogDerivedDataCache: Saved boot cache 0.09s 110MB C:/Users/TwoRa/AppData/Local/UnrealEngine/4.17/DerivedDataCache/Boot.ddc.
[2017.10.11-15.37.19:452][  0]LogInit: Texture streaming: Enabled
[2017.10.11-15.37.19:670][  0]LogEngineSessionManager: EngineSessionManager initialized
[2017.10.11-15.37.20:070][  0]LogInit: Transaction tracking system initialized
[2017.10.11-15.37.20:659][  0]BlueprintLog: New page: Editor Load
[2017.10.11-15.37.22:319][  0]LocalizationService: Localization service is disabled
[2017.10.11-15.37.23:254][  0]LogLinker: Warning: Can't find file '/Game/AIBehaviorToolkit/TutorialBlueprint'
[2017.10.11-15.37.23:254][  0]LogLinker: Warning: Can't find file '/Game/AIBehaviorToolkit/TutorialBlueprint'
[2017.10.11-15.37.23:254][  0]LogUObjectGlobals: Warning: Failed to find object 'Class /Game/AIBehaviorToolkit/TutorialBlueprint.TutorialBlueprint_C'
[2017.10.11-15.37.23:567][  0]LogConsoleResponse: Display: 
[2017.10.11-15.37.23:777][  0]LogCook: Display: Max memory allowance for cook 16384mb min free memory 0mb
[2017.10.11-15.37.23:777][  0]LogCook: Display: Mobile HDR setting 1
[2017.10.11-15.37.23:777][  0]LogGameplayTags: Display: UGameplayTagsManager::DoneAddingNativeTags. DelegateIsBound: 0
[2017.10.11-15.37.24:719][  0]LogFileCache: Scanning file cache for directory 'E:/GitHub/Cursed-Gems/Content/' took 0.01s
[2017.10.11-15.37.25:691][  0]SourceControl: Source control is disabled
[2017.10.11-15.37.25:691][  0]Cmd: MAP LOAD FILE="E:/GitHub/Cursed-Gems/Content/ThirdPersonBP/Maps/ThirdPersonExampleMap.umap" TEMPLATE=0 SHOWPROGRESS=1 FEATURELEVEL=3
[2017.10.11-15.37.25:697][  0]LightingResults: New page: Lighting Build
[2017.10.11-15.37.25:773][  0]MapCheck: New page: Map Check
[2017.10.11-15.37.25:773][  0]LightingResults: New page: Lighting Build
[2017.10.11-15.37.27:937][  0]LogAIModule: Creating AISystem for world ThirdPersonExampleMap
[2017.10.11-15.37.28:163][  0]LogEditorServer: Finished looking for orphan Actors (0.000 secs)
[2017.10.11-15.37.28:177][  0]Cmd: MAP CHECKDEP NOCLEARLOG
[2017.10.11-15.37.28:243][  0]MapCheck: Map check complete: 0 Error(s), 0 Warning(s), took 64.831ms to complete.
[2017.10.11-15.37.28:243][  0]LogFileHelpers: Loading map 'ThirdPersonExampleMap' took 2.551
[2017.10.11-15.37.28:327][  0]LogWindowsTextInputMethodSystem: Display: IME system now deactivated.
[2017.10.11-15.37.28:328][  0]LogWindowsTextInputMethodSystem: Display: IME system now deactivated.
[2017.10.11-15.37.28:565][  0]LogCollectionManager: Loaded 0 collections in 0.001191 seconds
[2017.10.11-15.37.28:686][  0]LogFileCache: Scanning file cache for directory 'E:/GitHub/Cursed-Gems/Saved/Collections/' took 0.01s
[2017.10.11-15.37.28:687][  0]LogFileCache: Scanning file cache for directory 'E:/GitHub/Cursed-Gems/Content/Developers/TwoRa/Collections/' took 0.01s
[2017.10.11-15.37.28:687][  0]LogFileCache: Scanning file cache for directory 'E:/GitHub/Cursed-Gems/Content/Collections/' took 0.01s
[2017.10.11-15.37.28:687][  0]LogCollectionManager: Rebuilt the GUID cache for 0 collections in 0.000001 seconds
[2017.10.11-15.37.28:693][  0]LogContentBrowser: Native class hierarchy populated in 0.0061 seconds. Added 2401 classes and 508 folders.
[2017.10.11-15.37.28:817][  0]LogContentBrowser: Native class hierarchy updated for 'WidgetCarousel' in 0.0005 seconds. Added 0 classes and 0 folders.
[2017.10.11-15.37.28:857][  0]LogContentBrowser: Native class hierarchy updated for 'AddContentDialog' in 0.0004 seconds. Added 0 classes and 0 folders.
[2017.10.11-15.37.28:866][  0]LogSlate: Took 0.000241 seconds to synchronously load lazily loaded font '../../../Engine/Content/Slate/Fonts/Roboto-Regular.ttf' (155K)
[2017.10.11-15.37.28:869][  0]LogSlate: Took 0.000158 seconds to synchronously load lazily loaded font '../../../Engine/Content/Slate/Fonts/Roboto-Bold.ttf' (160K)
[2017.10.11-15.37.28:871][  0]LogSlate: Took 0.000167 seconds to synchronously load lazily loaded font '../../../Engine/Content/Editor/Slate/Fonts/FontAwesome.ttf' (139K)
[2017.10.11-15.37.28:943][  0]LogRenderer: Reallocating scene render targets to support 2044x976 Format 10 NumSamples 1 (Frame:1).
[2017.10.11-15.37.29:213][  0]LogContentBrowser: Native class hierarchy updated for 'HierarchicalLODOutliner' in 0.0005 seconds. Added 1 classes and 2 folders.
[2017.10.11-15.37.29:214][  0]LogLoad: (Engine Initialization) Total time: 32.88 seconds
[2017.10.11-15.37.29:214][  0]LogLoad: (Engine Initialization) Total Blueprint compile time: 0.00 seconds
[2017.10.11-15.37.29:214][  0]LogExternalProfiler: Found external profiler: VSPerf
[2017.10.11-15.37.29:214][  0]LogExternalProfiler: Using external profiler: VSPerf
[2017.10.11-15.37.29:245][  0]LogAssetRegistry: Asset discovery search completed in 25.5917 seconds
[2017.10.11-15.37.29:248][  0]LogCollectionManager: Rebuilt the object cache for 0 collections in 0.000001 seconds (found 0 objects)
[2017.10.11-15.37.29:248][  0]LogCollectionManager: Fixed up redirectors for 0 collections in 0.000146 seconds (updated 0 objects)
[2017.10.11-15.37.29:250][  0]LogContentStreaming: Texture pool size now 1000 MB
[2017.10.11-15.37.29:299][  0]LogSlate: Took 0.000199 seconds to synchronously load lazily loaded font '../../../Engine/Content/Slate/Fonts/Roboto-Light.ttf' (159K)
[2017.10.11-15.37.29:396][  3]LogStaticMesh: Allocated 287x64x64 distance field atlas = 2.2Mb, with 46 objects containing 1.5Mb backing data
[2017.10.11-16.31.51:781][ 50]LogTemp: Repeating last play command: Selected Viewport
[2017.10.11-16.31.51:817][ 50]LogBlueprintUserMessages: Early PlayInEditor Detection: Level '/Game/ThirdPersonBP/Maps/ThirdPersonExampleMap.ThirdPersonExampleMap:PersistentLevel' has LevelScriptBlueprint '/Game/ThirdPersonBP/Maps/ThirdPersonExampleMap.ThirdPersonExampleMap:PersistentLevel.ThirdPersonExampleMap' with GeneratedClass '/Game/ThirdPersonBP/Maps/ThirdPersonExampleMap.ThirdPersonExampleMap_C' with ClassGeneratedBy '/Game/ThirdPersonBP/Maps/ThirdPersonExampleMap.ThirdPersonExampleMap:PersistentLevel.ThirdPersonExampleMap'
[2017.10.11-16.31.51:827][ 50]LogPlayLevel: PlayLevel: No blueprints needed recompiling
[2017.10.11-16.31.51:827][ 50]PIE: New page: PIE session: ThirdPersonExampleMap (Oct 11, 2017, 2:31:51 AM)
[2017.10.11-16.31.51:828][ 50]LogPlayLevel: Creating play world package: /Game/ThirdPersonBP/Maps/UEDPIE_0_ThirdPersonExampleMap
[2017.10.11-16.31.52:199][ 50]LogPlayLevel: PIE: StaticDuplicateObject took: (0.371505s)
[2017.10.11-16.31.52:200][ 50]LogAIModule: Creating AISystem for world ThirdPersonExampleMap
[2017.10.11-16.31.52:200][ 50]LogPlayLevel: PIE: World Init took: (0.000802s)
[2017.10.11-16.31.52:200][ 50]LogPlayLevel: PIE: Created PIE world by copying editor world from /Game/ThirdPersonBP/Maps/ThirdPersonExampleMap.ThirdPersonExampleMap to /Game/ThirdPersonBP/Maps/UEDPIE_0_ThirdPersonExampleMap.ThirdPersonExampleMap (0.372860s)
[2017.10.11-16.31.52:219][ 50]LogInit: XAudio2 using 'Dell S2716DG-0 (NVIDIA High Definition Audio)' : 2 channels at 48 kHz using 16 bits per sample (channel mask 0x3)
[2017.10.11-16.31.52:225][ 50]LogInit: FAudioDevice initialized.
[2017.10.11-16.31.52:272][ 50]LogLoad: Game class is 'ThirdPersonGameMode_C'
[2017.10.11-16.31.52:295][ 50]LogWorld: Bringing World /Game/ThirdPersonBP/Maps/UEDPIE_0_ThirdPersonExampleMap.ThirdPersonExampleMap up for play (max tick rate 0) at 2017.10.11-09.31.52
[2017.10.11-16.31.52:304][ 50]LogWorld: Bringing up level for play took: 0.030992
[2017.10.11-16.31.55:220][ 50]LogContentBrowser: Native class hierarchy updated for 'MovieSceneCapture' in 0.0005 seconds. Added 11 classes and 0 folders.
[2017.10.11-16.31.55:221][ 50]PIE: Play in editor start time for /Game/ThirdPersonBP/Maps/UEDPIE_0_ThirdPersonExampleMap 3.246
[2017.10.11-16.31.55:222][ 50]LogBlueprintUserMessages: Late PlayInEditor Detection: Level '/Game/ThirdPersonBP/Maps/ThirdPersonExampleMap.ThirdPersonExampleMap:PersistentLevel' has LevelScriptBlueprint '/Game/ThirdPersonBP/Maps/ThirdPersonExampleMap.ThirdPersonExampleMap:PersistentLevel.ThirdPersonExampleMap' with GeneratedClass '/Game/ThirdPersonBP/Maps/ThirdPersonExampleMap.ThirdPersonExampleMap_C' with ClassGeneratedBy '/Game/ThirdPersonBP/Maps/ThirdPersonExampleMap.ThirdPersonExampleMap:PersistentLevel.ThirdPersonExampleMap'
[2017.10.11-16.31.55:268][ 51]LogRenderer: Reallocating scene render targets to support 3388x1616 Format 10 NumSamples 1 (Frame:1).
[2017.10.11-16.32.24:816][ 35]LogBlueprintUserMessages: [ThirdPersonCharacter_167] South
[2017.10.11-16.32.29:825][363]LogBlueprintUserMessages: [ThirdPersonCharacter_167] North
[2017.10.11-16.32.39:848][ 48]LogBlueprintUserMessages: [ThirdPersonCharacter_167] North
[2017.10.11-16.32.44:858][375]LogBlueprintUserMessages: [ThirdPersonCharacter_167] North
[2017.10.11-16.32.49:866][711]LogBlueprintUserMessages: [ThirdPersonCharacter_167] North
[2017.10.11-16.32.54:870][ 49]LogBlueprintUserMessages: [ThirdPersonCharacter_167] South
[2017.10.11-16.32.59:708][360]LogBlueprintUserMessages: [ThirdPersonCharacter_167] dead
[2017.10.11-16.32.59:874][370]LogBlueprintUserMessages: [ThirdPersonCharacter_167] South
[2017.10.11-16.33.00:002][378]LogBlueprintUserMessages: Early EndPlayMap Detection: Level '/Game/ThirdPersonBP/Maps/ThirdPersonExampleMap.ThirdPersonExampleMap:PersistentLevel' has LevelScriptBlueprint '/Game/ThirdPersonBP/Maps/ThirdPersonExampleMap.ThirdPersonExampleMap:PersistentLevel.ThirdPersonExampleMap' with GeneratedClass '/Game/ThirdPersonBP/Maps/ThirdPersonExampleMap.ThirdPersonExampleMap_C' with ClassGeneratedBy '/Game/ThirdPersonBP/Maps/ThirdPersonExampleMap.ThirdPersonExampleMap:PersistentLevel.ThirdPersonExampleMap'
[2017.10.11-16.33.00:048][378]LogBlueprintUserMessages: Late EndPlayMap Detection: Level '/Game/ThirdPersonBP/Maps/ThirdPersonExampleMap.ThirdPersonExampleMap:PersistentLevel' has LevelScriptBlueprint '/Game/ThirdPersonBP/Maps/ThirdPersonExampleMap.ThirdPersonExampleMap:PersistentLevel.ThirdPersonExampleMap' with GeneratedClass '/Game/ThirdPersonBP/Maps/ThirdPersonExampleMap.ThirdPersonExampleMap_C' with ClassGeneratedBy '/Game/ThirdPersonBP/Maps/ThirdPersonExampleMap.ThirdPersonExampleMap:PersistentLevel.ThirdPersonExampleMap'
[2017.10.11-16.34.14:137][800]LogTemp: Repeating last play command: Selected Viewport
[2017.10.11-16.34.14:148][800]LogBlueprintUserMessages: Early PlayInEditor Detection: Level '/Game/ThirdPersonBP/Maps/ThirdPersonExampleMap.ThirdPersonExampleMap:PersistentLevel' has LevelScriptBlueprint '/Game/ThirdPersonBP/Maps/ThirdPersonExampleMap.ThirdPersonExampleMap:PersistentLevel.ThirdPersonExampleMap' with GeneratedClass '/Game/ThirdPersonBP/Maps/ThirdPersonExampleMap.ThirdPersonExampleMap_C' with ClassGeneratedBy '/Game/ThirdPersonBP/Maps/ThirdPersonExampleMap.ThirdPersonExampleMap:PersistentLevel.ThirdPersonExampleMap'
[2017.10.11-16.34.14:148][800]LogPlayLevel: PlayLevel: No blueprints needed recompiling
[2017.10.11-16.34.14:149][800]PIE: New page: PIE session: ThirdPersonExampleMap (Oct 11, 2017, 2:34:14 AM)
[2017.10.11-16.34.14:149][800]LogPlayLevel: Creating play world package: /Game/ThirdPersonBP/Maps/UEDPIE_0_ThirdPersonExampleMap
[2017.10.11-16.34.14:234][800]LogPlayLevel: PIE: StaticDuplicateObject took: (0.085929s)
[2017.10.11-16.34.14:235][800]LogAIModule: Creating AISystem for world ThirdPersonExampleMap
[2017.10.11-16.34.14:235][800]LogPlayLevel: PIE: World Init took: (0.000763s)
[2017.10.11-16.34.14:236][800]LogPlayLevel: PIE: Created PIE world by copying editor world from /Game/ThirdPersonBP/Maps/ThirdPersonExampleMap.ThirdPersonExampleMap to /Game/ThirdPersonBP/Maps/UEDPIE_0_ThirdPersonExampleMap.ThirdPersonExampleMap (0.087164s)
[2017.10.11-16.34.14:253][800]LogInit: XAudio2 using 'Dell S2716DG-0 (NVIDIA High Definition Audio)' : 2 channels at 48 kHz using 16 bits per sample (channel mask 0x3)
[2017.10.11-16.34.14:258][800]LogInit: FAudioDevice initialized.
[2017.10.11-16.34.14:287][800]LogLoad: Game class is 'ThirdPersonGameMode_C'
[2017.10.11-16.34.14:310][800]LogWorld: Bringing World /Game/ThirdPersonBP/Maps/UEDPIE_0_ThirdPersonExampleMap.ThirdPersonExampleMap up for play (max tick rate 0) at 2017.10.11-09.34.14
[2017.10.11-16.34.14:315][800]LogWorld: Bringing up level for play took: 0.028101
[2017.10.11-16.34.14:318][800]PIE: Play in editor start time for /Game/ThirdPersonBP/Maps/UEDPIE_0_ThirdPersonExampleMap 0.342
[2017.10.11-16.34.14:318][800]LogBlueprintUserMessages: Late PlayInEditor Detection: Level '/Game/ThirdPersonBP/Maps/ThirdPersonExampleMap.ThirdPersonExampleMap:PersistentLevel' has LevelScriptBlueprint '/Game/ThirdPersonBP/Maps/ThirdPersonExampleMap.ThirdPersonExampleMap:PersistentLevel.ThirdPersonExampleMap' with GeneratedClass '/Game/ThirdPersonBP/Maps/ThirdPersonExampleMap.ThirdPersonExampleMap_C' with ClassGeneratedBy '/Game/ThirdPersonBP/Maps/ThirdPersonExampleMap.ThirdPersonExampleMap:PersistentLevel.ThirdPersonExampleMap'
[2017.10.11-16.34.24:871][491]LogBlueprintUserMessages: [ThirdPersonCharacter_167] North
[2017.10.11-16.34.34:893][142]LogBlueprintUserMessages: [ThirdPersonCharacter_167] South
[2017.10.11-16.34.39:777][462]LogBlueprintUserMessages: Early EndPlayMap Detection: Level '/Game/ThirdPersonBP/Maps/ThirdPersonExampleMap.ThirdPersonExampleMap:PersistentLevel' has LevelScriptBlueprint '/Game/ThirdPersonBP/Maps/ThirdPersonExampleMap.ThirdPersonExampleMap:PersistentLevel.ThirdPersonExampleMap' with GeneratedClass '/Game/ThirdPersonBP/Maps/ThirdPersonExampleMap.ThirdPersonExampleMap_C' with ClassGeneratedBy '/Game/ThirdPersonBP/Maps/ThirdPersonExampleMap.ThirdPersonExampleMap:PersistentLevel.ThirdPersonExampleMap'
[2017.10.11-16.34.39:819][462]LogBlueprintUserMessages: Late EndPlayMap Detection: Level '/Game/ThirdPersonBP/Maps/ThirdPersonExampleMap.ThirdPersonExampleMap:PersistentLevel' has LevelScriptBlueprint '/Game/ThirdPersonBP/Maps/ThirdPersonExampleMap.ThirdPersonExampleMap:PersistentLevel.ThirdPersonExampleMap' with GeneratedClass '/Game/ThirdPersonBP/Maps/ThirdPersonExampleMap.ThirdPersonExampleMap_C' with ClassGeneratedBy '/Game/ThirdPersonBP/Maps/ThirdPersonExampleMap.ThirdPersonExampleMap:PersistentLevel.ThirdPersonExampleMap'
[2017.10.11-16.34.43:595][906]LogEditorViewport: Clicking on Actor (LMB): ThirdPersonCharacter_C (ThirdPersonCharacter)
[2017.10.11-16.34.44:078][943]LogEditorViewport: Clicking on Actor (context menu): ThirdPersonCharacter_C (ThirdPersonCharacter)
[2017.10.11-16.34.45:143][ 31]LogSlate: Took 0.002984 seconds to synchronously load lazily loaded font '../../../Engine/Content/Slate/Fonts/Roboto-Light.ttf' (159K)
[2017.10.11-16.34.45:552][ 31]LogContentBrowser: Native class hierarchy updated for 'BlueprintGraph' in 0.0007 seconds. Added 113 classes and 0 folders.
[2017.10.11-16.34.46:123][ 31]LogSlate: Took 0.003130 seconds to synchronously load lazily loaded font '../../../Engine/Content/Editor/Slate/Fonts/Roboto-BoldCondensed.ttf' (158K)
[2017.10.11-16.34.46:466][ 32]LogSlate: Took 0.003167 seconds to synchronously load lazily loaded font '../../../Engine/Content/Editor/Slate/Fonts/Roboto-Italic.ttf' (157K)
[2017.10.11-16.34.46:517][ 34]LogStaticMesh: Allocated 321x64x64 distance field atlas = 2.5Mb, with 47 objects containing 1.7Mb backing data
[2017.10.11-16.49.45:539][661]Cmd: SELECT NONE
[2017.10.11-16.49.47:002][761]LogWindowsTextInputMethodSystem: Display: IME system now deactivated.
[2017.10.11-16.49.47:003][761]LogWindowsTextInputMethodSystem: Display: IME system now deactivated.
[2017.10.11-16.49.47:191][762]Cmd: QUIT_EDITOR
[2017.10.11-16.49.48:106][762]LogExit: Preparing to exit.
[2017.10.11-16.49.54:497][762]LogExit: Editor shut down
[2017.10.11-16.49.54:502][762]LogExit: Transaction tracking system shut down
[2017.10.11-16.49.54:760][762]LogDirectoryWatcher: A directory notification for '../../../Engine/Content/' was aborted.
[2017.10.11-16.49.54:760][762]LogDirectoryWatcher: A directory notification for 'E:/GitHub/Cursed-Gems/Content/' was aborted.
[2017.10.11-16.49.54:760][762]LogDirectoryWatcher: A directory notification for '../../../Engine/Plugins/2D/Paper2D/Content/' was aborted.
[2017.10.11-16.49.54:760][762]LogDirectoryWatcher: A directory notification for '../../../Engine/Plugins/Runtime/Oculus/OculusVR/Content/' was aborted.
[2017.10.11-16.49.54:760][762]LogDirectoryWatcher: A directory notification for '../../../Engine/Plugins/Runtime/Steam/SteamVR/Content/' was aborted.
[2017.10.11-16.49.54:844][762]LogExit: Object subsystem successfully closed.
[2017.10.11-16.49.54:855][762]LogD3D11RHI: Shutdown
[2017.10.11-16.49.54:856][762]LogD3D11RHI: CleanupD3DDevice
[2017.10.11-16.49.54:858][762]LogD3D11RHI: ~FD3D11DynamicRHI
[2017.10.11-16.49.54:899][762]LogModuleManager: Shutting down and abandoning module BlueprintGraph (542)
[2017.10.11-16.49.54:899][762]LogModuleManager: Shutting down and abandoning module BlueprintProfiler (540)
[2017.10.11-16.49.54:899][762]LogModuleManager: Shutting down and abandoning module MovieSceneCapture (538)
[2017.10.11-16.49.54:899][762]LogModuleManager: Shutting down and abandoning module HierarchicalLODOutliner (536)
[2017.10.11-16.49.54:899][762]LogModuleManager: Shutting down and abandoning module AddContentDialog (534)
[2017.10.11-16.49.54:899][762]LogDirectoryWatcher: A directory notification for 'D:/Games/Epic Games/UE_4.17/FeaturePacks/' was aborted.
[2017.10.11-16.49.54:900][762]LogModuleManager: Shutting down and abandoning module WidgetCarousel (533)
[2017.10.11-16.49.54:900][762]LogModuleManager: Shutting down and abandoning module EditorWidgets (530)
[2017.10.11-16.49.54:900][762]LogModuleManager: Shutting down and abandoning module CollectionManager (528)
[2017.10.11-16.49.54:900][762]LogDirectoryWatcher: A directory notification for 'E:/GitHub/Cursed-Gems/Content/Collections/' was aborted.
[2017.10.11-16.49.54:900][762]LogDirectoryWatcher: A directory notification for 'E:/GitHub/Cursed-Gems/Content/Developers/TwoRa/Collections/' was aborted.
[2017.10.11-16.49.54:900][762]LogDirectoryWatcher: A directory notification for 'E:/GitHub/Cursed-Gems/Saved/Collections/' was aborted.
[2017.10.11-16.49.54:900][762]LogModuleManager: Shutting down and abandoning module SceneOutliner (526)
[2017.10.11-16.49.54:900][762]LogModuleManager: Shutting down and abandoning module StatsViewer (524)
[2017.10.11-16.49.54:900][762]LogModuleManager: Shutting down and abandoning module FoliageEdit (522)
[2017.10.11-16.49.54:900][762]LogModuleManager: Shutting down and abandoning module LandscapeEditor (520)
[2017.10.11-16.49.54:900][762]LogModuleManager: Shutting down and abandoning module MeshPaintMode (518)
[2017.10.11-16.49.54:900][762]LogModuleManager: Shutting down and abandoning module SceneDepthPickerMode (516)
[2017.10.11-16.49.54:900][762]LogModuleManager: Shutting down and abandoning module ActorPickerMode (514)
[2017.10.11-16.49.54:900][762]LogModuleManager: Shutting down and abandoning module GeometryMode (512)
[2017.10.11-16.49.54:900][762]LogModuleManager: Shutting down and abandoning module TextureAlignMode (510)
[2017.10.11-16.49.54:900][762]LogModuleManager: Shutting down and abandoning module BspMode (508)
[2017.10.11-16.49.54:900][762]LogModuleManager: Shutting down and abandoning module PIEPreviewDeviceProfileSelector (506)
[2017.10.11-16.49.54:900][762]LogModuleManager: Shutting down and abandoning module HardwareSurvey (504)
[2017.10.11-16.49.54:900][762]LogModuleManager: Shutting down and abandoning module SequenceRecorderSections (502)
[2017.10.11-16.49.54:900][762]LogModuleManager: Shutting down and abandoning module AutomationWorker (500)
[2017.10.11-16.49.54:900][762]LogModuleManager: Shutting down and abandoning module MatineeToLevelSequence (498)
[2017.10.11-16.49.54:900][762]LogModuleManager: Shutting down and abandoning module LevelSequenceEditor (496)
[2017.10.11-16.49.54:900][762]LogModuleManager: Shutting down and abandoning module PlacementMode (495)
[2017.10.11-16.49.54:900][762]LogModuleManager: Shutting down and abandoning module WmfMediaFactory (492)
[2017.10.11-16.49.54:900][762]LogModuleManager: Shutting down and abandoning module WmfMediaEditor (490)
[2017.10.11-16.49.54:900][762]LogModuleManager: Shutting down and abandoning module AvfMediaFactory (488)
[2017.10.11-16.49.54:900][762]LogModuleManager: Shutting down and abandoning module AvfMediaEditor (486)
[2017.10.11-16.49.54:901][762]LogModuleManager: Shutting down and abandoning module AndroidMediaFactory (484)
[2017.10.11-16.49.54:901][762]LogModuleManager: Shutting down and abandoning module Media (483)
[2017.10.11-16.49.54:901][762]LogModuleManager: Shutting down and abandoning module AndroidMediaEditor (480)
[2017.10.11-16.49.54:901][762]LogModuleManager: Shutting down and abandoning module CharacterAI (478)
[2017.10.11-16.49.54:901][762]LogModuleManager: Shutting down and abandoning module AudioCapture (476)
[2017.10.11-16.49.54:901][762]LogModuleManager: Shutting down and abandoning module SequenceRecorder (475)
[2017.10.11-16.49.54:901][762]LogModuleManager: Shutting down and abandoning module SmartSnapping (472)
[2017.10.11-16.49.54:901][762]LogModuleManager: Shutting down and abandoning module SessionServices (470)
[2017.10.11-16.49.54:901][762]LogModuleManager: Shutting down and abandoning module ViewportSnapping (468)
[2017.10.11-16.49.54:901][762]LogModuleManager: Shutting down and abandoning module ViewportInteraction (466)
[2017.10.11-16.49.54:901][762]LogModuleManager: Shutting down and abandoning module ClothPainter (464)
[2017.10.11-16.49.54:901][762]LogModuleManager: Shutting down and abandoning module LogVisualizer (462)
[2017.10.11-16.49.54:901][762]LogModuleManager: Shutting down and abandoning module IntroTutorials (460)
[2017.10.11-16.49.54:901][762]LogModuleManager: Shutting down and abandoning module GameProjectGeneration (459)
[2017.10.11-16.49.54:901][762]LogModuleManager: Shutting down and abandoning module IOSPlatformEditor (456)
[2017.10.11-16.49.54:901][762]LogModuleManager: Shutting down and abandoning module HTML5PlatformEditor (454)
[2017.10.11-16.49.54:901][762]LogModuleManager: Shutting down and abandoning module AndroidPlatformEditor (452)
[2017.10.11-16.49.54:901][762]LogModuleManager: Shutting down and abandoning module AndroidDeviceDetection (451)
[2017.10.11-16.49.55:707][762]LogModuleManager: Shutting down and abandoning module WindowsPlatformEditor (448)
[2017.10.11-16.49.55:707][762]LogModuleManager: Shutting down and abandoning module IOSRuntimeSettings (446)
[2017.10.11-16.49.55:707][762]LogModuleManager: Shutting down and abandoning module AndroidRuntimeSettings (444)
[2017.10.11-16.49.55:707][762]LogModuleManager: Shutting down and abandoning module InputBindingEditor (442)
[2017.10.11-16.49.55:707][762]LogModuleManager: Shutting down and abandoning module MergeActors (440)
[2017.10.11-16.49.55:707][762]LogModuleManager: Shutting down and abandoning module SizeMap (438)
[2017.10.11-16.49.55:707][762]LogModuleManager: Shutting down and abandoning module TreeMap (436)
[2017.10.11-16.49.55:707][762]LogModuleManager: Shutting down and abandoning module ReferenceViewer (434)
[2017.10.11-16.49.55:707][762]LogModuleManager: Shutting down and abandoning module LocalizationDashboard (432)
[2017.10.11-16.49.55:707][762]LogModuleManager: Shutting down and abandoning module LocalizationService (431)
[2017.10.11-16.49.55:707][762]LogModuleManager: Shutting down and abandoning module HardwareTargeting (428)
[2017.10.11-16.49.55:707][762]LogModuleManager: Shutting down and abandoning module DeviceProfileEditor (426)
[2017.10.11-16.49.55:707][762]LogModuleManager: Shutting down and abandoning module UndoHistory (424)
[2017.10.11-16.49.55:708][762]LogModuleManager: Shutting down and abandoning module XmlParser (422)
[2017.10.11-16.49.55:708][762]LogModuleManager: Shutting down and abandoning module Blutility (420)
[2017.10.11-16.49.55:708][762]LogModuleManager: Shutting down and abandoning module ProjectSettingsViewer (418)
[2017.10.11-16.49.55:708][762]LogModuleManager: Shutting down and abandoning module ProjectTargetPlatformEditor (417)
[2017.10.11-16.49.55:708][762]LogModuleManager: Shutting down and abandoning module EditorSettingsViewer (414)
[2017.10.11-16.49.55:708][762]LogModuleManager: Shutting down and abandoning module SettingsEditor (412)
[2017.10.11-16.49.55:708][762]LogModuleManager: Shutting down and abandoning module ProjectLauncher (410)
[2017.10.11-16.49.55:708][762]LogModuleManager: Shutting down and abandoning module SessionFrontend (408)
[2017.10.11-16.49.55:708][762]LogModuleManager: Shutting down and abandoning module ProfilerClient (406)
[2017.10.11-16.49.55:708][762]LogModuleManager: Shutting down and abandoning module DeviceManager (404)
[2017.10.11-16.49.55:708][762]LogModuleManager: Shutting down and abandoning module TargetDeviceServices (403)
[2017.10.11-16.49.55:761][762]LogModuleManager: Shutting down and abandoning module AutomationController (400)
[2017.10.11-16.49.55:761][762]LogModuleManager: Shutting down and abandoning module AutomationWindow (398)
[2017.10.11-16.49.55:761][762]LogModuleManager: Shutting down and abandoning module Layers (396)
[2017.10.11-16.49.55:761][762]LogModuleManager: Shutting down and abandoning module ComponentVisualizers (394)
[2017.10.11-16.49.55:761][762]LogModuleManager: Shutting down and abandoning module DetailCustomizations (392)
[2017.10.11-16.49.55:761][762]LogModuleManager: Shutting down and abandoning module PackagesDialog (390)
[2017.10.11-16.49.55:761][762]LogModuleManager: Shutting down and abandoning module Persona (388)
[2017.10.11-16.49.55:761][762]LogModuleManager: Shutting down and abandoning module AdvancedPreviewScene (387)
[2017.10.11-16.49.55:761][762]LogModuleManager: Shutting down and abandoning module AnimGraph (385)
[2017.10.11-16.49.55:761][762]LogModuleManager: Shutting down and abandoning module Kismet (382)
[2017.10.11-16.49.55:765][762]LogModuleManager: Shutting down and abandoning module ClassViewer (380)
[2017.10.11-16.49.55:765][762]LogModuleManager: Shutting down and abandoning module Toolbox (378)
[2017.10.11-16.49.55:765][762]LogModuleManager: Shutting down and abandoning module ModuleUI (376)
[2017.10.11-16.49.55:765][762]LogModuleManager: Shutting down and abandoning module MovieSceneTools (374)
[2017.10.11-16.49.55:765][762]LogModuleManager: Shutting down and abandoning module OutputLog (372)
[2017.10.11-16.49.55:766][762]LogModuleManager: Shutting down and abandoning module GammaUI (370)
[2017.10.11-16.49.55:766][762]LogModuleManager: Shutting down and abandoning module Documentation (368)
[2017.10.11-16.49.55:766][762]LogModuleManager: Shutting down and abandoning module MovieSceneTracks (366)
[2017.10.11-16.49.55:766][762]LogModuleManager: Shutting down and abandoning module MovieScene (364)
[2017.10.11-16.49.55:766][762]LogModuleManager: Shutting down and abandoning module Niagara (362)
[2017.10.11-16.49.55:766][762]LogModuleManager: Shutting down and abandoning module NiagaraEditor (361)
[2017.10.11-16.49.55:766][762]LogModuleManager: Shutting down and abandoning module StreamingPauseRendering (358)
[2017.10.11-16.49.55:766][762]LogModuleManager: Shutting down and abandoning module LauncherPlatform (356)
[2017.10.11-16.49.55:766][762]LogModuleManager: Shutting down and abandoning module AnalyticsET (354)
[2017.10.11-16.49.55:766][762]LogModuleManager: Shutting down and abandoning module PortalServices (352)
[2017.10.11-16.49.55:766][762]LogModuleManager: Shutting down and abandoning module PortalRpc (350)
[2017.10.11-16.49.55:766][762]LogModuleManager: Shutting down and abandoning module MessagingRpc (348)
[2017.10.11-16.49.55:766][762]LogModuleManager: Shutting down and abandoning module AIModule (346)
[2017.10.11-16.49.55:766][762]LogModuleManager: Shutting down and abandoning module GameplayDebugger (345)
[2017.10.11-16.49.55:766][762]LogModuleManager: Shutting down and abandoning module AITestSuite (343)
[2017.10.11-16.49.55:766][762]LogModuleManager: Shutting down and abandoning module ProfilerService (340)
[2017.10.11-16.49.55:894][762]LogModuleManager: Shutting down and abandoning module TaskGraph (338)
[2017.10.11-16.49.55:894][762]LogModuleManager: Shutting down and abandoning module SubstanceSource (336)
[2017.10.11-16.49.55:906][762]LogModuleManager: Shutting down and abandoning module SubstanceEditor (334)
[2017.10.11-16.49.55:914][762]LogModuleManager: Shutting down and abandoning module SteamVRController (332)
[2017.10.11-16.49.55:914][762]LogModuleManager: Shutting down and abandoning module ProceduralMeshComponentEditor (330)
[2017.10.11-16.49.55:914][762]LogModuleManager: Shutting down and abandoning module ProceduralMeshComponent (328)
[2017.10.11-16.49.55:914][762]LogModuleManager: Shutting down and abandoning module OculusInput (326)
[2017.10.11-16.49.55:914][762]LogModuleManager: Shutting down and abandoning module MobilePatchingUtils (324)
[2017.10.11-16.49.55:915][762]LogModuleManager: Shutting down and abandoning module CustomMeshComponent (322)
[2017.10.11-16.49.55:915][762]LogModuleManager: Shutting down and abandoning module CableComponent (320)
[2017.10.11-16.49.55:915][762]LogModuleManager: Shutting down and abandoning module ArchVisCharacter (318)
[2017.10.11-16.49.55:915][762]LogModuleManager: Shutting down and abandoning module AndroidPermission (316)
[2017.10.11-16.49.55:915][762]LogModuleManager: Shutting down and abandoning module MediaPlayerEditor (312)
[2017.10.11-16.49.55:915][762]LogModuleManager: Shutting down and abandoning module HTML5Networking (310)
[2017.10.11-16.49.55:915][762]LogModuleManager: Shutting down and abandoning module AlembicImporter (308)
[2017.10.11-16.49.55:915][762]LogModuleManager: Shutting down and abandoning module AlembicLibrary (307)
[2017.10.11-16.49.55:915][762]LogModuleManager: Shutting down and abandoning module GeometryCache (306)
[2017.10.11-16.49.55:915][762]LogModuleManager: Shutting down and abandoning module GeometryCacheEd (305)
[2017.10.11-16.49.55:916][762]LogModuleManager: Shutting down and abandoning module SpeedTreeImporter (300)
[2017.10.11-16.49.55:916][762]LogModuleManager: Shutting down and abandoning module PluginBrowser (298)
[2017.10.11-16.49.55:916][762]LogModuleManager: Shutting down and abandoning module MobileLauncherProfileWizard (296)
[2017.10.11-16.49.55:916][762]LogModuleManager: Shutting down and abandoning module VisualStudioSourceCodeAccess (294)
[2017.10.11-16.49.55:916][762]LogModuleManager: Shutting down and abandoning module DesktopPlatform (293)
[2017.10.11-16.49.55:916][762]LogModuleManager: Shutting down and abandoning module UObjectPlugin (290)
[2017.10.11-16.49.55:916][762]LogModuleManager: Shutting down and abandoning module SubversionSourceControl (288)
[2017.10.11-16.49.55:916][762]LogModuleManager: Shutting down and abandoning module PerforceSourceControl (286)
[2017.10.11-16.49.55:916][762]LogModuleManager: Shutting down and abandoning module GitSourceControl (284)
[2017.10.11-16.49.55:916][762]LogModuleManager: Shutting down and abandoning module SourceControl (283)
[2017.10.11-16.49.55:916][762]LogModuleManager: Shutting down and abandoning module LightPropagationVolumeEditor (280)
[2017.10.11-16.49.55:916][762]LogModuleManager: Shutting down and abandoning module PaperTiledImporter (278)
[2017.10.11-16.49.55:916][762]LogModuleManager: Shutting down and abandoning module PaperSpriteSheetImporter (276)
[2017.10.11-16.49.55:916][762]LogModuleManager: Shutting down and abandoning module Paper2DEditor (274)
[2017.10.11-16.49.55:916][762]LogModuleManager: Shutting down and abandoning module MeshPaint (273)
[2017.10.11-16.49.55:917][762]LogModuleManager: Shutting down and abandoning module LevelEditor (271)
[2017.10.11-16.49.55:918][762]LogModuleManager: Shutting down and abandoning module PixelInspectorModule (270)
[2017.10.11-16.49.55:918][762]LogModuleManager: Shutting down and abandoning module MainFrame (268)
[2017.10.11-16.49.55:918][762]LogModuleManager: Shutting down and abandoning module HotReload (267)
[2017.10.11-16.49.55:919][762]LogModuleManager: Shutting down and abandoning module RuntimePhysXCooking (262)
[2017.10.11-16.49.55:919][762]LogModuleManager: Shutting down and abandoning module PhysXVehiclesEditor (260)
[2017.10.11-16.49.55:919][762]LogModuleManager: Shutting down and abandoning module PhysXVehicles (258)
[2017.10.11-16.49.55:919][762]LogModuleManager: Shutting down and abandoning module OculusEditor (256)
[2017.10.11-16.49.55:919][762]LogModuleManager: Shutting down and abandoning module LocationServicesBPLibrary (254)
[2017.10.11-16.49.55:919][762]LogModuleManager: Shutting down and abandoning module ImmediatePhysicsEditor (252)
[2017.10.11-16.49.55:919][762]LogModuleManager: Shutting down and abandoning module ImmediatePhysics (250)
[2017.10.11-16.49.55:919][762]LogModuleManager: Shutting down and abandoning module UdpMessaging (248)
[2017.10.11-16.49.56:019][762]LogModuleManager: Shutting down and abandoning module TcpMessaging (246)
[2017.10.11-16.49.56:120][762]LogModuleManager: Shutting down and abandoning module SubstanceCore (244)
[2017.10.11-16.49.56:120][762]LogModuleManager: Shutting down and abandoning module GameplayTagsEditor (242)
[2017.10.11-16.49.56:120][762]LogModuleManager: Shutting down and abandoning module FacialAnimationEditor (240)
[2017.10.11-16.49.56:120][762]LogModuleManager: Shutting down and abandoning module FacialAnimation (238)
[2017.10.11-16.49.56:120][762]LogModuleManager: Shutting down and abandoning module AssetManagerEditor (236)
[2017.10.11-16.49.56:120][762]LogModuleManager: Shutting down and abandoning module GraphEditor (235)
[2017.10.11-16.49.56:120][762]LogModuleManager: Shutting down and abandoning module ContentBrowser (233)
[2017.10.11-16.49.56:121][762]LogModuleManager: Shutting down and abandoning module LightPropagationVolumeRuntime (230)
[2017.10.11-16.49.56:121][762]LogModuleManager: Shutting down and abandoning module Paper2D (228)
[2017.10.11-16.49.56:121][762]LogModuleManager: Shutting down and abandoning module WindowsMoviePlayer (226)
[2017.10.11-16.49.56:121][762]LogModuleManager: Shutting down and abandoning module WmfMedia (224)
[2017.10.11-16.49.56:121][762]LogModuleManager: Shutting down and abandoning module PacketHandler (222)
[2017.10.11-16.49.56:121][762]LogModuleManager: Shutting down and abandoning module ClothingSystemEditor (220)
[2017.10.11-16.49.56:121][762]LogModuleManager: Shutting down and abandoning module ClothingSystemRuntime (218)
[2017.10.11-16.49.56:121][762]LogModuleManager: Shutting down and abandoning module Overlay (216)
[2017.10.11-16.49.56:121][762]LogModuleManager: Shutting down and abandoning module OverlayEditor (215)
[2017.10.11-16.49.56:121][762]LogModuleManager: Shutting down and abandoning module MediaAssets (212)
[2017.10.11-16.49.56:121][762]LogModuleManager: Shutting down and abandoning module VREditor (210)
[2017.10.11-16.49.56:121][762]LogModuleManager: Shutting down and abandoning module StringTableEditor (208)
[2017.10.11-16.49.56:121][762]LogModuleManager: Shutting down and abandoning module GameplayTasksEditor (206)
[2017.10.11-16.49.56:121][762]LogModuleManager: Shutting down and abandoning module BehaviorTreeEditor (204)
[2017.10.11-16.49.56:121][762]LogModuleManager: Shutting down and abandoning module FunctionalTesting (202)
[2017.10.11-16.49.56:121][762]LogModuleManager: Shutting down and abandoning module CollisionAnalyzer (200)
[2017.10.11-16.49.56:121][762]LogModuleManager: Shutting down and abandoning module WorkspaceMenuStructure (199)
[2017.10.11-16.49.56:121][762]LogModuleManager: Shutting down and abandoning module UMG (196)
[2017.10.11-16.49.56:121][762]LogModuleManager: Shutting down and abandoning module UMGEditor (195)
[2017.10.11-16.49.56:121][762]LogModuleManager: Shutting down and abandoning module Sequencer (194)
[2017.10.11-16.49.56:122][762]LogModuleManager: Shutting down and abandoning module MessageLog (191)
[2017.10.11-16.49.56:122][762]LogModuleManager: Shutting down and abandoning module SlateReflector (186)
[2017.10.11-16.49.56:122][762]LogModuleManager: Shutting down and abandoning module Slate (184)
[2017.10.11-16.49.56:122][762]LogModuleManager: Shutting down and abandoning module EditorStyle (182)
[2017.10.11-16.49.56:124][762]LogModuleManager: Shutting down and abandoning module MRMesh (180)
[2017.10.11-16.49.56:124][762]LogModuleManager: Shutting down and abandoning module SourceCodeAccess (178)
[2017.10.11-16.49.56:124][762]LogModuleManager: Shutting down and abandoning module HeadMountedDisplay (176)
[2017.10.11-16.49.56:124][762]LogModuleManager: Shutting down and abandoning module XAudio2 (174)
[2017.10.11-16.49.56:124][762]LogModuleManager: Shutting down and abandoning module Networking (172)
[2017.10.11-16.49.56:124][762]LogModuleManager: Shutting down and abandoning module Core (168)
[2017.10.11-16.49.56:124][762]LogModuleManager: Shutting down and abandoning module KismetCompiler (164)
[2017.10.11-16.49.56:124][762]LogModuleManager: Shutting down and abandoning module LevelSequence (162)
[2017.10.11-16.49.56:124][762]LogModuleManager: Shutting down and abandoning module MeshUtilities (160)
[2017.10.11-16.49.56:124][762]LogModuleManager: Shutting down and abandoning module MeshMergeUtilities (159)
[2017.10.11-16.49.56:124][762]LogModuleManager: Shutting down and abandoning module MeshReductionInterface (158)
[2017.10.11-16.49.56:124][762]LogModuleManager: Shutting down and abandoning module SimplygonSwarm (157)
[2017.10.11-16.49.56:124][762]LogModuleManager: Shutting down and abandoning module SimplygonMeshReduction (155)
[2017.10.11-16.49.56:124][762]LogModuleManager: Shutting down and abandoning module QuadricMeshReduction (153)
[2017.10.11-16.49.56:124][762]LogModuleManager: Shutting down and abandoning module MaterialBaking (149)
[2017.10.11-16.49.56:124][762]LogModuleManager: Shutting down and abandoning module DirectoryWatcher (146)
[2017.10.11-16.49.56:125][762]LogModuleManager: Shutting down and abandoning module DerivedDataCache (144)
[2017.10.11-16.49.56:153][762]LogDerivedDataCache: Shutdown
[2017.10.11-16.49.56:154][762]LogModuleManager: Shutting down and abandoning module TargetPlatform (142)
[2017.10.11-16.49.56:154][762]LogModuleManager: Shutting down and abandoning module VulkanShaderFormat (141)
[2017.10.11-16.49.56:154][762]LogModuleManager: Shutting down and abandoning module ShaderFormatVectorVM (139)
[2017.10.11-16.49.56:154][762]LogModuleManager: Shutting down and abandoning module ShaderFormatOpenGL (137)
[2017.10.11-16.49.56:154][762]LogModuleManager: Shutting down and abandoning module ShaderFormatD3D (135)
[2017.10.11-16.49.56:154][762]LogModuleManager: Shutting down and abandoning module MetalShaderFormat (133)
[2017.10.11-16.49.56:154][762]LogModuleManager: Shutting down and abandoning module TextureFormatUncompressed (131)
[2017.10.11-16.49.56:154][762]LogModuleManager: Shutting down and abandoning module TextureFormatPVR (129)
[2017.10.11-16.49.56:154][762]LogModuleManager: Shutting down and abandoning module TextureFormatDXT (127)
[2017.10.11-16.49.56:154][762]LogModuleManager: Shutting down and abandoning module TextureFormatIntelISPCTexComp (125)
[2017.10.11-16.49.56:154][762]LogModuleManager: Shutting down and abandoning module TextureFormatASTC (123)
[2017.10.11-16.49.56:154][762]LogModuleManager: Shutting down and abandoning module ImageWrapper (122)
[2017.10.11-16.49.56:154][762]LogModuleManager: Shutting down and abandoning module TextureFormatAndroid (119)
[2017.10.11-16.49.56:154][762]LogModuleManager: Shutting down and abandoning module AudioFormatOpus (117)
[2017.10.11-16.49.56:154][762]LogModuleManager: Shutting down and abandoning module AudioFormatOgg (115)
[2017.10.11-16.49.56:154][762]LogModuleManager: Shutting down and abandoning module AudioFormatADPCM (113)
[2017.10.11-16.49.56:154][762]LogModuleManager: Shutting down and abandoning module LinuxTargetPlatform (111)
[2017.10.11-16.49.56:154][762]LogModuleManager: Shutting down and abandoning module LinuxServerTargetPlatform (109)
[2017.10.11-16.49.56:154][762]LogModuleManager: Shutting down and abandoning module LinuxNoEditorTargetPlatform (107)
[2017.10.11-16.49.56:154][762]LogModuleManager: Shutting down and abandoning module LinuxClientTargetPlatform (105)
[2017.10.11-16.49.56:154][762]LogModuleManager: Shutting down and abandoning module TVOSTargetPlatform (103)
[2017.10.11-16.49.56:154][762]LogModuleManager: Shutting down and abandoning module Messaging (101)
[2017.10.11-16.49.56:154][762]LogModuleManager: Shutting down and abandoning module IOSTargetPlatform (99)
[2017.10.11-16.49.56:154][762]LogModuleManager: Shutting down and abandoning module HTML5TargetPlatform (97)
[2017.10.11-16.49.56:154][762]LogModuleManager: Shutting down and abandoning module Android_PVRTCTargetPlatform (95)
[2017.10.11-16.49.56:154][762]LogModuleManager: Shutting down and abandoning module Android_MultiTargetPlatform (93)
[2017.10.11-16.49.56:154][762]LogModuleManager: Shutting down and abandoning module Android_ETC2TargetPlatform (91)
[2017.10.11-16.49.56:154][762]LogModuleManager: Shutting down and abandoning module Android_ETC1TargetPlatform (89)
[2017.10.11-16.49.56:154][762]LogModuleManager: Shutting down and abandoning module Android_DXTTargetPlatform (87)
[2017.10.11-16.49.56:154][762]LogModuleManager: Shutting down and abandoning module Android_ATCTargetPlatform (85)
[2017.10.11-16.49.56:154][762]LogModuleManager: Shutting down and abandoning module Android_ASTCTargetPlatform (83)
[2017.10.11-16.49.56:154][762]LogModuleManager: Shutting down and abandoning module AndroidTargetPlatform (81)
[2017.10.11-16.49.56:154][762]LogModuleManager: Shutting down and abandoning module WindowsTargetPlatform (79)
[2017.10.11-16.49.56:154][762]LogModuleManager: Shutting down and abandoning module WindowsServerTargetPlatform (77)
[2017.10.11-16.49.56:154][762]LogModuleManager: Shutting down and abandoning module WindowsNoEditorTargetPlatform (75)
[2017.10.11-16.49.56:154][762]LogModuleManager: Shutting down and abandoning module WindowsClientTargetPlatform (73)
[2017.10.11-16.49.56:154][762]LogModuleManager: Shutting down and abandoning module MacTargetPlatform (71)
[2017.10.11-16.49.56:154][762]LogModuleManager: Shutting down and abandoning module MacServerTargetPlatform (69)
[2017.10.11-16.49.56:154][762]LogModuleManager: Shutting down and abandoning module MacNoEditorTargetPlatform (67)
[2017.10.11-16.49.56:154][762]LogModuleManager: Shutting down and abandoning module MacClientTargetPlatform (65)
[2017.10.11-16.49.56:154][762]LogModuleManager: Shutting down and abandoning module AllDesktopTargetPlatform (63)
[2017.10.11-16.49.56:154][762]LogModuleManager: Shutting down and abandoning module InputCore (60)
[2017.10.11-16.49.56:154][762]LogModuleManager: Shutting down and abandoning module Settings (58)
[2017.10.11-16.49.56:154][762]LogModuleManager: Shutting down and abandoning module PhysXCooking (56)
[2017.10.11-16.49.56:154][762]LogModuleManager: Shutting down and abandoning module SteamVR (54)
[2017.10.11-16.49.56:154][762]LogModuleManager: Shutting down and abandoning module OculusHMD (52)
[2017.10.11-16.49.56:154][762]LogModuleManager: Shutting down and abandoning module ExampleDeviceProfileSelector (50)
[2017.10.11-16.49.56:154][762]LogModuleManager: Shutting down and abandoning module OnlineBlueprintSupport (48)
[2017.10.11-16.49.56:154][762]LogModuleManager: Shutting down and abandoning module OnlineSubsystem (44)
[2017.10.11-16.49.56:154][762]LogOnline: Display: Unloading online subsystem: NULL
[2017.10.11-16.49.56:154][762]LogModuleManager: Shutting down and abandoning module XMPP (43)
[2017.10.11-16.49.56:154][762]LogModuleManager: Shutting down and abandoning module HTTP (41)
[2017.10.11-16.49.56:155][762]LogHttp: Display: Http module shutting down, but needs to wait on 1 outstanding Http requests:
[2017.10.11-16.49.56:155][762]LogHttp: Display: 	verb=[POST] url=[https://datarouter.ol.epicgames.com/datarouter/api/v1/public/data?SessionID=%7BAE365305-45AA-A78A-5913-858BA125A5F8%7D&AppID=UEEditor.Rocket.Release&AppVersion=4.17.2-3658906%2B%2B%2BUE4%2BRelease-4.17&UserID=4f9a31eb465b59bba91b809ce6dd67f4%7C75c1c2afaaa046a6bf4e2e41d6b1ae43%7Ce492ed58-4560-4c0d-897b-6986ff505c78&AppEnvironment=datacollector-binary&UploadType=eteventstream] status=Processing
[2017.10.11-16.49.56:165][762]LogModuleManager: Shutting down and abandoning module SSL (40)
[2017.10.11-16.49.56:166][762]LogModuleManager: Shutting down and abandoning module AnimationModifiers (36)
[2017.10.11-16.49.56:166][762]LogModuleManager: Shutting down and abandoning module PropertyEditor (35)
[2017.10.11-16.49.56:167][762]LogModuleManager: Shutting down and abandoning module AudioEditor (32)
[2017.10.11-16.49.56:167][762]LogModuleManager: Shutting down and abandoning module TextureCompressor (30)
[2017.10.11-16.49.56:167][762]LogModuleManager: Shutting down and abandoning module ShaderCore (28)
[2017.10.11-16.49.56:167][762]LogModuleManager: Shutting down and abandoning module Landscape (26)
[2017.10.11-16.49.56:167][762]LogModuleManager: Shutting down and abandoning module SlateRHIRenderer (24)
[2017.10.11-16.49.56:167][762]LogModuleManager: Shutting down and abandoning module OpenGLDrv (22)
[2017.10.11-16.49.56:167][762]LogModuleManager: Shutting down and abandoning module D3D11RHI (20)
[2017.10.11-16.49.56:167][762]LogModuleManager: Shutting down and abandoning module AnimGraphRuntime (18)
[2017.10.11-16.49.56:167][762]LogModuleManager: Shutting down and abandoning module Renderer (16)
[2017.10.11-16.49.56:167][762]LogModuleManager: Shutting down and abandoning module Engine (14)
[2017.10.11-16.49.56:167][762]LogModuleManager: Shutting down and abandoning module CoreUObject (12)
[2017.10.11-16.49.56:167][762]LogModuleManager: Shutting down and abandoning module NetworkFile (10)
[2017.10.11-16.49.56:167][762]LogModuleManager: Shutting down and abandoning module CookedIterativeFile (8)
[2017.10.11-16.49.56:167][762]LogModuleManager: Shutting down and abandoning module StreamingFile (6)
[2017.10.11-16.49.56:167][762]LogModuleManager: Shutting down and abandoning module SandboxFile (4)
[2017.10.11-16.49.56:167][762]LogModuleManager: Shutting down and abandoning module PakFile (2)
[2017.10.11-16.49.56:169][762]LogExit: Exiting.
[2017.10.11-16.49.56:178][762]Log file closed, 10/11/17 09:49:56
