Log file open, 10/27/17 01:15:47
LogWindows: LoadLibraryWithSearchPaths failed for file aqProf.dll. GetLastError=0
LogWindows: LoadLibraryWithSearchPaths failed for file VtuneApi.dll. GetLastError=0
LogWindows: LoadLibraryWithSearchPaths failed for file VtuneApi32e.dll. GetLastError=0
LogInit: Display: Running engine for game: TheCursedGems
LogPlatformFile: Not using cached read wrapper
LogInit: Display: RandInit(1072949914) SRandInit(1072949914).
LogTaskGraph: Started task graph with 5 named threads and 20 total threads with 3 sets of task threads.
LogStats: Stats thread started at 0.221901
LogD3D11RHI: Aftermath initialized
LogPluginManager: Mounting plugin Paper2D
LogPluginManager: Mounting plugin LightPropagationVolume
LogPluginManager: Mounting plugin CodeLiteSourceCodeAccess
LogPluginManager: Mounting plugin GitSourceControl
LogPluginManager: Mounting plugin KDevelopSourceCodeAccess
LogPluginManager: Mounting plugin NullSourceCodeAccess
LogPluginManager: Mounting plugin PerforceSourceControl
LogPluginManager: Mounting plugin SubversionSourceControl
LogPluginManager: Mounting plugin UObjectPlugin
LogPluginManager: Mounting plugin VisualStudioSourceCodeAccess
LogPluginManager: Mounting plugin XCodeSourceCodeAccess
LogPluginManager: Mounting plugin AssetManagerEditor
LogPluginManager: Mounting plugin AudioCapture
LogPluginManager: Mounting plugin FacialAnimation
LogPluginManager: Mounting plugin GameplayTagsEditor
LogPluginManager: Mounting plugin MobileLauncherProfileWizard
LogPluginManager: Mounting plugin PluginBrowser
LogPluginManager: Mounting plugin SpeedTreeImporter
LogPluginManager: Mounting plugin AlembicImporter
LogPluginManager: Mounting plugin CharacterAI
LogPluginManager: Mounting plugin HTML5Networking
LogPluginManager: Mounting plugin Substance
LogPluginManager: Mounting plugin AndroidMedia
LogPluginManager: Mounting plugin AvfMedia
LogPluginManager: Mounting plugin MediaPlayerEditor
LogPluginManager: Mounting plugin WmfMedia
LogPluginManager: Mounting plugin TcpMessaging
LogPluginManager: Mounting plugin UdpMessaging
LogPluginManager: Mounting plugin LevelSequenceEditor
LogPluginManager: Mounting plugin MatineeToLevelSequence
LogPluginManager: Mounting plugin OnlineSubsystemGooglePlay
LogPluginManager: Mounting plugin OnlineSubsystemIOS
LogPluginManager: Mounting plugin OnlineSubsystem
LogPluginManager: Mounting plugin OnlineSubsystemNull
LogPluginManager: Mounting plugin OnlineSubsystemUtils
LogPluginManager: Mounting plugin AndroidDeviceProfileSelector
LogPluginManager: Mounting plugin AndroidMoviePlayer
LogPluginManager: Mounting plugin AndroidPermission
LogPluginManager: Mounting plugin AppleMoviePlayer
LogPluginManager: Mounting plugin ArchVisCharacter
LogPluginManager: Mounting plugin CableComponent
LogPluginManager: Mounting plugin CustomMeshComponent
LogPluginManager: Mounting plugin ExampleDeviceProfileSelector
LogPluginManager: Mounting plugin GoogleCloudMessaging
LogPluginManager: Mounting plugin ImmediatePhysics
LogPluginManager: Mounting plugin IOSDeviceProfileSelector
LogPluginManager: Mounting plugin LinuxDeviceProfileSelector
LogPluginManager: Mounting plugin LocationServicesBPLibrary
LogPluginManager: Mounting plugin MobilePatchingUtils
LogPluginManager: Mounting plugin OculusVR
LogPluginManager: Mounting plugin PhysXVehicles
LogPluginManager: Mounting plugin ProceduralMeshComponent
LogPluginManager: Mounting plugin RuntimePhysXCooking
LogPluginManager: Mounting plugin SteamVR
LogPluginManager: Mounting plugin WindowsMoviePlayer
LogInit: Using libcurl 7.47.1
LogInit:  - built for x86_64-pc-win32
LogInit:  - supports SSL with OpenSSL/1.0.2g
LogInit:  - supports HTTP deflate (compression) using libz 1.2.8
LogInit:  - other features:
LogInit:      CURL_VERSION_SSL
LogInit:      CURL_VERSION_LIBZ
LogInit:      CURL_VERSION_IPV6
LogInit:      CURL_VERSION_ASYNCHDNS
LogInit:      CURL_VERSION_LARGEFILE
LogInit:      CURL_VERSION_IDN
LogInit:  CurlRequestOptions (configurable via config and command line):
LogInit:  - bVerifyPeer = false  - Libcurl will NOT verify peer certificate
LogInit:  - bUseHttpProxy = false  - Libcurl will NOT use HTTP proxy
LogInit:  - bDontReuseConnections = false  - Libcurl will reuse connections
LogInit:  - CertBundlePath = nullptr  - Libcurl will use whatever was configured at build time.
LogInit: Build: ++UE4+Release-4.17-CL-3586342
LogInit: Engine Version: 4.17.1-3586342+++UE4+Release-4.17
LogInit: Compatible Engine Version: 4.17.0-3573198+++UE4+Release-4.17
LogInit: Net CL: 3573198
LogDevObjectVersion: Number of dev versions registered: 16
LogDevObjectVersion:   Dev-Blueprints (B0D832E4-1F89-4F0D-ACCF-7EB736FD4AA2): 10
LogDevObjectVersion:   Dev-Build (E1C64328-A22C-4D53-A36C-8E866417BD8C): 0
LogDevObjectVersion:   Dev-Core (375EC13C-06E4-48FB-B500-84F0262A717E): 2
LogDevObjectVersion:   Dev-Editor (E4B068ED-F494-42E9-A231-DA0B2E46BB41): 20
LogDevObjectVersion:   Dev-Framework (CFFC743F-43B0-4480-9391-14DF171D2073): 28
LogDevObjectVersion:   Dev-Mobile (B02B49B5-BB20-44E9-A304-32B752E40360): 0
LogDevObjectVersion:   Dev-Networking (A4E4105C-59A1-49B5-A7C5-40C4547EDFEE): 0
LogDevObjectVersion:   Dev-Online (39C831C9-5AE6-47DC-9A44-9C173E1C8E7C): 0
LogDevObjectVersion:   Dev-Physics (78F01B33-EBEA-4F98-B9B4-84EACCB95AA2): 0
LogDevObjectVersion:   Dev-Platform (6631380F-2D4D-43E0-8009-CF276956A95A): 0
LogDevObjectVersion:   Dev-Rendering (12F88B9F-8875-4AFC-A67C-D90C383ABD29): 19
LogDevObjectVersion:   Dev-Sequencer (7B5AE74C-D270-4C10-A958-57980B212A5A): 4
LogDevObjectVersion:   Dev-VR (D7296918-1DD6-4BDD-9DE2-64A83CC13884): 0
LogDevObjectVersion:   Dev-LoadTimes (C2A15278-BFE7-4AFE-6C17-90FF531DF755): 1
LogDevObjectVersion:   Private-Geometry (6EACA3D4-40EC-4CC1-B786-8BED09428FC5): 1
LogDevObjectVersion:   Dev-AnimPhys (29E575DD-E0A3-4627-9D10-D276232CDCEA): 7
LogInit: Compiled (64-bit): Aug 15 2017 02:05:26
LogInit: Compiled with Visual C++: 19.00.24215.01
LogInit: Build Configuration: Development
LogInit: Branch Name: ++UE4+Release-4.17
LogInit: Command line:  
LogInit: Base directory: E:/JOE-software/UE4/UE_4.17/Engine/Binaries/Win64/
LogInit: Installed Engine Build: 1
LogInit: Presizing for max 8388607 objects, including 0 objects not considered by GC, pre-allocating 0 bytes for permanent pool.
LogInit: Object subsystem initialized
[2017.10.27-08.15.48:452][  0]LogInit: Selected Device Profile: [Windows]
[2017.10.27-08.15.48:452][  0]LogInit: Applying CVar settings loaded from the selected device profile: [Windows]
[2017.10.27-08.15.48:463][  0]LogInit: Computer: JOE-PC
[2017.10.27-08.15.48:463][  0]LogInit: User: JOE
[2017.10.27-08.15.48:463][  0]LogInit: CPU Page size=4096, Cores=6
[2017.10.27-08.15.48:463][  0]LogInit: High frequency timer resolution =3.221725 MHz
[2017.10.27-08.15.48:463][  0]LogMemory: Memory total: Physical=15.9GB (16GB approx)
[2017.10.27-08.15.48:463][  0]LogMemory: Platform Memory Stats for Windows
[2017.10.27-08.15.48:463][  0]LogMemory: Process Physical Memory: 279.67 MB used, 279.67 MB peak
[2017.10.27-08.15.48:463][  0]LogMemory: Process Virtual Memory: 282.79 MB used, 282.79 MB peak
[2017.10.27-08.15.48:463][  0]LogMemory: Physical Memory: 8647.20 MB used,  7627.30 MB free, 16274.50 MB total
[2017.10.27-08.15.48:463][  0]LogMemory: Virtual Memory: 682.59 MB used,  7627.30 MB free, 134217728.00 MB total
[2017.10.27-08.15.48:629][  0]LogInit: Using OS detected language (en-US).
[2017.10.27-08.15.48:629][  0]LogInit: Using OS detected locale (zh-CN).
[2017.10.27-08.15.48:631][  0]LogTextLocalizationManager: No specific localization for 'en-US' exists, so the 'en' localization will be used.
[2017.10.27-08.15.49:257][  0]LogD3D11RHI: D3D11 adapters:
[2017.10.27-08.15.49:293][  0]LogD3D11RHI:    0. 'NVIDIA GeForce GTX 770' (Feature Level 11_0)
[2017.10.27-08.15.49:293][  0]LogD3D11RHI:       2017/0/8137 MB DedicatedVideo/DedicatedSystem/SharedSystem, Outputs:2, VendorId:0x10de
[2017.10.27-08.15.49:294][  0]LogD3D11RHI:    1. 'Microsoft Basic Render Driver' (Feature Level 11_0)
[2017.10.27-08.15.49:294][  0]LogD3D11RHI:       0/0/8137 MB DedicatedVideo/DedicatedSystem/SharedSystem, Outputs:0, VendorId:0x1414
[2017.10.27-08.15.49:294][  0]LogD3D11RHI: Chosen D3D11 Adapter: 0
[2017.10.27-08.15.49:301][  0]LogD3D11RHI: Creating new Direct3DDevice
[2017.10.27-08.15.49:301][  0]LogD3D11RHI:     GPU DeviceId: 0x1184 (for the marketing name, search the web for "GPU Device Id")
[2017.10.27-08.15.49:301][  0]LogWindows: EnumDisplayDevices:
[2017.10.27-08.15.49:301][  0]LogWindows:    0. 'NVIDIA GeForce GTX 770' (P:1 D:1)
[2017.10.27-08.15.49:301][  0]LogWindows:    1. 'NVIDIA GeForce GTX 770' (P:0 D:1)
[2017.10.27-08.15.49:301][  0]LogWindows:    2. 'NVIDIA GeForce GTX 770' (P:0 D:0)
[2017.10.27-08.15.49:302][  0]LogWindows:    3. 'NVIDIA GeForce GTX 770' (P:0 D:0)
[2017.10.27-08.15.49:302][  0]LogWindows: DebugString: FoundDriverCount:4 
[2017.10.27-08.15.49:302][  0]LogD3D11RHI:     Adapter Name: NVIDIA GeForce GTX 770
[2017.10.27-08.15.49:302][  0]LogD3D11RHI:   Driver Version: 387.92 (internal:23.21.13.8792, unified:387.92)
[2017.10.27-08.15.49:302][  0]LogD3D11RHI:      Driver Date: 10-6-2017
[2017.10.27-08.15.49:302][  0]LogRHI: Texture pool is 1361 MB (70% of 1945 MB)
[2017.10.27-08.15.49:326][  0]LogD3D11RHI: Async texture creation enabled
[2017.10.27-08.15.49:358][  0]LogD3D11RHI: GPU Timing Frequency: 1000.000000 (Debug: 2 1)
[2017.10.27-08.15.49:408][  0]LogShaderCompilers: Guid format shader working directory is -21 characters bigger than the processId version (../../../../../../JOE-school/第八学期/GAM606/Cursed-Gems/Cursed-Gems/Intermediate/Shaders/WorkingDirectory/12476/).
[2017.10.27-08.15.49:408][  0]LogShaderCompilers: Cleaned the shader compiler working directory 'C:/Users/JOE/AppData/Local/Temp/UnrealShaderWorkingDir/6B596F0D4ADD378A1022B8A7D6B8E423/'.
[2017.10.27-08.15.49:408][  0]LogShaderCompilers: Display: Using Local Shader Compiler.
[2017.10.27-08.15.50:270][  0]LogTemp: Display: Loaded TP AllDesktopTargetPlatform
[2017.10.27-08.15.50:307][  0]LogTemp: Display: Loaded TP MacClientTargetPlatform
[2017.10.27-08.15.50:343][  0]LogTemp: Display: Loaded TP MacNoEditorTargetPlatform
[2017.10.27-08.15.50:380][  0]LogTemp: Display: Loaded TP MacServerTargetPlatform
[2017.10.27-08.15.50:417][  0]LogTemp: Display: Loaded TP MacTargetPlatform
[2017.10.27-08.15.50:454][  0]LogTemp: Display: Loaded TP WindowsClientTargetPlatform
[2017.10.27-08.15.50:491][  0]LogTemp: Display: Loaded TP WindowsNoEditorTargetPlatform
[2017.10.27-08.15.50:527][  0]LogTemp: Display: Loaded TP WindowsServerTargetPlatform
[2017.10.27-08.15.50:558][  0]LogTemp: Display: Loaded TP WindowsTargetPlatform
[2017.10.27-08.15.50:595][  0]LogTemp: Display: Loaded TP AndroidTargetPlatform
[2017.10.27-08.15.50:632][  0]LogTemp: Display: Loaded TP Android_ASTCTargetPlatform
[2017.10.27-08.15.50:668][  0]LogTemp: Display: Loaded TP Android_ATCTargetPlatform
[2017.10.27-08.15.50:704][  0]LogTemp: Display: Loaded TP Android_DXTTargetPlatform
[2017.10.27-08.15.50:740][  0]LogTemp: Display: Loaded TP Android_ETC1TargetPlatform
[2017.10.27-08.15.50:777][  0]LogTemp: Display: Loaded TP Android_ETC2TargetPlatform
[2017.10.27-08.15.50:850][  0]LogTemp: Display: Loaded TP Android_MultiTargetPlatform
[2017.10.27-08.15.50:850][  0]LogTemp: Display: Loaded TP Android_PVRTCTargetPlatform
[2017.10.27-08.15.50:876][  0]LogTemp: Display: Loaded TP HTML5TargetPlatform
[2017.10.27-08.15.50:948][  0]LogTemp: Display: Loaded TP IOSTargetPlatform
[2017.10.27-08.15.50:970][  0]LogTemp: Display: Loaded TP TVOSTargetPlatform
[2017.10.27-08.15.51:006][  0]LogTemp: Display: Loaded TP LinuxClientTargetPlatform
[2017.10.27-08.15.51:042][  0]LogTemp: Display: Loaded TP LinuxNoEditorTargetPlatform
[2017.10.27-08.15.51:078][  0]LogTemp: Display: Loaded TP LinuxServerTargetPlatform
[2017.10.27-08.15.51:115][  0]LogTemp: Display: Loaded TP LinuxTargetPlatform
[2017.10.27-08.15.51:115][  0]LogTargetPlatformManager: Display: Building Assets For Windows
[2017.10.27-08.15.51:442][  0]LogDerivedDataCache: Display: Max Cache Size: 512 MB
[2017.10.27-08.15.51:544][  0]LogDerivedDataCache: Loaded boot cache 0.10s 94MB C:/Users/JOE/AppData/Local/UnrealEngine/4.17/DerivedDataCache/Boot.ddc.
[2017.10.27-08.15.51:544][  0]LogDerivedDataCache: Display: Loaded Boot cache: C:/Users/JOE/AppData/Local/UnrealEngine/4.17/DerivedDataCache/Boot.ddc
[2017.10.27-08.15.51:544][  0]LogDerivedDataCache: FDerivedDataBackendGraph:  Pak pak cache file ../../../../../../JOE-school/第八学期/GAM606/Cursed-Gems/Cursed-Gems/DerivedDataCache/DDC.ddp not found, will not use a pak cache.
[2017.10.27-08.15.51:544][  0]LogDerivedDataCache: Unable to find inner node Pak for hierarchical cache Hierarchy.
[2017.10.27-08.15.51:544][  0]LogDerivedDataCache: FDerivedDataBackendGraph:  CompressedPak pak cache file ../../../../../../JOE-school/第八学期/GAM606/Cursed-Gems/Cursed-Gems/DerivedDataCache/Compressed.ddp not found, will not use a pak cache.
[2017.10.27-08.15.51:544][  0]LogDerivedDataCache: Unable to find inner node CompressedPak for hierarchical cache Hierarchy.
[2017.10.27-08.15.51:559][  0]LogDerivedDataCache: Display: Pak cache opened for reading ../../../Engine/DerivedDataCache/Compressed.ddp.
[2017.10.27-08.15.51:571][  0]LogDerivedDataCache: Using Local data cache path C:/Users/JOE/AppData/Local/UnrealEngine/Common/DerivedDataCache: Writable
[2017.10.27-08.15.51:581][  0]LogMaterial: Verifying Global Shaders for PCD3D_SM5
[2017.10.27-08.15.51:582][  0]LogSlate: Using Freetype 2.6.0
[2017.10.27-08.15.51:582][  0]LogSlate: SlateFontCache - WITH_FREETYPE: 1, WITH_HARFBUZZ: 1
[2017.10.27-08.15.51:582][  0]LogSlate: SlateFontCache - WITH_FREETYPE: 1, WITH_HARFBUZZ: 1
[2017.10.27-08.15.51:825][  0]LogAssetRegistry: FAssetRegistry took 0.0258 seconds to start up
[2017.10.27-08.15.51:927][  0]LogInit: Selected Device Profile: [Windows]
[2017.10.27-08.15.52:055][  0]LogContentStreaming: Texture pool size is 0.00 MB
[2017.10.27-08.15.52:279][  0]LogSimplygon: Simplygon DLL not present - disabling.
[2017.10.27-08.15.52:306][  0]LogMeshReduction: Using SimplygonSwarm for distributed automatic mesh merging
[2017.10.27-08.15.52:306][  0]LogMeshReduction: Using QuadricMeshReduction for automatic static mesh reduction
[2017.10.27-08.15.52:306][  0]LogMeshReduction: No automatic skeletal mesh reduction module available
[2017.10.27-08.15.52:306][  0]LogMeshReduction: No automatic mesh merging module available
[2017.10.27-08.15.52:306][  0]LogMeshMerging: No automatic mesh merging module available
[2017.10.27-08.15.52:896][  0]LogNetVersion: TheCursedGems , NetCL: 3573198, EngineNetVer: 2, GameNetVer: 0 (Checksum: 156434613)
[2017.10.27-08.15.53:082][  0]LogPackageLocalizationCache: Processed 5 localized package path(s) for 2 prioritized culture(s) in 0.036818 seconds
[2017.10.27-08.15.53:088][  0]LogUObjectArray: 35825 objects as part of root set at end of initial load.
[2017.10.27-08.15.53:088][  0]LogUObjectAllocator: 7529112 out of 0 bytes used by permanent object pool.
[2017.10.27-08.15.53:088][  0]LogUObjectArray: CloseDisregardForGC: 0/0 objects in disregard for GC pool
[2017.10.27-08.15.53:133][  0]LogInit: WinSock: version 1.1 (2.2), MaxSocks=32767, MaxUdp=65467
[2017.10.27-08.15.55:443][  0]LogSubstanceCoreModule: Substance [CPU] Engine Loaded, Max Texture Size = 2048
[2017.10.27-08.15.55:458][  0]LogStreaming: Warning: Failed to read file '../../../Engine/Plugins/Marketplace/Substance/Content/Icons/icon_Substance_White_40x.png' error.
[2017.10.27-08.15.55:458][  0]LogSlate: Could not find file for Slate resource: ../../../Engine/Plugins/Marketplace/Substance/Content/Icons/icon_Substance_White_40x.png
[2017.10.27-08.15.55:458][  0]LogStreaming: Warning: Failed to read file '../../../Engine/Plugins/Marketplace/Substance/Content/Icons/icon_SubstanceFactory_White_40x.png' error.
[2017.10.27-08.15.55:458][  0]LogSlate: Could not find file for Slate resource: ../../../Engine/Plugins/Marketplace/Substance/Content/Icons/icon_SubstanceFactory_White_40x.png
[2017.10.27-08.15.55:478][  0]LogTcpMessaging: Initializing TcpMessaging bridge
[2017.10.27-08.15.55:509][  0]LogUdpMessaging: Initializing bridge on interface 0.0.0.0:0 to multicast group 230.0.0.1:6666.
[2017.10.27-08.15.56:034][  0]LogMaterial: Uniform references updated for custom material expression Custom.
[2017.10.27-08.15.56:334][  0]SourceControl: Source control is disabled
[2017.10.27-08.15.56:334][  0]SourceControl: Source control is disabled
[2017.10.27-08.15.56:368][  0]SourceControl: Source control is disabled
[2017.10.27-08.15.56:401][  0]SourceControl: Source control is disabled
[2017.10.27-08.15.56:821][  0]LogAndroidPermission: UAndroidPermissionCallbackProxy::GetInstance
[2017.10.27-08.15.56:994][  0]LogOcInput: OculusInput pre-init called
[2017.10.27-08.15.57:810][  0]LogEngine: Initializing Engine...
[2017.10.27-08.15.57:812][  0]LogHMD: Failed to initialize OpenVR with code 110
[2017.10.27-08.15.58:031][  0]LogStats: UGameplayTagsManager::ConstructGameplayTagTree: Construct from data asset -  0.000 s
[2017.10.27-08.15.58:031][  0]LogStats: UGameplayTagsManager::ConstructGameplayTagTree: GameplayTagTreeChangedEvent.Broadcast -  0.000 s
[2017.10.27-08.15.58:121][  0]LogAIModule: Creating AISystem for world Untitled
[2017.10.27-08.15.58:130][  0]LogInit: XAudio2 using 'Speakers (Realtek High Definition Audio)' : 2 channels at 48 kHz using 32 bits per sample (channel mask 0x3)
[2017.10.27-08.15.58:141][  0]LogInit: FAudioDevice initialized.
[2017.10.27-08.15.58:235][  0]LogDerivedDataCache: Saved boot cache 0.09s 94MB C:/Users/JOE/AppData/Local/UnrealEngine/4.17/DerivedDataCache/Boot.ddc.
[2017.10.27-08.15.58:251][  0]LogInit: Texture streaming: Enabled
[2017.10.27-08.15.58:327][  0]LogEngineSessionManager: EngineSessionManager initialized
[2017.10.27-08.15.58:485][  0]LogInit: Transaction tracking system initialized
[2017.10.27-08.15.58:701][  0]BlueprintLog: New page: Editor Load
[2017.10.27-08.15.59:316][  0]LocalizationService: Localization service is disabled
[2017.10.27-08.15.59:792][  0]LogConsoleResponse: Display: 
[2017.10.27-08.15.59:945][  0]LogCook: Display: Max memory allowance for cook 16384mb min free memory 0mb
[2017.10.27-08.15.59:945][  0]LogCook: Display: Mobile HDR setting 1
[2017.10.27-08.15.59:945][  0]LogGameplayTags: Display: UGameplayTagsManager::DoneAddingNativeTags. DelegateIsBound: 0
[2017.10.27-08.16.00:676][  0]LogFileCache: Scanning file cache for directory 'E:/JOE-school/第八学期/GAM606/Cursed-Gems/Cursed-Gems/Content/' took 0.02s
[2017.10.27-08.16.00:711][  0]SourceControl: Source control is disabled
[2017.10.27-08.16.00:711][  0]Cmd: MAP LOAD FILE="../../../../../../JOE-school/第八学期/GAM606/Cursed-Gems/Cursed-Gems/Content/ThirdPersonBP/Maps/ThirdPersonExampleMap.umap" TEMPLATE=0 SHOWPROGRESS=1 FEATURELEVEL=3
[2017.10.27-08.16.01:005][  0]LightingResults: New page: Lighting Build
[2017.10.27-08.16.01:046][  0]MapCheck: New page: Map Check
[2017.10.27-08.16.01:046][  0]LightingResults: New page: Lighting Build
[2017.10.27-08.16.09:944][  0]LogAIModule: Creating AISystem for world ThirdPersonExampleMap
[2017.10.27-08.16.10:351][  0]LogEditorServer: Finished looking for orphan Actors (0.000 secs)
[2017.10.27-08.16.10:379][  0]Cmd: MAP CHECKDEP NOCLEARLOG
[2017.10.27-08.16.10:434][  0]MapCheck: Map check complete: 0 Error(s), 0 Warning(s), took 55.12ms to complete.
[2017.10.27-08.16.10:434][  0]LogFileHelpers: Loading map 'ThirdPersonExampleMap' took 9.724
[2017.10.27-08.16.10:502][  0]LogWindowsTextInputMethodSystem: Display: IME system now activated using TSF (Microsoft Pinyin).
[2017.10.27-08.16.10:585][  0]LogCollectionManager: Loaded 0 collections in 0.000902 seconds
[2017.10.27-08.16.10:652][  0]LogFileCache: Scanning file cache for directory 'E:/JOE-school/第八学期/GAM606/Cursed-Gems/Cursed-Gems/Saved/Collections/' took 0.01s
[2017.10.27-08.16.10:652][  0]LogFileCache: Scanning file cache for directory 'E:/JOE-school/第八学期/GAM606/Cursed-Gems/Cursed-Gems/Content/Developers/JOE/Collections/' took 0.01s
[2017.10.27-08.16.10:652][  0]LogFileCache: Scanning file cache for directory 'E:/JOE-school/第八学期/GAM606/Cursed-Gems/Cursed-Gems/Content/Collections/' took 0.01s
[2017.10.27-08.16.10:652][  0]LogCollectionManager: Rebuilt the GUID cache for 0 collections in 0.000001 seconds
[2017.10.27-08.16.10:661][  0]LogContentBrowser: Native class hierarchy populated in 0.0085 seconds. Added 2400 classes and 506 folders.
[2017.10.27-08.16.10:708][  0]LogContentBrowser: Native class hierarchy updated for 'WidgetCarousel' in 0.0007 seconds. Added 0 classes and 0 folders.
[2017.10.27-08.16.10:746][  0]LogContentBrowser: Native class hierarchy updated for 'AddContentDialog' in 0.0007 seconds. Added 0 classes and 0 folders.
[2017.10.27-08.16.10:776][  0]LogContentBrowser: Native class hierarchy updated for 'SceneOutliner' in 0.0006 seconds. Added 1 classes and 2 folders.
[2017.10.27-08.16.10:863][  0]LogSlate: Took 0.000221 seconds to synchronously load lazily loaded font '../../../Engine/Content/Slate/Fonts/Roboto-Regular.ttf' (155K)
[2017.10.27-08.16.10:865][  0]LogSlate: Took 0.000140 seconds to synchronously load lazily loaded font '../../../Engine/Content/Slate/Fonts/Roboto-Bold.ttf' (160K)
[2017.10.27-08.16.10:869][  0]LogSlate: Took 0.000137 seconds to synchronously load lazily loaded font '../../../Engine/Content/Editor/Slate/Fonts/FontAwesome.ttf' (139K)
[2017.10.27-08.16.10:962][  0]LogRenderer: Reallocating scene render targets to support 1200x500 Format 10 NumSamples 1 (Frame:1).
[2017.10.27-08.16.11:210][  0]LogContentBrowser: Native class hierarchy updated for 'HierarchicalLODOutliner' in 0.0006 seconds. Added 1 classes and 2 folders.
[2017.10.27-08.16.11:211][  0]LogLoad: (Engine Initialization) Total time: 24.82 seconds
[2017.10.27-08.16.11:211][  0]LogLoad: (Engine Initialization) Total Blueprint compile time: 0.00 seconds
[2017.10.27-08.16.11:211][  0]LogExternalProfiler: Found external profiler: VSPerf
[2017.10.27-08.16.11:211][  0]LogExternalProfiler: Using external profiler: VSPerf
[2017.10.27-08.16.11:263][  0]LogContentStreaming: Texture pool size now 1000 MB
[2017.10.27-08.16.11:307][  0]LogSlate: Took 0.000148 seconds to synchronously load lazily loaded font '../../../Engine/Content/Slate/Fonts/Roboto-Light.ttf' (159K)
[2017.10.27-08.16.11:332][  1]LogAssetRegistry: Asset discovery search completed in 19.5297 seconds
[2017.10.27-08.16.11:349][  1]LogCollectionManager: Rebuilt the object cache for 0 collections in 0.000001 seconds (found 0 objects)
[2017.10.27-08.16.11:349][  1]LogCollectionManager: Fixed up redirectors for 0 collections in 0.000048 seconds (updated 0 objects)
[2017.10.27-08.16.11:369][  1]LogStaticMesh: Allocated 287x64x64 distance field atlas = 2.2Mb, with 47 objects containing 1.5Mb backing data
[2017.10.27-08.16.16:323][575]LogFileCache: Retrieving MD5 hashes for directory 'E:/JOE-school/第八学期/GAM606/Cursed-Gems/Cursed-Gems/Content/' took 5.09s
[2017.10.27-08.16.27:548][872]LogMaterial: Missing cached shader map for material M_DemoWall, compiling. 
[2017.10.27-08.16.27:757][872]LogSlate: Took 0.000162 seconds to synchronously load lazily loaded font '../../../Engine/Content/Slate/Fonts/Roboto-Light.ttf' (159K)
[2017.10.27-08.16.28:025][872]LogContentBrowser: Native class hierarchy updated for 'SkeletonEditor' in 0.0007 seconds. Added 1 classes and 2 folders.
[2017.10.27-08.16.28:370][872]LogSlate: Took 0.000196 seconds to synchronously load lazily loaded font '../../../Engine/Content/Slate/Fonts/Roboto-Regular.ttf' (155K)
[2017.10.27-08.16.28:459][872]LogActorComponent: RegisterComponentWithWorld: (/Engine/Transient.World_1:PersistentLevel.Actor_0.DebugSkelMeshComponent_0) Already registered. Aborting.
[2017.10.27-08.16.28:800][872]LogSkeletalMesh: USkeletalMeshComponent::InitArticulated : Bodies already created (/Engine/Transient.World_1:PersistentLevel.Actor_0.DebugSkelMeshComponent_0) - call TermArticulated first.
[2017.10.27-08.16.29:323][872]LogSlate: Took 0.000306 seconds to synchronously load lazily loaded font '../../../Engine/Content/Editor/Slate/Fonts/Roboto-Italic.ttf' (157K)
[2017.10.27-08.16.29:404][872]LogContentBrowser: Native class hierarchy updated for 'ClothingSystemEditorInterface' in 0.0010 seconds. Added 1 classes and 0 folders.
[2017.10.27-08.16.29:453][873]LogRenderer: Reallocating scene render targets to support 1200x532 Format 10 NumSamples 1 (Frame:1).
[2017.10.27-08.16.29:453][873]LogStaticMesh: Allocated 321x64x64 distance field atlas = 2.5Mb, with 49 objects containing 1.7Mb backing data
[2017.10.27-08.16.34:873][267]LogWindowsTextInputMethodSystem: Display: IME system now activated using TSF (Microsoft Pinyin).
[2017.10.27-08.16.35:056][268]Cmd: QUIT_EDITOR
[2017.10.27-08.16.35:081][268]LogExit: Preparing to exit.
[2017.10.27-08.16.35:740][268]LogDirectoryWatcher: A directory notification for 'E:/JOE-school/第八学期/GAM606/Cursed-Gems/Cursed-Gems/Content/' was aborted.
[2017.10.27-08.16.35:814][268]LogExit: Editor shut down
[2017.10.27-08.16.35:817][268]LogExit: Transaction tracking system shut down
[2017.10.27-08.16.36:014][268]LogDirectoryWatcher: A directory notification for '../../../Engine/Content/' was aborted.
[2017.10.27-08.16.36:014][268]LogDirectoryWatcher: A directory notification for '../../../../../../JOE-school/第八学期/GAM606/Cursed-Gems/Cursed-Gems/Content/' was aborted.
[2017.10.27-08.16.36:014][268]LogDirectoryWatcher: A directory notification for '../../../Engine/Plugins/2D/Paper2D/Content/' was aborted.
[2017.10.27-08.16.36:014][268]LogDirectoryWatcher: A directory notification for '../../../Engine/Plugins/Runtime/Oculus/OculusVR/Content/' was aborted.
[2017.10.27-08.16.36:014][268]LogDirectoryWatcher: A directory notification for '../../../Engine/Plugins/Runtime/Steam/SteamVR/Content/' was aborted.
[2017.10.27-08.16.36:078][268]LogExit: Object subsystem successfully closed.
[2017.10.27-08.16.36:256][268]LogD3D11RHI: Shutdown
[2017.10.27-08.16.36:256][268]LogD3D11RHI: CleanupD3DDevice
[2017.10.27-08.16.36:273][268]LogD3D11RHI: ~FD3D11DynamicRHI
[2017.10.27-08.16.36:299][268]LogModuleManager: Shutting down and abandoning module ClothingSystemEditorInterface (542)
[2017.10.27-08.16.36:299][268]LogModuleManager: Shutting down and abandoning module SkeletonEditor (540)
[2017.10.27-08.16.36:299][268]LogModuleManager: Shutting down and abandoning module SkeletalMeshEditor (538)
[2017.10.27-08.16.36:299][268]LogModuleManager: Shutting down and abandoning module HierarchicalLODOutliner (536)
[2017.10.27-08.16.36:299][268]LogModuleManager: Shutting down and abandoning module SceneOutliner (534)
[2017.10.27-08.16.36:299][268]LogModuleManager: Shutting down and abandoning module AddContentDialog (532)
[2017.10.27-08.16.36:299][268]LogDirectoryWatcher: A directory notification for 'E:/JOE-software/UE4/UE_4.17/FeaturePacks/' was aborted.
[2017.10.27-08.16.36:315][268]LogModuleManager: Shutting down and abandoning module WidgetCarousel (531)
[2017.10.27-08.16.36:315][268]LogModuleManager: Shutting down and abandoning module EditorWidgets (528)
[2017.10.27-08.16.36:315][268]LogModuleManager: Shutting down and abandoning module CollectionManager (526)
[2017.10.27-08.16.36:315][268]LogDirectoryWatcher: A directory notification for 'E:/JOE-school/第八学期/GAM606/Cursed-Gems/Cursed-Gems/Content/Collections/' was aborted.
[2017.10.27-08.16.36:315][268]LogDirectoryWatcher: A directory notification for 'E:/JOE-school/第八学期/GAM606/Cursed-Gems/Cursed-Gems/Content/Developers/JOE/Collections/' was aborted.
[2017.10.27-08.16.36:315][268]LogDirectoryWatcher: A directory notification for 'E:/JOE-school/第八学期/GAM606/Cursed-Gems/Cursed-Gems/Saved/Collections/' was aborted.
[2017.10.27-08.16.36:315][268]LogModuleManager: Shutting down and abandoning module StatsViewer (524)
[2017.10.27-08.16.36:315][268]LogModuleManager: Shutting down and abandoning module FoliageEdit (522)
[2017.10.27-08.16.36:316][268]LogModuleManager: Shutting down and abandoning module LandscapeEditor (520)
[2017.10.27-08.16.36:316][268]LogModuleManager: Shutting down and abandoning module MeshPaintMode (518)
[2017.10.27-08.16.36:316][268]LogModuleManager: Shutting down and abandoning module SceneDepthPickerMode (516)
[2017.10.27-08.16.36:316][268]LogModuleManager: Shutting down and abandoning module ActorPickerMode (514)
[2017.10.27-08.16.36:316][268]LogModuleManager: Shutting down and abandoning module GeometryMode (512)
[2017.10.27-08.16.36:316][268]LogModuleManager: Shutting down and abandoning module TextureAlignMode (510)
[2017.10.27-08.16.36:316][268]LogModuleManager: Shutting down and abandoning module BspMode (508)
[2017.10.27-08.16.36:316][268]LogModuleManager: Shutting down and abandoning module PIEPreviewDeviceProfileSelector (506)
[2017.10.27-08.16.36:316][268]LogModuleManager: Shutting down and abandoning module HardwareSurvey (504)
[2017.10.27-08.16.36:316][268]LogModuleManager: Shutting down and abandoning module SequenceRecorderSections (502)
[2017.10.27-08.16.36:316][268]LogModuleManager: Shutting down and abandoning module AutomationWorker (500)
[2017.10.27-08.16.36:316][268]LogModuleManager: Shutting down and abandoning module MatineeToLevelSequence (498)
[2017.10.27-08.16.36:316][268]LogModuleManager: Shutting down and abandoning module LevelSequenceEditor (496)
[2017.10.27-08.16.36:316][268]LogModuleManager: Shutting down and abandoning module PlacementMode (495)
[2017.10.27-08.16.36:316][268]LogModuleManager: Shutting down and abandoning module WmfMediaFactory (492)
[2017.10.27-08.16.36:316][268]LogModuleManager: Shutting down and abandoning module WmfMediaEditor (490)
[2017.10.27-08.16.36:316][268]LogModuleManager: Shutting down and abandoning module AvfMediaFactory (488)
[2017.10.27-08.16.36:316][268]LogModuleManager: Shutting down and abandoning module AvfMediaEditor (486)
[2017.10.27-08.16.36:316][268]LogModuleManager: Shutting down and abandoning module AndroidMediaFactory (484)
[2017.10.27-08.16.36:316][268]LogModuleManager: Shutting down and abandoning module Media (483)
[2017.10.27-08.16.36:316][268]LogModuleManager: Shutting down and abandoning module AndroidMediaEditor (480)
[2017.10.27-08.16.36:316][268]LogModuleManager: Shutting down and abandoning module CharacterAI (478)
[2017.10.27-08.16.36:316][268]LogModuleManager: Shutting down and abandoning module AudioCapture (476)
[2017.10.27-08.16.36:316][268]LogModuleManager: Shutting down and abandoning module SequenceRecorder (475)
[2017.10.27-08.16.36:316][268]LogModuleManager: Shutting down and abandoning module SmartSnapping (472)
[2017.10.27-08.16.36:316][268]LogModuleManager: Shutting down and abandoning module SessionServices (470)
[2017.10.27-08.16.36:316][268]LogModuleManager: Shutting down and abandoning module ViewportSnapping (468)
[2017.10.27-08.16.36:316][268]LogModuleManager: Shutting down and abandoning module ViewportInteraction (466)
[2017.10.27-08.16.36:316][268]LogModuleManager: Shutting down and abandoning module ClothPainter (464)
[2017.10.27-08.16.36:316][268]LogModuleManager: Shutting down and abandoning module LogVisualizer (462)
[2017.10.27-08.16.36:317][268]LogModuleManager: Shutting down and abandoning module IntroTutorials (460)
[2017.10.27-08.16.36:317][268]LogModuleManager: Shutting down and abandoning module GameProjectGeneration (459)
[2017.10.27-08.16.36:317][268]LogModuleManager: Shutting down and abandoning module IOSPlatformEditor (456)
[2017.10.27-08.16.36:317][268]LogModuleManager: Shutting down and abandoning module HTML5PlatformEditor (454)
[2017.10.27-08.16.36:317][268]LogModuleManager: Shutting down and abandoning module AndroidPlatformEditor (452)
[2017.10.27-08.16.36:317][268]LogModuleManager: Shutting down and abandoning module AndroidDeviceDetection (451)
[2017.10.27-08.16.36:589][268]LogModuleManager: Shutting down and abandoning module WindowsPlatformEditor (448)
[2017.10.27-08.16.36:589][268]LogModuleManager: Shutting down and abandoning module IOSRuntimeSettings (446)
[2017.10.27-08.16.36:589][268]LogModuleManager: Shutting down and abandoning module AndroidRuntimeSettings (444)
[2017.10.27-08.16.36:589][268]LogModuleManager: Shutting down and abandoning module InputBindingEditor (442)
[2017.10.27-08.16.36:589][268]LogModuleManager: Shutting down and abandoning module MergeActors (440)
[2017.10.27-08.16.36:589][268]LogModuleManager: Shutting down and abandoning module SizeMap (438)
[2017.10.27-08.16.36:589][268]LogModuleManager: Shutting down and abandoning module TreeMap (436)
[2017.10.27-08.16.36:589][268]LogModuleManager: Shutting down and abandoning module ReferenceViewer (434)
[2017.10.27-08.16.36:589][268]LogModuleManager: Shutting down and abandoning module LocalizationDashboard (432)
[2017.10.27-08.16.36:589][268]LogModuleManager: Shutting down and abandoning module LocalizationService (431)
[2017.10.27-08.16.36:589][268]LogModuleManager: Shutting down and abandoning module HardwareTargeting (428)
[2017.10.27-08.16.36:589][268]LogModuleManager: Shutting down and abandoning module DeviceProfileEditor (426)
[2017.10.27-08.16.36:589][268]LogModuleManager: Shutting down and abandoning module UndoHistory (424)
[2017.10.27-08.16.36:589][268]LogModuleManager: Shutting down and abandoning module XmlParser (422)
[2017.10.27-08.16.36:589][268]LogModuleManager: Shutting down and abandoning module Blutility (420)
[2017.10.27-08.16.36:589][268]LogModuleManager: Shutting down and abandoning module ProjectSettingsViewer (418)
[2017.10.27-08.16.36:589][268]LogModuleManager: Shutting down and abandoning module ProjectTargetPlatformEditor (417)
[2017.10.27-08.16.36:589][268]LogModuleManager: Shutting down and abandoning module EditorSettingsViewer (414)
[2017.10.27-08.16.36:589][268]LogModuleManager: Shutting down and abandoning module SettingsEditor (412)
[2017.10.27-08.16.36:589][268]LogModuleManager: Shutting down and abandoning module ProjectLauncher (410)
[2017.10.27-08.16.36:589][268]LogModuleManager: Shutting down and abandoning module SessionFrontend (408)
[2017.10.27-08.16.36:589][268]LogModuleManager: Shutting down and abandoning module ProfilerClient (406)
[2017.10.27-08.16.36:589][268]LogModuleManager: Shutting down and abandoning module DeviceManager (404)
[2017.10.27-08.16.36:589][268]LogModuleManager: Shutting down and abandoning module TargetDeviceServices (403)
[2017.10.27-08.16.36:642][268]LogModuleManager: Shutting down and abandoning module AutomationController (400)
[2017.10.27-08.16.36:642][268]LogModuleManager: Shutting down and abandoning module AutomationWindow (398)
[2017.10.27-08.16.36:642][268]LogModuleManager: Shutting down and abandoning module Layers (396)
[2017.10.27-08.16.36:642][268]LogModuleManager: Shutting down and abandoning module ComponentVisualizers (394)
[2017.10.27-08.16.36:642][268]LogModuleManager: Shutting down and abandoning module DetailCustomizations (392)
[2017.10.27-08.16.36:642][268]LogModuleManager: Shutting down and abandoning module PackagesDialog (390)
[2017.10.27-08.16.36:642][268]LogModuleManager: Shutting down and abandoning module Persona (388)
[2017.10.27-08.16.36:642][268]LogModuleManager: Shutting down and abandoning module AdvancedPreviewScene (387)
[2017.10.27-08.16.36:642][268]LogModuleManager: Shutting down and abandoning module AnimGraph (385)
[2017.10.27-08.16.36:642][268]LogModuleManager: Shutting down and abandoning module Kismet (382)
[2017.10.27-08.16.36:643][268]LogModuleManager: Shutting down and abandoning module ClassViewer (380)
[2017.10.27-08.16.36:643][268]LogModuleManager: Shutting down and abandoning module Toolbox (378)
[2017.10.27-08.16.36:643][268]LogModuleManager: Shutting down and abandoning module ModuleUI (376)
[2017.10.27-08.16.36:643][268]LogModuleManager: Shutting down and abandoning module MovieSceneTools (374)
[2017.10.27-08.16.36:643][268]LogModuleManager: Shutting down and abandoning module OutputLog (372)
[2017.10.27-08.16.36:643][268]LogModuleManager: Shutting down and abandoning module GammaUI (370)
[2017.10.27-08.16.36:643][268]LogModuleManager: Shutting down and abandoning module Documentation (368)
[2017.10.27-08.16.36:643][268]LogModuleManager: Shutting down and abandoning module MovieSceneTracks (366)
[2017.10.27-08.16.36:643][268]LogModuleManager: Shutting down and abandoning module MovieScene (364)
[2017.10.27-08.16.36:643][268]LogModuleManager: Shutting down and abandoning module Niagara (362)
[2017.10.27-08.16.36:643][268]LogModuleManager: Shutting down and abandoning module NiagaraEditor (361)
[2017.10.27-08.16.36:644][268]LogModuleManager: Shutting down and abandoning module StreamingPauseRendering (358)
[2017.10.27-08.16.36:644][268]LogModuleManager: Shutting down and abandoning module LauncherPlatform (356)
[2017.10.27-08.16.36:644][268]LogModuleManager: Shutting down and abandoning module AnalyticsET (354)
[2017.10.27-08.16.36:644][268]LogModuleManager: Shutting down and abandoning module PortalServices (352)
[2017.10.27-08.16.36:644][268]LogModuleManager: Shutting down and abandoning module PortalRpc (350)
[2017.10.27-08.16.36:644][268]LogModuleManager: Shutting down and abandoning module MessagingRpc (348)
[2017.10.27-08.16.36:644][268]LogModuleManager: Shutting down and abandoning module AIModule (346)
[2017.10.27-08.16.36:644][268]LogModuleManager: Shutting down and abandoning module GameplayDebugger (345)
[2017.10.27-08.16.36:644][268]LogModuleManager: Shutting down and abandoning module AITestSuite (343)
[2017.10.27-08.16.36:644][268]LogModuleManager: Shutting down and abandoning module ProfilerService (340)
[2017.10.27-08.16.36:830][268]LogModuleManager: Shutting down and abandoning module TaskGraph (338)
[2017.10.27-08.16.36:830][268]LogModuleManager: Shutting down and abandoning module SubstanceSource (336)
[2017.10.27-08.16.36:843][268]LogModuleManager: Shutting down and abandoning module SubstanceEditor (334)
[2017.10.27-08.16.36:844][268]LogModuleManager: Shutting down and abandoning module SteamVRController (332)
[2017.10.27-08.16.36:844][268]LogModuleManager: Shutting down and abandoning module ProceduralMeshComponentEditor (330)
[2017.10.27-08.16.36:844][268]LogModuleManager: Shutting down and abandoning module ProceduralMeshComponent (328)
[2017.10.27-08.16.36:844][268]LogModuleManager: Shutting down and abandoning module OculusInput (326)
[2017.10.27-08.16.36:844][268]LogModuleManager: Shutting down and abandoning module MobilePatchingUtils (324)
[2017.10.27-08.16.36:844][268]LogModuleManager: Shutting down and abandoning module CustomMeshComponent (322)
[2017.10.27-08.16.36:844][268]LogModuleManager: Shutting down and abandoning module CableComponent (320)
[2017.10.27-08.16.36:844][268]LogModuleManager: Shutting down and abandoning module ArchVisCharacter (318)
[2017.10.27-08.16.36:844][268]LogModuleManager: Shutting down and abandoning module AndroidPermission (316)
[2017.10.27-08.16.36:844][268]LogModuleManager: Shutting down and abandoning module MediaPlayerEditor (312)
[2017.10.27-08.16.36:844][268]LogModuleManager: Shutting down and abandoning module HTML5Networking (310)
[2017.10.27-08.16.36:844][268]LogModuleManager: Shutting down and abandoning module AlembicImporter (308)
[2017.10.27-08.16.36:844][268]LogModuleManager: Shutting down and abandoning module AlembicLibrary (307)
[2017.10.27-08.16.36:844][268]LogModuleManager: Shutting down and abandoning module GeometryCache (306)
[2017.10.27-08.16.36:844][268]LogModuleManager: Shutting down and abandoning module GeometryCacheEd (305)
[2017.10.27-08.16.36:844][268]LogModuleManager: Shutting down and abandoning module SpeedTreeImporter (300)
[2017.10.27-08.16.36:844][268]LogModuleManager: Shutting down and abandoning module PluginBrowser (298)
[2017.10.27-08.16.36:844][268]LogModuleManager: Shutting down and abandoning module MobileLauncherProfileWizard (296)
[2017.10.27-08.16.36:844][268]LogModuleManager: Shutting down and abandoning module VisualStudioSourceCodeAccess (294)
[2017.10.27-08.16.36:844][268]LogModuleManager: Shutting down and abandoning module DesktopPlatform (293)
[2017.10.27-08.16.36:844][268]LogModuleManager: Shutting down and abandoning module UObjectPlugin (290)
[2017.10.27-08.16.36:844][268]LogModuleManager: Shutting down and abandoning module SubversionSourceControl (288)
[2017.10.27-08.16.36:844][268]LogModuleManager: Shutting down and abandoning module PerforceSourceControl (286)
[2017.10.27-08.16.36:844][268]LogModuleManager: Shutting down and abandoning module GitSourceControl (284)
[2017.10.27-08.16.36:844][268]LogModuleManager: Shutting down and abandoning module SourceControl (283)
[2017.10.27-08.16.36:844][268]LogModuleManager: Shutting down and abandoning module LightPropagationVolumeEditor (280)
[2017.10.27-08.16.36:844][268]LogModuleManager: Shutting down and abandoning module PaperTiledImporter (278)
[2017.10.27-08.16.36:844][268]LogModuleManager: Shutting down and abandoning module PaperSpriteSheetImporter (276)
[2017.10.27-08.16.36:844][268]LogModuleManager: Shutting down and abandoning module Paper2DEditor (274)
[2017.10.27-08.16.36:844][268]LogModuleManager: Shutting down and abandoning module MeshPaint (273)
[2017.10.27-08.16.36:844][268]LogModuleManager: Shutting down and abandoning module LevelEditor (271)
[2017.10.27-08.16.36:845][268]LogModuleManager: Shutting down and abandoning module PixelInspectorModule (270)
[2017.10.27-08.16.36:845][268]LogModuleManager: Shutting down and abandoning module MainFrame (268)
[2017.10.27-08.16.36:845][268]LogModuleManager: Shutting down and abandoning module HotReload (267)
[2017.10.27-08.16.36:845][268]LogModuleManager: Shutting down and abandoning module RuntimePhysXCooking (262)
[2017.10.27-08.16.36:845][268]LogModuleManager: Shutting down and abandoning module PhysXVehiclesEditor (260)
[2017.10.27-08.16.36:845][268]LogModuleManager: Shutting down and abandoning module PhysXVehicles (258)
[2017.10.27-08.16.36:845][268]LogModuleManager: Shutting down and abandoning module OculusEditor (256)
[2017.10.27-08.16.36:845][268]LogModuleManager: Shutting down and abandoning module LocationServicesBPLibrary (254)
[2017.10.27-08.16.36:845][268]LogModuleManager: Shutting down and abandoning module ImmediatePhysicsEditor (252)
[2017.10.27-08.16.36:845][268]LogModuleManager: Shutting down and abandoning module ImmediatePhysics (250)
[2017.10.27-08.16.36:845][268]LogModuleManager: Shutting down and abandoning module UdpMessaging (248)
[2017.10.27-08.16.36:946][268]LogModuleManager: Shutting down and abandoning module TcpMessaging (246)
[2017.10.27-08.16.37:047][268]LogModuleManager: Shutting down and abandoning module SubstanceCore (244)
[2017.10.27-08.16.37:047][268]LogModuleManager: Shutting down and abandoning module GameplayTagsEditor (242)
[2017.10.27-08.16.37:047][268]LogModuleManager: Shutting down and abandoning module FacialAnimationEditor (240)
[2017.10.27-08.16.37:047][268]LogModuleManager: Shutting down and abandoning module FacialAnimation (238)
[2017.10.27-08.16.37:047][268]LogModuleManager: Shutting down and abandoning module AssetManagerEditor (236)
[2017.10.27-08.16.37:047][268]LogModuleManager: Shutting down and abandoning module GraphEditor (235)
[2017.10.27-08.16.37:047][268]LogModuleManager: Shutting down and abandoning module ContentBrowser (233)
[2017.10.27-08.16.37:048][268]LogModuleManager: Shutting down and abandoning module LightPropagationVolumeRuntime (230)
[2017.10.27-08.16.37:048][268]LogModuleManager: Shutting down and abandoning module Paper2D (228)
[2017.10.27-08.16.37:048][268]LogModuleManager: Shutting down and abandoning module WindowsMoviePlayer (226)
[2017.10.27-08.16.37:048][268]LogModuleManager: Shutting down and abandoning module WmfMedia (224)
[2017.10.27-08.16.37:048][268]LogModuleManager: Shutting down and abandoning module PacketHandler (222)
[2017.10.27-08.16.37:048][268]LogModuleManager: Shutting down and abandoning module ClothingSystemEditor (220)
[2017.10.27-08.16.37:048][268]LogModuleManager: Shutting down and abandoning module ClothingSystemRuntime (218)
[2017.10.27-08.16.37:048][268]LogModuleManager: Shutting down and abandoning module Overlay (216)
[2017.10.27-08.16.37:048][268]LogModuleManager: Shutting down and abandoning module OverlayEditor (215)
[2017.10.27-08.16.37:048][268]LogModuleManager: Shutting down and abandoning module MediaAssets (212)
[2017.10.27-08.16.37:048][268]LogModuleManager: Shutting down and abandoning module VREditor (210)
[2017.10.27-08.16.37:048][268]LogModuleManager: Shutting down and abandoning module StringTableEditor (208)
[2017.10.27-08.16.37:049][268]LogModuleManager: Shutting down and abandoning module GameplayTasksEditor (206)
[2017.10.27-08.16.37:049][268]LogModuleManager: Shutting down and abandoning module BehaviorTreeEditor (204)
[2017.10.27-08.16.37:049][268]LogModuleManager: Shutting down and abandoning module FunctionalTesting (202)
[2017.10.27-08.16.37:049][268]LogModuleManager: Shutting down and abandoning module CollisionAnalyzer (200)
[2017.10.27-08.16.37:049][268]LogModuleManager: Shutting down and abandoning module WorkspaceMenuStructure (199)
[2017.10.27-08.16.37:049][268]LogModuleManager: Shutting down and abandoning module UMG (196)
[2017.10.27-08.16.37:049][268]LogModuleManager: Shutting down and abandoning module UMGEditor (195)
[2017.10.27-08.16.37:049][268]LogModuleManager: Shutting down and abandoning module Sequencer (194)
[2017.10.27-08.16.37:049][268]LogModuleManager: Shutting down and abandoning module MessageLog (191)
[2017.10.27-08.16.37:049][268]LogModuleManager: Shutting down and abandoning module SlateReflector (186)
[2017.10.27-08.16.37:049][268]LogModuleManager: Shutting down and abandoning module Slate (184)
[2017.10.27-08.16.37:049][268]LogModuleManager: Shutting down and abandoning module EditorStyle (182)
[2017.10.27-08.16.37:050][268]LogModuleManager: Shutting down and abandoning module MRMesh (180)
[2017.10.27-08.16.37:050][268]LogModuleManager: Shutting down and abandoning module SourceCodeAccess (178)
[2017.10.27-08.16.37:050][268]LogModuleManager: Shutting down and abandoning module HeadMountedDisplay (176)
[2017.10.27-08.16.37:050][268]LogModuleManager: Shutting down and abandoning module XAudio2 (174)
[2017.10.27-08.16.37:050][268]LogModuleManager: Shutting down and abandoning module Networking (172)
[2017.10.27-08.16.37:051][268]LogModuleManager: Shutting down and abandoning module Core (168)
[2017.10.27-08.16.37:051][268]LogModuleManager: Shutting down and abandoning module KismetCompiler (164)
[2017.10.27-08.16.37:051][268]LogModuleManager: Shutting down and abandoning module LevelSequence (162)
[2017.10.27-08.16.37:051][268]LogModuleManager: Shutting down and abandoning module MeshUtilities (160)
[2017.10.27-08.16.37:051][268]LogModuleManager: Shutting down and abandoning module MeshMergeUtilities (159)
[2017.10.27-08.16.37:051][268]LogModuleManager: Shutting down and abandoning module MeshReductionInterface (158)
[2017.10.27-08.16.37:051][268]LogModuleManager: Shutting down and abandoning module SimplygonSwarm (157)
[2017.10.27-08.16.37:051][268]LogModuleManager: Shutting down and abandoning module SimplygonMeshReduction (155)
[2017.10.27-08.16.37:051][268]LogModuleManager: Shutting down and abandoning module QuadricMeshReduction (153)
[2017.10.27-08.16.37:051][268]LogModuleManager: Shutting down and abandoning module MaterialBaking (149)
[2017.10.27-08.16.37:051][268]LogModuleManager: Shutting down and abandoning module DirectoryWatcher (146)
[2017.10.27-08.16.37:051][268]LogModuleManager: Shutting down and abandoning module DerivedDataCache (144)
[2017.10.27-08.16.37:089][268]LogDerivedDataCache: Shutdown
[2017.10.27-08.16.37:089][268]LogModuleManager: Shutting down and abandoning module TargetPlatform (142)
[2017.10.27-08.16.37:089][268]LogModuleManager: Shutting down and abandoning module VulkanShaderFormat (141)
[2017.10.27-08.16.37:089][268]LogModuleManager: Shutting down and abandoning module ShaderFormatVectorVM (139)
[2017.10.27-08.16.37:089][268]LogModuleManager: Shutting down and abandoning module ShaderFormatOpenGL (137)
[2017.10.27-08.16.37:089][268]LogModuleManager: Shutting down and abandoning module ShaderFormatD3D (135)
[2017.10.27-08.16.37:089][268]LogModuleManager: Shutting down and abandoning module MetalShaderFormat (133)
[2017.10.27-08.16.37:089][268]LogModuleManager: Shutting down and abandoning module TextureFormatUncompressed (131)
[2017.10.27-08.16.37:089][268]LogModuleManager: Shutting down and abandoning module TextureFormatPVR (129)
[2017.10.27-08.16.37:089][268]LogModuleManager: Shutting down and abandoning module TextureFormatDXT (127)
[2017.10.27-08.16.37:089][268]LogModuleManager: Shutting down and abandoning module TextureFormatIntelISPCTexComp (125)
[2017.10.27-08.16.37:089][268]LogModuleManager: Shutting down and abandoning module TextureFormatASTC (123)
[2017.10.27-08.16.37:089][268]LogModuleManager: Shutting down and abandoning module ImageWrapper (122)
[2017.10.27-08.16.37:089][268]LogModuleManager: Shutting down and abandoning module TextureFormatAndroid (119)
[2017.10.27-08.16.37:089][268]LogModuleManager: Shutting down and abandoning module AudioFormatOpus (117)
[2017.10.27-08.16.37:089][268]LogModuleManager: Shutting down and abandoning module AudioFormatOgg (115)
[2017.10.27-08.16.37:089][268]LogModuleManager: Shutting down and abandoning module AudioFormatADPCM (113)
[2017.10.27-08.16.37:090][268]LogModuleManager: Shutting down and abandoning module LinuxTargetPlatform (111)
[2017.10.27-08.16.37:090][268]LogModuleManager: Shutting down and abandoning module LinuxServerTargetPlatform (109)
[2017.10.27-08.16.37:090][268]LogModuleManager: Shutting down and abandoning module LinuxNoEditorTargetPlatform (107)
[2017.10.27-08.16.37:090][268]LogModuleManager: Shutting down and abandoning module LinuxClientTargetPlatform (105)
[2017.10.27-08.16.37:090][268]LogModuleManager: Shutting down and abandoning module TVOSTargetPlatform (103)
[2017.10.27-08.16.37:090][268]LogModuleManager: Shutting down and abandoning module Messaging (101)
[2017.10.27-08.16.37:090][268]LogModuleManager: Shutting down and abandoning module IOSTargetPlatform (99)
[2017.10.27-08.16.37:090][268]LogModuleManager: Shutting down and abandoning module HTML5TargetPlatform (97)
[2017.10.27-08.16.37:090][268]LogModuleManager: Shutting down and abandoning module Android_PVRTCTargetPlatform (95)
[2017.10.27-08.16.37:090][268]LogModuleManager: Shutting down and abandoning module Android_MultiTargetPlatform (93)
[2017.10.27-08.16.37:090][268]LogModuleManager: Shutting down and abandoning module Android_ETC2TargetPlatform (91)
[2017.10.27-08.16.37:090][268]LogModuleManager: Shutting down and abandoning module Android_ETC1TargetPlatform (89)
[2017.10.27-08.16.37:090][268]LogModuleManager: Shutting down and abandoning module Android_DXTTargetPlatform (87)
[2017.10.27-08.16.37:090][268]LogModuleManager: Shutting down and abandoning module Android_ATCTargetPlatform (85)
[2017.10.27-08.16.37:090][268]LogModuleManager: Shutting down and abandoning module Android_ASTCTargetPlatform (83)
[2017.10.27-08.16.37:090][268]LogModuleManager: Shutting down and abandoning module AndroidTargetPlatform (81)
[2017.10.27-08.16.37:090][268]LogModuleManager: Shutting down and abandoning module WindowsTargetPlatform (79)
[2017.10.27-08.16.37:090][268]LogModuleManager: Shutting down and abandoning module WindowsServerTargetPlatform (77)
[2017.10.27-08.16.37:090][268]LogModuleManager: Shutting down and abandoning module WindowsNoEditorTargetPlatform (75)
[2017.10.27-08.16.37:090][268]LogModuleManager: Shutting down and abandoning module WindowsClientTargetPlatform (73)
[2017.10.27-08.16.37:090][268]LogModuleManager: Shutting down and abandoning module MacTargetPlatform (71)
[2017.10.27-08.16.37:090][268]LogModuleManager: Shutting down and abandoning module MacServerTargetPlatform (69)
[2017.10.27-08.16.37:090][268]LogModuleManager: Shutting down and abandoning module MacNoEditorTargetPlatform (67)
[2017.10.27-08.16.37:090][268]LogModuleManager: Shutting down and abandoning module MacClientTargetPlatform (65)
[2017.10.27-08.16.37:090][268]LogModuleManager: Shutting down and abandoning module AllDesktopTargetPlatform (63)
[2017.10.27-08.16.37:090][268]LogModuleManager: Shutting down and abandoning module InputCore (60)
[2017.10.27-08.16.37:090][268]LogModuleManager: Shutting down and abandoning module Settings (58)
[2017.10.27-08.16.37:090][268]LogModuleManager: Shutting down and abandoning module PhysXCooking (56)
[2017.10.27-08.16.37:090][268]LogModuleManager: Shutting down and abandoning module SteamVR (54)
[2017.10.27-08.16.37:090][268]LogModuleManager: Shutting down and abandoning module OculusHMD (52)
[2017.10.27-08.16.37:090][268]LogModuleManager: Shutting down and abandoning module ExampleDeviceProfileSelector (50)
[2017.10.27-08.16.37:090][268]LogModuleManager: Shutting down and abandoning module OnlineBlueprintSupport (48)
[2017.10.27-08.16.37:090][268]LogModuleManager: Shutting down and abandoning module OnlineSubsystem (44)
[2017.10.27-08.16.37:090][268]LogOnline: Display: Unloading online subsystem: NULL
[2017.10.27-08.16.37:090][268]LogModuleManager: Shutting down and abandoning module XMPP (43)
[2017.10.27-08.16.37:090][268]LogModuleManager: Shutting down and abandoning module HTTP (41)
[2017.10.27-08.16.37:090][268]LogHttp: Display: Http module shutting down, but needs to wait on 1 outstanding Http requests:
[2017.10.27-08.16.37:090][268]LogHttp: Display: 	verb=[POST] url=[https://datarouter.ol.epicgames.com/datarouter/api/v1/public/data?SessionID=%7BA61274E7-461B-294B-087D-939388CA9535%7D&AppID=UEEditor.Rocket.Release&AppVersion=4.17.1-3586342%2B%2B%2BUE4%2BRelease-4.17&UserID=6bde4f5b47a6f36391b026a59d1aa916%7C158a3d21c9d844f4b0667e10c2dbcdd5%7Cc6b37b04-c469-4398-9679-5ef98439a072&AppEnvironment=datacollector-binary&UploadType=eteventstream] status=Processing
[2017.10.27-08.16.37:111][268]LogModuleManager: Shutting down and abandoning module SSL (40)
[2017.10.27-08.16.37:113][268]LogModuleManager: Shutting down and abandoning module AnimationModifiers (36)
[2017.10.27-08.16.37:113][268]LogModuleManager: Shutting down and abandoning module PropertyEditor (35)
[2017.10.27-08.16.37:113][268]LogModuleManager: Shutting down and abandoning module AudioEditor (32)
[2017.10.27-08.16.37:113][268]LogModuleManager: Shutting down and abandoning module TextureCompressor (30)
[2017.10.27-08.16.37:113][268]LogModuleManager: Shutting down and abandoning module ShaderCore (28)
[2017.10.27-08.16.37:113][268]LogModuleManager: Shutting down and abandoning module Landscape (26)
[2017.10.27-08.16.37:113][268]LogModuleManager: Shutting down and abandoning module SlateRHIRenderer (24)
[2017.10.27-08.16.37:113][268]LogModuleManager: Shutting down and abandoning module OpenGLDrv (22)
[2017.10.27-08.16.37:113][268]LogModuleManager: Shutting down and abandoning module D3D11RHI (20)
[2017.10.27-08.16.37:113][268]LogModuleManager: Shutting down and abandoning module AnimGraphRuntime (18)
[2017.10.27-08.16.37:113][268]LogModuleManager: Shutting down and abandoning module Renderer (16)
[2017.10.27-08.16.37:114][268]LogModuleManager: Shutting down and abandoning module Engine (14)
[2017.10.27-08.16.37:114][268]LogModuleManager: Shutting down and abandoning module CoreUObject (12)
[2017.10.27-08.16.37:114][268]LogModuleManager: Shutting down and abandoning module NetworkFile (10)
[2017.10.27-08.16.37:114][268]LogModuleManager: Shutting down and abandoning module CookedIterativeFile (8)
[2017.10.27-08.16.37:114][268]LogModuleManager: Shutting down and abandoning module StreamingFile (6)
[2017.10.27-08.16.37:114][268]LogModuleManager: Shutting down and abandoning module SandboxFile (4)
[2017.10.27-08.16.37:114][268]LogModuleManager: Shutting down and abandoning module PakFile (2)
[2017.10.27-08.16.37:117][268]LogExit: Exiting.
[2017.10.27-08.16.37:135][268]Log file closed, 10/27/17 01:16:37
