Log file open, 09/30/17 21:09:07
LogWindows: Failed to load 'aqProf.dll' (GetLastError=126)
LogWindows: File 'aqProf.dll' does not exist
LogWindows: Failed to load 'VtuneApi.dll' (GetLastError=126)
LogWindows: File 'VtuneApi.dll' does not exist
LogWindows: Failed to load 'VtuneApi32e.dll' (GetLastError=126)
LogWindows: File 'VtuneApi32e.dll' does not exist
LogInit: Display: Running engine for game: TheCursedGems
LogPlatformFile: Not using cached read wrapper
LogInit: Display: RandInit(861473065) SRandInit(861473065).
LogTaskGraph: Started task graph with 5 named threads and 14 total threads with 3 sets of task threads.
LogStats: Stats thread started at 0.237015
LogD3D11RHI: Aftermath initialized
LogPluginManager: Mounting plugin Paper2D
LogPluginManager: Mounting plugin LightPropagationVolume
LogPluginManager: Mounting plugin CodeLiteSourceCodeAccess
LogPluginManager: Mounting plugin GitSourceControl
LogPluginManager: Mounting plugin KDevelopSourceCodeAccess
LogPluginManager: Mounting plugin NullSourceCodeAccess
LogPluginManager: Mounting plugin PerforceSourceControl
LogPluginManager: Mounting plugin SubversionSourceControl
LogPluginManager: Mounting plugin UObjectPlugin
LogPluginManager: Mounting plugin VisualStudioSourceCodeAccess
LogPluginManager: Mounting plugin XCodeSourceCodeAccess
LogPluginManager: Mounting plugin AssetManagerEditor
LogPluginManager: Mounting plugin AudioCapture
LogPluginManager: Mounting plugin FacialAnimation
LogPluginManager: Mounting plugin GameplayTagsEditor
LogPluginManager: Mounting plugin MobileLauncherProfileWizard
LogPluginManager: Mounting plugin PluginBrowser
LogPluginManager: Mounting plugin SpeedTreeImporter
LogPluginManager: Mounting plugin AlembicImporter
LogPluginManager: Mounting plugin CharacterAI
LogPluginManager: Mounting plugin HTML5Networking
LogPluginManager: Mounting plugin Substance
LogPluginManager: Mounting plugin AndroidMedia
LogPluginManager: Mounting plugin AvfMedia
LogPluginManager: Mounting plugin MediaPlayerEditor
LogPluginManager: Mounting plugin WmfMedia
LogPluginManager: Mounting plugin TcpMessaging
LogPluginManager: Mounting plugin UdpMessaging
LogPluginManager: Mounting plugin LevelSequenceEditor
LogPluginManager: Mounting plugin MatineeToLevelSequence
LogPluginManager: Mounting plugin OnlineSubsystemGooglePlay
LogPluginManager: Mounting plugin OnlineSubsystemIOS
LogPluginManager: Mounting plugin OnlineSubsystem
LogPluginManager: Mounting plugin OnlineSubsystemNull
LogPluginManager: Mounting plugin OnlineSubsystemUtils
LogPluginManager: Mounting plugin AndroidDeviceProfileSelector
LogPluginManager: Mounting plugin AndroidMoviePlayer
LogPluginManager: Mounting plugin AndroidPermission
LogPluginManager: Mounting plugin AppleMoviePlayer
LogPluginManager: Mounting plugin ArchVisCharacter
LogPluginManager: Mounting plugin CableComponent
LogPluginManager: Mounting plugin CustomMeshComponent
LogPluginManager: Mounting plugin ExampleDeviceProfileSelector
LogPluginManager: Mounting plugin GoogleCloudMessaging
LogPluginManager: Mounting plugin ImmediatePhysics
LogPluginManager: Mounting plugin IOSDeviceProfileSelector
LogPluginManager: Mounting plugin LinuxDeviceProfileSelector
LogPluginManager: Mounting plugin LocationServicesBPLibrary
LogPluginManager: Mounting plugin MobilePatchingUtils
LogPluginManager: Mounting plugin OculusVR
LogPluginManager: Mounting plugin PhysXVehicles
LogPluginManager: Mounting plugin ProceduralMeshComponent
LogPluginManager: Mounting plugin RuntimePhysXCooking
LogPluginManager: Mounting plugin SteamVR
LogPluginManager: Mounting plugin WindowsMoviePlayer
LogInit: Using libcurl 7.47.1
LogInit:  - built for x86_64-pc-win32
LogInit:  - supports SSL with OpenSSL/1.0.2g
LogInit:  - supports HTTP deflate (compression) using libz 1.2.8
LogInit:  - other features:
LogInit:      CURL_VERSION_SSL
LogInit:      CURL_VERSION_LIBZ
LogInit:      CURL_VERSION_IPV6
LogInit:      CURL_VERSION_ASYNCHDNS
LogInit:      CURL_VERSION_LARGEFILE
LogInit:      CURL_VERSION_IDN
LogInit:  CurlRequestOptions (configurable via config and command line):
LogInit:  - bVerifyPeer = false  - Libcurl will NOT verify peer certificate
LogInit:  - bUseHttpProxy = false  - Libcurl will NOT use HTTP proxy
LogInit:  - bDontReuseConnections = false  - Libcurl will reuse connections
LogInit:  - CertBundlePath = nullptr  - Libcurl will use whatever was configured at build time.
LogInit: Build: ++UE4+Release-4.17-CL-3658906
LogInit: Engine Version: 4.17.2-3658906+++UE4+Release-4.17
LogInit: Compatible Engine Version: 4.17.0-3573198+++UE4+Release-4.17
LogInit: Net CL: 3573198
LogDevObjectVersion: Number of dev versions registered: 16
LogDevObjectVersion:   Dev-Blueprints (B0D832E4-1F89-4F0D-ACCF-7EB736FD4AA2): 10
LogDevObjectVersion:   Dev-Build (E1C64328-A22C-4D53-A36C-8E866417BD8C): 0
LogDevObjectVersion:   Dev-Core (375EC13C-06E4-48FB-B500-84F0262A717E): 2
LogDevObjectVersion:   Dev-Editor (E4B068ED-F494-42E9-A231-DA0B2E46BB41): 20
LogDevObjectVersion:   Dev-Framework (CFFC743F-43B0-4480-9391-14DF171D2073): 28
LogDevObjectVersion:   Dev-Mobile (B02B49B5-BB20-44E9-A304-32B752E40360): 0
LogDevObjectVersion:   Dev-Networking (A4E4105C-59A1-49B5-A7C5-40C4547EDFEE): 0
LogDevObjectVersion:   Dev-Online (39C831C9-5AE6-47DC-9A44-9C173E1C8E7C): 0
LogDevObjectVersion:   Dev-Physics (78F01B33-EBEA-4F98-B9B4-84EACCB95AA2): 0
LogDevObjectVersion:   Dev-Platform (6631380F-2D4D-43E0-8009-CF276956A95A): 0
LogDevObjectVersion:   Dev-Rendering (12F88B9F-8875-4AFC-A67C-D90C383ABD29): 19
LogDevObjectVersion:   Dev-Sequencer (7B5AE74C-D270-4C10-A958-57980B212A5A): 4
LogDevObjectVersion:   Dev-VR (D7296918-1DD6-4BDD-9DE2-64A83CC13884): 0
LogDevObjectVersion:   Dev-LoadTimes (C2A15278-BFE7-4AFE-6C17-90FF531DF755): 1
LogDevObjectVersion:   Private-Geometry (6EACA3D4-40EC-4CC1-B786-8BED09428FC5): 1
LogDevObjectVersion:   Dev-AnimPhys (29E575DD-E0A3-4627-9D10-D276232CDCEA): 7
LogInit: Compiled (64-bit): Sep 22 2017 13:47:16
LogInit: Compiled with Visual C++: 19.00.24215.01
LogInit: Build Configuration: Development
LogInit: Branch Name: ++UE4+Release-4.17
LogInit: Command line:  
LogInit: Base directory: D:/Games/Epic Games/UE_4.17/Engine/Binaries/Win64/
LogInit: Installed Engine Build: 1
LogInit: Presizing for max 8388607 objects, including 0 objects not considered by GC, pre-allocating 0 bytes for permanent pool.
LogInit: Object subsystem initialized
[2017.10.01-04.09.09:908][  0]LogInit: Selected Device Profile: [Windows]
[2017.10.01-04.09.09:909][  0]LogInit: Applying CVar settings loaded from the selected device profile: [Windows]
[2017.10.01-04.09.10:034][  0]LogInit: Computer: DESKTOP-6RSETCA
[2017.10.01-04.09.10:034][  0]LogInit: User: TwoRa
[2017.10.01-04.09.10:034][  0]LogInit: CPU Page size=4096, Cores=4
[2017.10.01-04.09.10:034][  0]LogInit: High frequency timer resolution =3.914067 MHz
[2017.10.01-04.09.10:034][  0]LogMemory: Memory total: Physical=31.9GB (32GB approx)
[2017.10.01-04.09.10:043][  0]LogMemory: Platform Memory Stats for Windows
[2017.10.01-04.09.10:043][  0]LogMemory: Process Physical Memory: 278.94 MB used, 278.94 MB peak
[2017.10.01-04.09.10:043][  0]LogMemory: Process Virtual Memory: 282.39 MB used, 282.39 MB peak
[2017.10.01-04.09.10:043][  0]LogMemory: Physical Memory: 11095.08 MB used,  21588.08 MB free, 32683.16 MB total
[2017.10.01-04.09.10:043][  0]LogMemory: Virtual Memory: 677.07 MB used,  21588.08 MB free, 134217728.00 MB total
[2017.10.01-04.09.11:314][  0]LogInit: Using OS detected language (en-US).
[2017.10.01-04.09.11:314][  0]LogInit: Using OS detected locale (en-US).
[2017.10.01-04.09.11:423][  0]LogTextLocalizationManager: No specific localization for 'en-US' exists, so the 'en' localization will be used.
[2017.10.01-04.09.14:923][  0]LogD3D11RHI: D3D11 adapters:
[2017.10.01-04.09.15:380][  0]LogD3D11RHI:    0. 'NVIDIA GeForce GTX 1080 Ti' (Feature Level 11_0)
[2017.10.01-04.09.15:380][  0]LogD3D11RHI:       11117/0/16341 MB DedicatedVideo/DedicatedSystem/SharedSystem, Outputs:2, VendorId:0x10de
[2017.10.01-04.09.15:382][  0]LogD3D11RHI:    1. 'Microsoft Basic Render Driver' (Feature Level 11_0)
[2017.10.01-04.09.15:382][  0]LogD3D11RHI:       0/0/16341 MB DedicatedVideo/DedicatedSystem/SharedSystem, Outputs:0, VendorId:0x1414
[2017.10.01-04.09.15:382][  0]LogD3D11RHI: Chosen D3D11 Adapter: 0
[2017.10.01-04.09.15:402][  0]LogD3D11RHI: Creating new Direct3DDevice
[2017.10.01-04.09.15:402][  0]LogD3D11RHI:     GPU DeviceId: 0x1b06 (for the marketing name, search the web for "GPU Device Id")
[2017.10.01-04.09.15:402][  0]LogWindows: EnumDisplayDevices:
[2017.10.01-04.09.15:402][  0]LogWindows:    0. 'NVIDIA GeForce GTX 1080 Ti' (P:1 D:1)
[2017.10.01-04.09.15:402][  0]LogWindows:    1. 'NVIDIA GeForce GTX 1080 Ti' (P:0 D:1)
[2017.10.01-04.09.15:402][  0]LogWindows:    2. 'NVIDIA GeForce GTX 1080 Ti' (P:0 D:0)
[2017.10.01-04.09.15:402][  0]LogWindows:    3. 'NVIDIA GeForce GTX 1080 Ti' (P:0 D:0)
[2017.10.01-04.09.15:402][  0]LogWindows: DebugString: FoundDriverCount:4 
[2017.10.01-04.09.15:402][  0]LogD3D11RHI:     Adapter Name: NVIDIA GeForce GTX 1080 Ti
[2017.10.01-04.09.15:402][  0]LogD3D11RHI:   Driver Version: 385.41 (internal:22.21.13.8541, unified:385.41)
[2017.10.01-04.09.15:402][  0]LogD3D11RHI:      Driver Date: 8-21-2017
[2017.10.01-04.09.15:402][  0]LogRHI: Texture pool is 1361 MB (70% of 1945 MB)
[2017.10.01-04.09.15:847][  0]LogD3D11RHI: Async texture creation enabled
[2017.10.01-04.09.16:388][  0]LogD3D11RHI: GPU Timing Frequency: 1000.000000 (Debug: 2 1)
[2017.10.01-04.09.16:561][  0]LogShaderCompilers: Guid format shader working directory is 24 characters bigger than the processId version (E:/GitHub/Cursed-Gems/Intermediate/Shaders/WorkingDirectory/20320/).
[2017.10.01-04.09.16:561][  0]LogShaderCompilers: Cleaned the shader compiler working directory 'C:/Users/TwoRa/AppData/Local/Temp/UnrealShaderWorkingDir/ECA7FEC34F9E94DF0200BBB5950642A6/'.
[2017.10.01-04.09.16:564][  0]LogShaderCompilers: Display: Using Local Shader Compiler.
[2017.10.01-04.09.20:171][  0]LogTemp: Display: Loaded TP AllDesktopTargetPlatform
[2017.10.01-04.09.20:255][  0]LogTemp: Display: Loaded TP MacClientTargetPlatform
[2017.10.01-04.09.20:341][  0]LogTemp: Display: Loaded TP MacNoEditorTargetPlatform
[2017.10.01-04.09.20:423][  0]LogTemp: Display: Loaded TP MacServerTargetPlatform
[2017.10.01-04.09.20:524][  0]LogTemp: Display: Loaded TP MacTargetPlatform
[2017.10.01-04.09.20:610][  0]LogTemp: Display: Loaded TP WindowsClientTargetPlatform
[2017.10.01-04.09.20:696][  0]LogTemp: Display: Loaded TP WindowsNoEditorTargetPlatform
[2017.10.01-04.09.20:782][  0]LogTemp: Display: Loaded TP WindowsServerTargetPlatform
[2017.10.01-04.09.20:861][  0]LogTemp: Display: Loaded TP WindowsTargetPlatform
[2017.10.01-04.09.20:956][  0]LogTemp: Display: Loaded TP AndroidTargetPlatform
[2017.10.01-04.09.21:041][  0]LogTemp: Display: Loaded TP Android_ASTCTargetPlatform
[2017.10.01-04.09.21:126][  0]LogTemp: Display: Loaded TP Android_ATCTargetPlatform
[2017.10.01-04.09.21:209][  0]LogTemp: Display: Loaded TP Android_DXTTargetPlatform
[2017.10.01-04.09.21:295][  0]LogTemp: Display: Loaded TP Android_ETC1TargetPlatform
[2017.10.01-04.09.21:392][  0]LogTemp: Display: Loaded TP Android_ETC2TargetPlatform
[2017.10.01-04.09.21:562][  0]LogTemp: Display: Loaded TP Android_MultiTargetPlatform
[2017.10.01-04.09.21:562][  0]LogTemp: Display: Loaded TP Android_PVRTCTargetPlatform
[2017.10.01-04.09.21:642][  0]LogTemp: Display: Loaded TP HTML5TargetPlatform
[2017.10.01-04.09.21:853][  0]LogTemp: Display: Loaded TP IOSTargetPlatform
[2017.10.01-04.09.21:906][  0]LogTemp: Display: Loaded TP TVOSTargetPlatform
[2017.10.01-04.09.21:989][  0]LogTemp: Display: Loaded TP LinuxClientTargetPlatform
[2017.10.01-04.09.22:071][  0]LogTemp: Display: Loaded TP LinuxNoEditorTargetPlatform
[2017.10.01-04.09.22:156][  0]LogTemp: Display: Loaded TP LinuxServerTargetPlatform
[2017.10.01-04.09.22:242][  0]LogTemp: Display: Loaded TP LinuxTargetPlatform
[2017.10.01-04.09.22:242][  0]LogTargetPlatformManager: Display: Building Assets For Windows
[2017.10.01-04.09.24:122][  0]LogDerivedDataCache: Display: Max Cache Size: 512 MB
[2017.10.01-04.09.24:449][  0]LogDerivedDataCache: Loaded boot cache 0.33s 94MB C:/Users/TwoRa/AppData/Local/UnrealEngine/4.17/DerivedDataCache/Boot.ddc.
[2017.10.01-04.09.24:449][  0]LogDerivedDataCache: Display: Loaded Boot cache: C:/Users/TwoRa/AppData/Local/UnrealEngine/4.17/DerivedDataCache/Boot.ddc
[2017.10.01-04.09.24:449][  0]LogDerivedDataCache: FDerivedDataBackendGraph:  Pak pak cache file E:/GitHub/Cursed-Gems/DerivedDataCache/DDC.ddp not found, will not use a pak cache.
[2017.10.01-04.09.24:449][  0]LogDerivedDataCache: Unable to find inner node Pak for hierarchical cache Hierarchy.
[2017.10.01-04.09.24:449][  0]LogDerivedDataCache: FDerivedDataBackendGraph:  CompressedPak pak cache file E:/GitHub/Cursed-Gems/DerivedDataCache/Compressed.ddp not found, will not use a pak cache.
[2017.10.01-04.09.24:449][  0]LogDerivedDataCache: Unable to find inner node CompressedPak for hierarchical cache Hierarchy.
[2017.10.01-04.09.24:484][  0]LogDerivedDataCache: Display: Pak cache opened for reading ../../../Engine/DerivedDataCache/Compressed.ddp.
[2017.10.01-04.09.24:495][  0]LogDerivedDataCache: Using Local data cache path C:/Users/TwoRa/AppData/Local/UnrealEngine/Common/DerivedDataCache: Writable
[2017.10.01-04.09.24:582][  0]LogMaterial: Verifying Global Shaders for PCD3D_SM5
[2017.10.01-04.09.24:680][  0]LogSlate: Using Freetype 2.6.0
[2017.10.01-04.09.24:743][  0]LogSlate: SlateFontCache - WITH_FREETYPE: 1, WITH_HARFBUZZ: 1
[2017.10.01-04.09.24:754][  0]LogSlate: SlateFontCache - WITH_FREETYPE: 1, WITH_HARFBUZZ: 1
[2017.10.01-04.09.34:090][  0]LogAssetRegistry: FAssetRegistry took 0.0975 seconds to start up
[2017.10.01-04.09.37:092][  0]LogInit: Selected Device Profile: [Windows]
