Log file open, 11/08/17 22:03:13
LogWindows: LoadLibraryWithSearchPaths failed for file aqProf.dll. GetLastError=0
LogWindows: LoadLibraryWithSearchPaths failed for file VtuneApi.dll. GetLastError=0
LogWindows: LoadLibraryWithSearchPaths failed for file VtuneApi32e.dll. GetLastError=0
LogInit: Display: Running engine for game: TheCursedGems
LogPlatformFile: Not using cached read wrapper
LogInit: Display: RandInit(-1911651433) SRandInit(-1911651433).
LogTaskGraph: Started task graph with 5 named threads and 14 total threads with 3 sets of task threads.
LogStats: Stats thread started at 0.173623
LogD3D11RHI: Aftermath initialized
LogPluginManager: Mounting plugin Paper2D
LogPluginManager: Mounting plugin LightPropagationVolume
LogPluginManager: Mounting plugin CodeLiteSourceCodeAccess
LogPluginManager: Mounting plugin GitSourceControl
LogPluginManager: Mounting plugin KDevelopSourceCodeAccess
LogPluginManager: Mounting plugin NullSourceCodeAccess
LogPluginManager: Mounting plugin PerforceSourceControl
LogPluginManager: Mounting plugin SubversionSourceControl
LogPluginManager: Mounting plugin UObjectPlugin
LogPluginManager: Mounting plugin VisualStudioSourceCodeAccess
LogPluginManager: Mounting plugin XCodeSourceCodeAccess
LogPluginManager: Mounting plugin AssetManagerEditor
LogPluginManager: Mounting plugin AudioCapture
LogPluginManager: Mounting plugin FacialAnimation
LogPluginManager: Mounting plugin GameplayTagsEditor
LogPluginManager: Mounting plugin MobileLauncherProfileWizard
LogPluginManager: Mounting plugin PluginBrowser
LogPluginManager: Mounting plugin SpeedTreeImporter
LogPluginManager: Mounting plugin AlembicImporter
LogPluginManager: Mounting plugin CharacterAI
LogPluginManager: Mounting plugin HTML5Networking
LogPluginManager: Mounting plugin Substance
LogPluginManager: Mounting plugin AndroidMedia
LogPluginManager: Mounting plugin AvfMedia
LogPluginManager: Mounting plugin MediaPlayerEditor
LogPluginManager: Mounting plugin WmfMedia
LogPluginManager: Mounting plugin TcpMessaging
LogPluginManager: Mounting plugin UdpMessaging
LogPluginManager: Mounting plugin LevelSequenceEditor
LogPluginManager: Mounting plugin MatineeToLevelSequence
LogPluginManager: Mounting plugin OnlineSubsystemGooglePlay
LogPluginManager: Mounting plugin OnlineSubsystemIOS
LogPluginManager: Mounting plugin OnlineSubsystem
LogPluginManager: Mounting plugin OnlineSubsystemNull
LogPluginManager: Mounting plugin OnlineSubsystemUtils
LogPluginManager: Mounting plugin AndroidDeviceProfileSelector
LogPluginManager: Mounting plugin AndroidMoviePlayer
LogPluginManager: Mounting plugin AndroidPermission
LogPluginManager: Mounting plugin AppleMoviePlayer
LogPluginManager: Mounting plugin ArchVisCharacter
LogPluginManager: Mounting plugin CableComponent
LogPluginManager: Mounting plugin CustomMeshComponent
LogPluginManager: Mounting plugin ExampleDeviceProfileSelector
LogPluginManager: Mounting plugin GoogleCloudMessaging
LogPluginManager: Mounting plugin ImmediatePhysics
LogPluginManager: Mounting plugin IOSDeviceProfileSelector
LogPluginManager: Mounting plugin LinuxDeviceProfileSelector
LogPluginManager: Mounting plugin LocationServicesBPLibrary
LogPluginManager: Mounting plugin MobilePatchingUtils
LogPluginManager: Mounting plugin OculusVR
LogPluginManager: Mounting plugin PhysXVehicles
LogPluginManager: Mounting plugin ProceduralMeshComponent
LogPluginManager: Mounting plugin RuntimePhysXCooking
LogPluginManager: Mounting plugin SteamVR
LogPluginManager: Mounting plugin WindowsMoviePlayer
LogInit: Using libcurl 7.47.1
LogInit:  - built for x86_64-pc-win32
LogInit:  - supports SSL with OpenSSL/1.0.2g
LogInit:  - supports HTTP deflate (compression) using libz 1.2.8
LogInit:  - other features:
LogInit:      CURL_VERSION_SSL
LogInit:      CURL_VERSION_LIBZ
LogInit:      CURL_VERSION_IPV6
LogInit:      CURL_VERSION_ASYNCHDNS
LogInit:      CURL_VERSION_LARGEFILE
LogInit:      CURL_VERSION_IDN
LogInit:  CurlRequestOptions (configurable via config and command line):
LogInit:  - bVerifyPeer = false  - Libcurl will NOT verify peer certificate
LogInit:  - bUseHttpProxy = false  - Libcurl will NOT use HTTP proxy
LogInit:  - bDontReuseConnections = false  - Libcurl will reuse connections
LogInit:  - CertBundlePath = nullptr  - Libcurl will use whatever was configured at build time.
LogHMD: Failed initializing OVRPlugin 1.15.0
LogInit: Build: ++UE4+Release-4.17-CL-3586342
LogInit: Engine Version: 4.17.1-3586342+++UE4+Release-4.17
LogInit: Compatible Engine Version: 4.17.0-3573198+++UE4+Release-4.17
LogInit: Net CL: 3573198
LogDevObjectVersion: Number of dev versions registered: 16
LogDevObjectVersion:   Dev-Blueprints (B0D832E4-1F89-4F0D-ACCF-7EB736FD4AA2): 10
LogDevObjectVersion:   Dev-Build (E1C64328-A22C-4D53-A36C-8E866417BD8C): 0
LogDevObjectVersion:   Dev-Core (375EC13C-06E4-48FB-B500-84F0262A717E): 2
LogDevObjectVersion:   Dev-Editor (E4B068ED-F494-42E9-A231-DA0B2E46BB41): 20
LogDevObjectVersion:   Dev-Framework (CFFC743F-43B0-4480-9391-14DF171D2073): 28
LogDevObjectVersion:   Dev-Mobile (B02B49B5-BB20-44E9-A304-32B752E40360): 0
LogDevObjectVersion:   Dev-Networking (A4E4105C-59A1-49B5-A7C5-40C4547EDFEE): 0
LogDevObjectVersion:   Dev-Online (39C831C9-5AE6-47DC-9A44-9C173E1C8E7C): 0
LogDevObjectVersion:   Dev-Physics (78F01B33-EBEA-4F98-B9B4-84EACCB95AA2): 0
LogDevObjectVersion:   Dev-Platform (6631380F-2D4D-43E0-8009-CF276956A95A): 0
LogDevObjectVersion:   Dev-Rendering (12F88B9F-8875-4AFC-A67C-D90C383ABD29): 19
LogDevObjectVersion:   Dev-Sequencer (7B5AE74C-D270-4C10-A958-57980B212A5A): 4
LogDevObjectVersion:   Dev-VR (D7296918-1DD6-4BDD-9DE2-64A83CC13884): 0
LogDevObjectVersion:   Dev-LoadTimes (C2A15278-BFE7-4AFE-6C17-90FF531DF755): 1
LogDevObjectVersion:   Private-Geometry (6EACA3D4-40EC-4CC1-B786-8BED09428FC5): 1
LogDevObjectVersion:   Dev-AnimPhys (29E575DD-E0A3-4627-9D10-D276232CDCEA): 7
LogInit: Compiled (64-bit): Aug 15 2017 02:05:26
LogInit: Compiled with Visual C++: 19.00.24215.01
LogInit: Build Configuration: Development
LogInit: Branch Name: ++UE4+Release-4.17
LogInit: Command line:  /Temp/Autosaves/Game/ThirdPersonBP/Maps/UEDPCNewWorld2 -game -PIEVIACONSOLE -ResX=1280 -ResY=720  -Multiprocess -messaging -SessionName="Play in Standalone Game" -windowed 
LogInit: Base directory: C:/Program Files/Epic Games/UE_4.17/Engine/Binaries/Win64/
LogInit: Installed Engine Build: 1
LogInit: Presizing for max 8388607 objects, including 0 objects not considered by GC, pre-allocating 0 bytes for permanent pool.
LogInit: Object subsystem initialized
[2017.11.09-06.03.15:380][  0]LogInit: Selected Device Profile: [Windows]
[2017.11.09-06.03.15:380][  0]LogInit: Applying CVar settings loaded from the selected device profile: [Windows]
[2017.11.09-06.03.15:393][  0]LogInit: Computer: NM2-808-09GAM
[2017.11.09-06.03.15:393][  0]LogInit: User: yshao3
[2017.11.09-06.03.15:393][  0]LogInit: CPU Page size=4096, Cores=4
[2017.11.09-06.03.15:393][  0]LogInit: High frequency timer resolution =3.515632 MHz
[2017.11.09-06.03.15:393][  0]LogMemory: Memory total: Physical=63.9GB (64GB approx)
[2017.11.09-06.03.15:393][  0]LogMemory: Platform Memory Stats for Windows
[2017.11.09-06.03.15:393][  0]LogMemory: Process Physical Memory: 282.35 MB used, 282.35 MB peak
[2017.11.09-06.03.15:393][  0]LogMemory: Process Virtual Memory: 283.58 MB used, 283.58 MB peak
[2017.11.09-06.03.15:393][  0]LogMemory: Physical Memory: 11449.73 MB used,  53985.80 MB free, 65435.53 MB total
[2017.11.09-06.03.15:393][  0]LogMemory: Virtual Memory: 709.88 MB used,  53985.80 MB free, 134217728.00 MB total
[2017.11.09-06.03.15:642][  0]LogInit: Using OS detected language (en-US).
[2017.11.09-06.03.15:642][  0]LogInit: Using OS detected locale (en-US).
[2017.11.09-06.03.15:645][  0]LogTextLocalizationManager: No specific localization for 'en-US' exists, so the 'en' localization will be used.
[2017.11.09-06.03.16:096][  0]LogD3D11RHI: D3D11 adapters:
[2017.11.09-06.03.16:128][  0]LogD3D11RHI:    0. 'NVIDIA GeForce GTX 1080 Ti' (Feature Level 11_0)
[2017.11.09-06.03.16:128][  0]LogD3D11RHI:       11117/0/32717 MB DedicatedVideo/DedicatedSystem/SharedSystem, Outputs:2, VendorId:0x10de
[2017.11.09-06.03.16:136][  0]LogD3D11RHI:    1. 'Intel(R) HD Graphics 630' (Feature Level 11_0)
[2017.11.09-06.03.16:136][  0]LogD3D11RHI:       128/0/32717 MB DedicatedVideo/DedicatedSystem/SharedSystem, Outputs:0, VendorId:0x8086
[2017.11.09-06.03.16:138][  0]LogD3D11RHI:    2. 'Microsoft Basic Render Driver' (Feature Level 11_0)
[2017.11.09-06.03.16:138][  0]LogD3D11RHI:       0/0/32717 MB DedicatedVideo/DedicatedSystem/SharedSystem, Outputs:0, VendorId:0x1414
[2017.11.09-06.03.16:138][  0]LogD3D11RHI: Chosen D3D11 Adapter: 0
[2017.11.09-06.03.16:144][  0]LogD3D11RHI: Creating new Direct3DDevice
[2017.11.09-06.03.16:144][  0]LogD3D11RHI:     GPU DeviceId: 0x1b06 (for the marketing name, search the web for "GPU Device Id")
[2017.11.09-06.03.16:144][  0]LogWindows: EnumDisplayDevices:
[2017.11.09-06.03.16:144][  0]LogWindows:    0. 'NVIDIA GeForce GTX 1080 Ti' (P:1 D:1)
[2017.11.09-06.03.16:144][  0]LogWindows:    1. 'NVIDIA GeForce GTX 1080 Ti' (P:0 D:1)
[2017.11.09-06.03.16:144][  0]LogWindows:    2. 'NVIDIA GeForce GTX 1080 Ti' (P:0 D:0)
[2017.11.09-06.03.16:144][  0]LogWindows:    3. 'NVIDIA GeForce GTX 1080 Ti' (P:0 D:0)
[2017.11.09-06.03.16:144][  0]LogWindows:    4. 'Intel(R) HD Graphics 630' (P:0 D:0)
[2017.11.09-06.03.16:145][  0]LogWindows:    5. 'Intel(R) HD Graphics 630' (P:0 D:0)
[2017.11.09-06.03.16:145][  0]LogWindows:    6. 'Intel(R) HD Graphics 630' (P:0 D:0)
[2017.11.09-06.03.16:145][  0]LogWindows: DebugString: PrimaryIsNotTheChoosenAdapter PrimaryIsNotTheChoosenAdapter PrimaryIsNotTheChoosenAdapter FoundDriverCount:4 
[2017.11.09-06.03.16:145][  0]LogD3D11RHI:     Adapter Name: NVIDIA GeForce GTX 1080 Ti
[2017.11.09-06.03.16:145][  0]LogD3D11RHI:   Driver Version: 385.41 (internal:22.21.13.8541, unified:385.41)
[2017.11.09-06.03.16:145][  0]LogD3D11RHI:      Driver Date: 8-21-2017
[2017.11.09-06.03.16:145][  0]LogRHI: Texture pool is 1361 MB (70% of 1945 MB)
[2017.11.09-06.03.16:164][  0]LogD3D11RHI: Async texture creation enabled
[2017.11.09-06.03.16:174][  0]LogD3D11RHI: GPU Timing Frequency: 1000.000000 (Debug: 2 1)
[2017.11.09-06.03.16:217][  0]LogD3D11RHI: HDR output is supported on display 1 (NvId: 0x80061086).
[2017.11.09-06.03.16:218][  0]LogShaderCompilers: Guid format shader working directory is 32 characters bigger than the processId version (Z:/Cursed-Gems/Intermediate/Shaders/WorkingDirectory/13376/).
[2017.11.09-06.03.16:218][  0]LogShaderCompilers: Cleaned the shader compiler working directory 'D:/Users/yshao3/AppData/Local/Temp/UnrealShaderWorkingDir/15EA38484B2F4C6EE99964A300000CAB/'.
[2017.11.09-06.03.16:218][  0]LogShaderCompilers: Display: Using Local Shader Compiler.
[2017.11.09-06.03.17:052][  0]LogTemp: Display: Loaded TP WindowsClientTargetPlatform
[2017.11.09-06.03.17:128][  0]LogTemp: Display: Loaded TP WindowsNoEditorTargetPlatform
[2017.11.09-06.03.17:205][  0]LogTemp: Display: Loaded TP WindowsServerTargetPlatform
[2017.11.09-06.03.17:270][  0]LogTemp: Display: Loaded TP WindowsTargetPlatform
[2017.11.09-06.03.17:271][  0]LogTargetPlatformManager: Display: Building Assets For Windows
[2017.11.09-06.03.18:011][  0]LogDerivedDataCache: Display: Max Cache Size: 512 MB
[2017.11.09-06.03.18:095][  0]LogDerivedDataCache: Loaded boot cache 0.08s 93MB D:/Users/yshao3/AppData/Local/UnrealEngine/4.17/DerivedDataCache/Boot.ddc.
[2017.11.09-06.03.18:095][  0]LogDerivedDataCache: Display: Loaded Boot cache: D:/Users/yshao3/AppData/Local/UnrealEngine/4.17/DerivedDataCache/Boot.ddc
[2017.11.09-06.03.18:098][  0]LogDerivedDataCache: FDerivedDataBackendGraph:  Pak pak cache file Z:/Cursed-Gems/DerivedDataCache/DDC.ddp not found, will not use a pak cache.
[2017.11.09-06.03.18:098][  0]LogDerivedDataCache: Unable to find inner node Pak for hierarchical cache Hierarchy.
[2017.11.09-06.03.18:101][  0]LogDerivedDataCache: FDerivedDataBackendGraph:  CompressedPak pak cache file Z:/Cursed-Gems/DerivedDataCache/Compressed.ddp not found, will not use a pak cache.
[2017.11.09-06.03.18:101][  0]LogDerivedDataCache: Unable to find inner node CompressedPak for hierarchical cache Hierarchy.
[2017.11.09-06.03.18:114][  0]LogDerivedDataCache: Display: Pak cache opened for reading ../../../Engine/DerivedDataCache/Compressed.ddp.
[2017.11.09-06.03.18:126][  0]LogDerivedDataCache: Using Local data cache path D:/Users/yshao3/AppData/Local/UnrealEngine/Common/DerivedDataCache: Writable
[2017.11.09-06.03.18:134][  0]LogMaterial: Verifying Global Shaders for PCD3D_SM5
[2017.11.09-06.03.18:134][  0]LogSlate: Using Freetype 2.6.0
[2017.11.09-06.03.18:135][  0]LogSlate: SlateFontCache - WITH_FREETYPE: 1, WITH_HARFBUZZ: 1
[2017.11.09-06.03.18:135][  0]LogSlate: SlateFontCache - WITH_FREETYPE: 1, WITH_HARFBUZZ: 1
[2017.11.09-06.03.18:353][  0]LogAssetRegistry: FAssetRegistry took 0.0067 seconds to start up
[2017.11.09-06.03.18:407][  0]LogPackageLocalizationCache: Processed 5 localized package path(s) for 2 prioritized culture(s) in 0.014672 seconds
[2017.11.09-06.03.18:587][  0]LogInit: Selected Device Profile: [Windows]
[2017.11.09-06.03.18:699][  0]LogContentStreaming: Texture pool size is 1000.00 MB
[2017.11.09-06.03.19:096][  0]LogSimplygon: Simplygon DLL not present - disabling.
[2017.11.09-06.03.19:158][  0]LogMeshReduction: Using SimplygonSwarm for distributed automatic mesh merging
[2017.11.09-06.03.19:158][  0]LogMeshReduction: Using QuadricMeshReduction for automatic static mesh reduction
[2017.11.09-06.03.19:158][  0]LogMeshReduction: No automatic skeletal mesh reduction module available
[2017.11.09-06.03.19:159][  0]LogMeshReduction: No automatic mesh merging module available
[2017.11.09-06.03.19:159][  0]LogMeshMerging: No automatic mesh merging module available
[2017.11.09-06.03.19:469][  0]LogNetVersion: TheCursedGems , NetCL: 3573198, EngineNetVer: 2, GameNetVer: 0 (Checksum: 156434613)
[2017.11.09-06.03.19:701][  0]LogInit: WinSock: version 1.1 (2.2), MaxSocks=32767, MaxUdp=65467
[2017.11.09-06.03.21:356][  0]LogMoviePlayer: Initializing movie player
[2017.11.09-06.03.21:772][  0]LogCollectionManager: Loaded 0 collections in 0.008792 seconds
[2017.11.09-06.03.21:877][  0]LogFileCache: Scanning file cache for directory 'Z:/Cursed-Gems/Saved/Collections/' took 0.01s
[2017.11.09-06.03.21:877][  0]LogFileCache: Scanning file cache for directory 'Z:/Cursed-Gems/Content/Developers/yshao3/Collections/' took 0.01s
[2017.11.09-06.03.21:877][  0]LogFileCache: Scanning file cache for directory 'Z:/Cursed-Gems/Content/Collections/' took 0.01s
[2017.11.09-06.03.21:877][  0]LogCollectionManager: Rebuilt the object cache for 0 collections in 0.000001 seconds (found 0 objects)
[2017.11.09-06.03.21:877][  0]LogCollectionManager: Fixed up redirectors for 0 collections in 0.000085 seconds (updated 0 objects)
[2017.11.09-06.03.22:155][  0]LogSubstanceCoreModule: Substance [CPU] Engine Loaded, Max Texture Size = 2048
[2017.11.09-06.03.22:201][  0]LogTcpMessaging: Initializing TcpMessaging bridge
[2017.11.09-06.03.22:254][  0]LogUdpMessaging: Initializing bridge on interface 0.0.0.0:0 to multicast group 230.0.0.1:6666.
[2017.11.09-06.03.22:759][  0]SourceControl: Source control is disabled
[2017.11.09-06.03.22:759][  0]SourceControl: Source control is disabled
[2017.11.09-06.03.22:813][  0]SourceControl: Source control is disabled
[2017.11.09-06.03.23:126][  0]LogAndroidPermission: UAndroidPermissionCallbackProxy::GetInstance
[2017.11.09-06.03.23:419][  0]LogOcInput: OculusInput pre-init called
[2017.11.09-06.03.23:536][  0]LogUObjectArray: 38853 objects as part of root set at end of initial load.
[2017.11.09-06.03.23:536][  0]LogUObjectAllocator: 8495200 out of 0 bytes used by permanent object pool.
[2017.11.09-06.03.23:536][  0]LogUObjectArray: CloseDisregardForGC: 0/0 objects in disregard for GC pool
[2017.11.09-06.03.23:653][  0]LogEngine: Initializing Engine...
[2017.11.09-06.03.23:654][  0]LogHMD: Failed to initialize OpenVR with code 110
[2017.11.09-06.03.23:813][  0]LogStats: UGameplayTagsManager::ConstructGameplayTagTree: Construct from data asset -  0.000 s
[2017.11.09-06.03.23:813][  0]LogStats: UGameplayTagsManager::ConstructGameplayTagTree: GameplayTagTreeChangedEvent.Broadcast -  0.000 s
[2017.11.09-06.03.23:829][  0]LogInit: XAudio2 using 'DELL U2417H-8 (2- NVIDIA High Definition Audio)' : 2 channels at 48 kHz using 16 bits per sample (channel mask 0x3)
[2017.11.09-06.03.23:841][  0]LogInit: FAudioDevice initialized.
[2017.11.09-06.03.23:863][  0]LogInit: Texture streaming: Enabled
[2017.11.09-06.03.23:878][  0]LogMaterial: Uniform references updated for custom material expression Custom.
[2017.11.09-06.03.24:178][  0]LogSlateStyle: Warning: Unable to find Slate Widget Style 'NormalText'. Using FTextBlockStyle defaults instead.
[2017.11.09-06.03.24:178][  0]LogSlateStyle: Warning: Unable to find Slate Widget Style 'SpinBox'. Using FSpinBoxStyle defaults instead.
[2017.11.09-06.03.24:429][  0]LogInit: Display: Game Engine Initialized.
[2017.11.09-06.03.24:429][  0]LogGameplayTags: Display: UGameplayTagsManager::DoneAddingNativeTags. DelegateIsBound: 0
[2017.11.09-06.03.24:628][  0]LogInit: Display: Starting Game.
[2017.11.09-06.03.24:628][  0]LogNet: Browse: /Temp/Autosaves/Game/ThirdPersonBP/Maps/UEDPCNewWorld2?Name=Player
[2017.11.09-06.03.24:628][  0]LogLoad: LoadMap: /Temp/Autosaves/Game/ThirdPersonBP/Maps/UEDPCNewWorld2?Name=Player
[2017.11.09-06.03.24:645][  0]LogMemory: Platform Memory Stats for Windows
[2017.11.09-06.03.24:645][  0]LogMemory: Process Physical Memory: 827.71 MB used, 952.68 MB peak
[2017.11.09-06.03.24:645][  0]LogMemory: Process Virtual Memory: 949.69 MB used, 1028.48 MB peak
[2017.11.09-06.03.24:645][  0]LogMemory: Physical Memory: 11971.46 MB used,  53464.07 MB free, 65435.53 MB total
[2017.11.09-06.03.24:645][  0]LogMemory: Virtual Memory: 1628.67 MB used,  53464.07 MB free, 134217728.00 MB total
[2017.11.09-06.03.24:645][  0]LogMemory: 
[2017.11.09-06.03.24:645][  0]Allocator Stats for TBB: (not implemented)
[2017.11.09-06.03.26:431][  0]LogAIModule: Creating AISystem for world NewWorld2
[2017.11.09-06.03.26:440][  0]LogLoad: Game class is 'ThirdPersonGameMode_C'
[2017.11.09-06.03.26:485][  0]LogWorld: Bringing World /Temp/Autosaves/Game/ThirdPersonBP/Maps/UEDPCNewWorld2.NewWorld2 up for play (max tick rate 0) at 2017.11.08-22.03.26
[2017.11.09-06.03.26:488][  0]LogWorld: Bringing up level for play took: 0.047793
[2017.11.09-06.03.26:493][  0]LogLoad: Took 1.865088 seconds to LoadMap(/Temp/Autosaves/Game/ThirdPersonBP/Maps/UEDPCNewWorld2)
[2017.11.09-06.03.26:740][  0]LogRenderer: Reallocating scene render targets to support 1280x720 Format 10 NumSamples 1 (Frame:1).
[2017.11.09-06.03.26:740][  0]LogLoad: (Engine Initialization) Total time: 14.46 seconds
[2017.11.09-06.03.26:740][  0]LogLoad: (Engine Initialization) Total Blueprint compile time: 0.00 seconds
[2017.11.09-06.03.26:740][  0]LogExternalProfiler: Found external profiler: VSPerf
[2017.11.09-06.03.26:740][  0]LogExternalProfiler: Using external profiler: VSPerf
[2017.11.09-06.10.56:805][792]LogScript: Warning: Attempted to access SM_Plains_Scrap_Bridge02_21 via property SM_Plains_Scrap_Bridge02_21_ExecuteUbergraph_NewWorld2_RefProperty, but SM_Plains_Scrap_Bridge02_21 is pending kill
	NewWorld2_C /Temp/Autosaves/Game/ThirdPersonBP/Maps/UEDPCNewWorld2.NewWorld2:PersistentLevel.NewWorld2_C_0
	Function /Temp/Autosaves/Game/ThirdPersonBP/Maps/UEDPCNewWorld2.NewWorld2_C:ExecuteUbergraph_NewWorld2:04B4
[2017.11.09-06.10.56:805][792]LogScript: Warning: Script call stack:
	Function /Temp/Autosaves/Game/ThirdPersonBP/Maps/UEDPCNewWorld2.NewWorld2_C:BndEvt__TriggerBox7_3_K2Node_ActorBoundEvent_2_ActorBeginOverlapSignature__DelegateSignature
	Function /Temp/Autosaves/Game/ThirdPersonBP/Maps/UEDPCNewWorld2.NewWorld2_C:ExecuteUbergraph_NewWorld2

[2017.11.09-06.10.56:851][795]LogScript: Warning: Attempted to access SM_Plains_Scrap_Bridge02_21 via property SM_Plains_Scrap_Bridge02_21_ExecuteUbergraph_NewWorld2_RefProperty, but SM_Plains_Scrap_Bridge02_21 is pending kill
	NewWorld2_C /Temp/Autosaves/Game/ThirdPersonBP/Maps/UEDPCNewWorld2.NewWorld2:PersistentLevel.NewWorld2_C_0
	Function /Temp/Autosaves/Game/ThirdPersonBP/Maps/UEDPCNewWorld2.NewWorld2_C:ExecuteUbergraph_NewWorld2:04B4
[2017.11.09-06.10.56:851][795]LogScript: Warning: Script call stack:
	Function /Temp/Autosaves/Game/ThirdPersonBP/Maps/UEDPCNewWorld2.NewWorld2_C:BndEvt__TriggerBox7_3_K2Node_ActorBoundEvent_2_ActorBeginOverlapSignature__DelegateSignature
	Function /Temp/Autosaves/Game/ThirdPersonBP/Maps/UEDPCNewWorld2.NewWorld2_C:ExecuteUbergraph_NewWorld2

[2017.11.09-06.11.31:901][968]LogNet: Browse: /Temp/Autosaves/Game/ThirdPersonBP/Maps/UEDPCNewWorld2
[2017.11.09-06.11.31:901][968]LogLoad: LoadMap: /Temp/Autosaves/Game/ThirdPersonBP/Maps/UEDPCNewWorld2
[2017.11.09-06.11.32:019][968]LogMemory: Platform Memory Stats for Windows
[2017.11.09-06.11.32:019][968]LogMemory: Process Physical Memory: 1155.82 MB used, 1513.38 MB peak
[2017.11.09-06.11.32:019][968]LogMemory: Process Virtual Memory: 1855.15 MB used, 2086.22 MB peak
[2017.11.09-06.11.32:019][968]LogMemory: Physical Memory: 12422.13 MB used,  53013.40 MB free, 65435.53 MB total
[2017.11.09-06.11.32:019][968]LogMemory: Virtual Memory: 2608.64 MB used,  53013.40 MB free, 134217728.00 MB total
[2017.11.09-06.11.32:019][968]LogMemory: 
[2017.11.09-06.11.32:019][968]Allocator Stats for TBB: (not implemented)
[2017.11.09-06.11.35:696][968]LogAIModule: Creating AISystem for world NewWorld2
[2017.11.09-06.11.35:709][968]LogLoad: Game class is 'ThirdPersonGameMode_C'
[2017.11.09-06.11.35:744][968]LogWorld: Bringing World /Temp/Autosaves/Game/ThirdPersonBP/Maps/UEDPCNewWorld2.NewWorld2 up for play (max tick rate 0) at 2017.11.08-22.11.35
[2017.11.09-06.11.35:748][968]LogWorld: Bringing up level for play took: 0.037468
[2017.11.09-06.11.35:751][968]LogLoad: Took 3.849456 seconds to LoadMap(/Temp/Autosaves/Game/ThirdPersonBP/Maps/UEDPCNewWorld2)
