Log file open, 10/11/17 09:13:58
LogWindows: LoadLibraryWithSearchPaths failed for file aqProf.dll. GetLastError=0
LogWindows: LoadLibraryWithSearchPaths failed for file VtuneApi.dll. GetLastError=0
LogWindows: LoadLibraryWithSearchPaths failed for file VtuneApi32e.dll. GetLastError=0
LogInit: Display: Running engine for game: TheCursedGems
LogPlatformFile: Not using cached read wrapper
LogInit: Display: RandInit(1515908795) SRandInit(1515908795).
LogTaskGraph: Started task graph with 5 named threads and 20 total threads with 3 sets of task threads.
LogStats: Stats thread started at 0.230703
LogD3D11RHI: Aftermath initialized
LogPluginManager: Mounting plugin Paper2D
LogPluginManager: Mounting plugin LightPropagationVolume
LogPluginManager: Mounting plugin CodeLiteSourceCodeAccess
LogPluginManager: Mounting plugin GitSourceControl
LogPluginManager: Mounting plugin KDevelopSourceCodeAccess
LogPluginManager: Mounting plugin NullSourceCodeAccess
LogPluginManager: Mounting plugin PerforceSourceControl
LogPluginManager: Mounting plugin SubversionSourceControl
LogPluginManager: Mounting plugin UObjectPlugin
LogPluginManager: Mounting plugin VisualStudioSourceCodeAccess
LogPluginManager: Mounting plugin XCodeSourceCodeAccess
LogPluginManager: Mounting plugin AssetManagerEditor
LogPluginManager: Mounting plugin AudioCapture
LogPluginManager: Mounting plugin FacialAnimation
LogPluginManager: Mounting plugin GameplayTagsEditor
LogPluginManager: Mounting plugin MobileLauncherProfileWizard
LogPluginManager: Mounting plugin PluginBrowser
LogPluginManager: Mounting plugin SpeedTreeImporter
LogPluginManager: Mounting plugin AlembicImporter
LogPluginManager: Mounting plugin CharacterAI
LogPluginManager: Mounting plugin HTML5Networking
LogPluginManager: Mounting plugin Substance
LogPluginManager: Mounting plugin AndroidMedia
LogPluginManager: Mounting plugin AvfMedia
LogPluginManager: Mounting plugin MediaPlayerEditor
LogPluginManager: Mounting plugin WmfMedia
LogPluginManager: Mounting plugin TcpMessaging
LogPluginManager: Mounting plugin UdpMessaging
LogPluginManager: Mounting plugin LevelSequenceEditor
LogPluginManager: Mounting plugin MatineeToLevelSequence
LogPluginManager: Mounting plugin OnlineSubsystemGooglePlay
LogPluginManager: Mounting plugin OnlineSubsystemIOS
LogPluginManager: Mounting plugin OnlineSubsystem
LogPluginManager: Mounting plugin OnlineSubsystemNull
LogPluginManager: Mounting plugin OnlineSubsystemUtils
LogPluginManager: Mounting plugin AndroidDeviceProfileSelector
LogPluginManager: Mounting plugin AndroidMoviePlayer
LogPluginManager: Mounting plugin AndroidPermission
LogPluginManager: Mounting plugin AppleMoviePlayer
LogPluginManager: Mounting plugin ArchVisCharacter
LogPluginManager: Mounting plugin CableComponent
LogPluginManager: Mounting plugin CustomMeshComponent
LogPluginManager: Mounting plugin ExampleDeviceProfileSelector
LogPluginManager: Mounting plugin GoogleCloudMessaging
LogPluginManager: Mounting plugin ImmediatePhysics
LogPluginManager: Mounting plugin IOSDeviceProfileSelector
LogPluginManager: Mounting plugin LinuxDeviceProfileSelector
LogPluginManager: Mounting plugin LocationServicesBPLibrary
LogPluginManager: Mounting plugin MobilePatchingUtils
LogPluginManager: Mounting plugin OculusVR
LogPluginManager: Mounting plugin PhysXVehicles
LogPluginManager: Mounting plugin ProceduralMeshComponent
LogPluginManager: Mounting plugin RuntimePhysXCooking
LogPluginManager: Mounting plugin SteamVR
LogPluginManager: Mounting plugin WindowsMoviePlayer
LogInit: Using libcurl 7.47.1
LogInit:  - built for x86_64-pc-win32
LogInit:  - supports SSL with OpenSSL/1.0.2g
LogInit:  - supports HTTP deflate (compression) using libz 1.2.8
LogInit:  - other features:
LogInit:      CURL_VERSION_SSL
LogInit:      CURL_VERSION_LIBZ
LogInit:      CURL_VERSION_IPV6
LogInit:      CURL_VERSION_ASYNCHDNS
LogInit:      CURL_VERSION_LARGEFILE
LogInit:      CURL_VERSION_IDN
LogInit:  CurlRequestOptions (configurable via config and command line):
LogInit:  - bVerifyPeer = false  - Libcurl will NOT verify peer certificate
LogInit:  - bUseHttpProxy = false  - Libcurl will NOT use HTTP proxy
LogInit:  - bDontReuseConnections = false  - Libcurl will reuse connections
LogInit:  - CertBundlePath = nullptr  - Libcurl will use whatever was configured at build time.
LogInit: Build: ++UE4+Release-4.17-CL-3586342
LogInit: Engine Version: 4.17.1-3586342+++UE4+Release-4.17
LogInit: Compatible Engine Version: 4.17.0-3573198+++UE4+Release-4.17
LogInit: Net CL: 3573198
LogDevObjectVersion: Number of dev versions registered: 16
LogDevObjectVersion:   Dev-Blueprints (B0D832E4-1F89-4F0D-ACCF-7EB736FD4AA2): 10
LogDevObjectVersion:   Dev-Build (E1C64328-A22C-4D53-A36C-8E866417BD8C): 0
LogDevObjectVersion:   Dev-Core (375EC13C-06E4-48FB-B500-84F0262A717E): 2
LogDevObjectVersion:   Dev-Editor (E4B068ED-F494-42E9-A231-DA0B2E46BB41): 20
LogDevObjectVersion:   Dev-Framework (CFFC743F-43B0-4480-9391-14DF171D2073): 28
LogDevObjectVersion:   Dev-Mobile (B02B49B5-BB20-44E9-A304-32B752E40360): 0
LogDevObjectVersion:   Dev-Networking (A4E4105C-59A1-49B5-A7C5-40C4547EDFEE): 0
LogDevObjectVersion:   Dev-Online (39C831C9-5AE6-47DC-9A44-9C173E1C8E7C): 0
LogDevObjectVersion:   Dev-Physics (78F01B33-EBEA-4F98-B9B4-84EACCB95AA2): 0
LogDevObjectVersion:   Dev-Platform (6631380F-2D4D-43E0-8009-CF276956A95A): 0
LogDevObjectVersion:   Dev-Rendering (12F88B9F-8875-4AFC-A67C-D90C383ABD29): 19
LogDevObjectVersion:   Dev-Sequencer (7B5AE74C-D270-4C10-A958-57980B212A5A): 4
LogDevObjectVersion:   Dev-VR (D7296918-1DD6-4BDD-9DE2-64A83CC13884): 0
LogDevObjectVersion:   Dev-LoadTimes (C2A15278-BFE7-4AFE-6C17-90FF531DF755): 1
LogDevObjectVersion:   Private-Geometry (6EACA3D4-40EC-4CC1-B786-8BED09428FC5): 1
LogDevObjectVersion:   Dev-AnimPhys (29E575DD-E0A3-4627-9D10-D276232CDCEA): 7
LogInit: Compiled (64-bit): Aug 15 2017 02:05:26
LogInit: Compiled with Visual C++: 19.00.24215.01
LogInit: Build Configuration: Development
LogInit: Branch Name: ++UE4+Release-4.17
LogInit: Command line:  
LogInit: Base directory: E:/JOE-software/UE4/UE_4.17/Engine/Binaries/Win64/
LogInit: Installed Engine Build: 1
LogInit: Presizing for max 8388607 objects, including 0 objects not considered by GC, pre-allocating 0 bytes for permanent pool.
LogInit: Object subsystem initialized
[2017.10.11-16.13.58:969][  0]LogInit: Selected Device Profile: [Windows]
[2017.10.11-16.13.58:969][  0]LogInit: Applying CVar settings loaded from the selected device profile: [Windows]
[2017.10.11-16.13.58:980][  0]LogInit: Computer: JOE-PC
[2017.10.11-16.13.58:980][  0]LogInit: User: JOE
[2017.10.11-16.13.58:980][  0]LogInit: CPU Page size=4096, Cores=6
[2017.10.11-16.13.58:980][  0]LogInit: High frequency timer resolution =3.221720 MHz
[2017.10.11-16.13.58:980][  0]LogMemory: Memory total: Physical=11.9GB (12GB approx)
[2017.10.11-16.13.58:980][  0]LogMemory: Platform Memory Stats for Windows
[2017.10.11-16.13.58:980][  0]LogMemory: Process Physical Memory: 279.31 MB used, 279.31 MB peak
[2017.10.11-16.13.58:980][  0]LogMemory: Process Virtual Memory: 282.93 MB used, 282.93 MB peak
[2017.10.11-16.13.58:980][  0]LogMemory: Physical Memory: 4725.83 MB used,  7452.68 MB free, 12178.50 MB total
[2017.10.11-16.13.58:980][  0]LogMemory: Virtual Memory: 682.58 MB used,  7452.68 MB free, 134217728.00 MB total
[2017.10.11-16.13.59:083][  0]LogInit: Using OS detected language (en-US).
[2017.10.11-16.13.59:083][  0]LogInit: Using OS detected locale (zh-CN).
[2017.10.11-16.13.59:085][  0]LogTextLocalizationManager: No specific localization for 'en-US' exists, so the 'en' localization will be used.
[2017.10.11-16.13.59:706][  0]LogD3D11RHI: D3D11 adapters:
[2017.10.11-16.13.59:744][  0]LogD3D11RHI:    0. 'NVIDIA GeForce GTX 770' (Feature Level 11_0)
[2017.10.11-16.13.59:744][  0]LogD3D11RHI:       2017/0/6089 MB DedicatedVideo/DedicatedSystem/SharedSystem, Outputs:2, VendorId:0x10de
[2017.10.11-16.13.59:745][  0]LogD3D11RHI:    1. 'Microsoft Basic Render Driver' (Feature Level 11_0)
[2017.10.11-16.13.59:745][  0]LogD3D11RHI:       0/0/6089 MB DedicatedVideo/DedicatedSystem/SharedSystem, Outputs:0, VendorId:0x1414
[2017.10.11-16.13.59:745][  0]LogD3D11RHI: Chosen D3D11 Adapter: 0
[2017.10.11-16.13.59:752][  0]LogD3D11RHI: Creating new Direct3DDevice
[2017.10.11-16.13.59:752][  0]LogD3D11RHI:     GPU DeviceId: 0x1184 (for the marketing name, search the web for "GPU Device Id")
[2017.10.11-16.13.59:752][  0]LogWindows: EnumDisplayDevices:
[2017.10.11-16.13.59:752][  0]LogWindows:    0. 'NVIDIA GeForce GTX 770' (P:1 D:1)
[2017.10.11-16.13.59:752][  0]LogWindows:    1. 'NVIDIA GeForce GTX 770' (P:0 D:1)
[2017.10.11-16.13.59:752][  0]LogWindows:    2. 'NVIDIA GeForce GTX 770' (P:0 D:0)
[2017.10.11-16.13.59:753][  0]LogWindows:    3. 'NVIDIA GeForce GTX 770' (P:0 D:0)
[2017.10.11-16.13.59:753][  0]LogWindows: DebugString: FoundDriverCount:4 
[2017.10.11-16.13.59:753][  0]LogD3D11RHI:     Adapter Name: NVIDIA GeForce GTX 770
[2017.10.11-16.13.59:753][  0]LogD3D11RHI:   Driver Version: 387.92 (internal:23.21.13.8792, unified:387.92)
[2017.10.11-16.13.59:753][  0]LogD3D11RHI:      Driver Date: 10-6-2017
[2017.10.11-16.13.59:753][  0]LogRHI: Texture pool is 1361 MB (70% of 1945 MB)
[2017.10.11-16.13.59:776][  0]LogD3D11RHI: Async texture creation enabled
[2017.10.11-16.13.59:819][  0]LogD3D11RHI: GPU Timing Frequency: 1000.000000 (Debug: 2 1)
[2017.10.11-16.13.59:868][  0]LogShaderCompilers: Guid format shader working directory is -21 characters bigger than the processId version (../../../../../../JOE-school/第八学期/GAM606/Cursed-Gems/Cursed-Gems/Intermediate/Shaders/WorkingDirectory/13244/).
[2017.10.11-16.13.59:869][  0]LogShaderCompilers: Cleaned the shader compiler working directory 'C:/Users/JOE/AppData/Local/Temp/UnrealShaderWorkingDir/92F8F4264CEB7F711E3DC0A09373B800/'.
[2017.10.11-16.13.59:869][  0]LogShaderCompilers: Display: Using Local Shader Compiler.
[2017.10.11-16.14.01:033][  0]LogTemp: Display: Loaded TP AllDesktopTargetPlatform
[2017.10.11-16.14.01:072][  0]LogTemp: Display: Loaded TP MacClientTargetPlatform
[2017.10.11-16.14.01:109][  0]LogTemp: Display: Loaded TP MacNoEditorTargetPlatform
[2017.10.11-16.14.01:145][  0]LogTemp: Display: Loaded TP MacServerTargetPlatform
[2017.10.11-16.14.01:184][  0]LogTemp: Display: Loaded TP MacTargetPlatform
[2017.10.11-16.14.01:220][  0]LogTemp: Display: Loaded TP WindowsClientTargetPlatform
[2017.10.11-16.14.01:257][  0]LogTemp: Display: Loaded TP WindowsNoEditorTargetPlatform
[2017.10.11-16.14.01:293][  0]LogTemp: Display: Loaded TP WindowsServerTargetPlatform
[2017.10.11-16.14.01:322][  0]LogTemp: Display: Loaded TP WindowsTargetPlatform
[2017.10.11-16.14.01:358][  0]LogTemp: Display: Loaded TP AndroidTargetPlatform
[2017.10.11-16.14.01:394][  0]LogTemp: Display: Loaded TP Android_ASTCTargetPlatform
[2017.10.11-16.14.01:429][  0]LogTemp: Display: Loaded TP Android_ATCTargetPlatform
[2017.10.11-16.14.01:464][  0]LogTemp: Display: Loaded TP Android_DXTTargetPlatform
[2017.10.11-16.14.01:500][  0]LogTemp: Display: Loaded TP Android_ETC1TargetPlatform
[2017.10.11-16.14.01:535][  0]LogTemp: Display: Loaded TP Android_ETC2TargetPlatform
[2017.10.11-16.14.01:605][  0]LogTemp: Display: Loaded TP Android_MultiTargetPlatform
[2017.10.11-16.14.01:605][  0]LogTemp: Display: Loaded TP Android_PVRTCTargetPlatform
[2017.10.11-16.14.01:632][  0]LogTemp: Display: Loaded TP HTML5TargetPlatform
[2017.10.11-16.14.01:703][  0]LogTemp: Display: Loaded TP IOSTargetPlatform
[2017.10.11-16.14.01:725][  0]LogTemp: Display: Loaded TP TVOSTargetPlatform
[2017.10.11-16.14.01:762][  0]LogTemp: Display: Loaded TP LinuxClientTargetPlatform
[2017.10.11-16.14.01:797][  0]LogTemp: Display: Loaded TP LinuxNoEditorTargetPlatform
[2017.10.11-16.14.01:832][  0]LogTemp: Display: Loaded TP LinuxServerTargetPlatform
[2017.10.11-16.14.01:868][  0]LogTemp: Display: Loaded TP LinuxTargetPlatform
[2017.10.11-16.14.01:868][  0]LogTargetPlatformManager: Display: Building Assets For Windows
[2017.10.11-16.14.02:181][  0]LogDerivedDataCache: Display: Max Cache Size: 512 MB
[2017.10.11-16.14.02:279][  0]LogDerivedDataCache: Loaded boot cache 0.10s 94MB C:/Users/JOE/AppData/Local/UnrealEngine/4.17/DerivedDataCache/Boot.ddc.
[2017.10.11-16.14.02:279][  0]LogDerivedDataCache: Display: Loaded Boot cache: C:/Users/JOE/AppData/Local/UnrealEngine/4.17/DerivedDataCache/Boot.ddc
[2017.10.11-16.14.02:279][  0]LogDerivedDataCache: FDerivedDataBackendGraph:  Pak pak cache file ../../../../../../JOE-school/第八学期/GAM606/Cursed-Gems/Cursed-Gems/DerivedDataCache/DDC.ddp not found, will not use a pak cache.
[2017.10.11-16.14.02:279][  0]LogDerivedDataCache: Unable to find inner node Pak for hierarchical cache Hierarchy.
[2017.10.11-16.14.02:279][  0]LogDerivedDataCache: FDerivedDataBackendGraph:  CompressedPak pak cache file ../../../../../../JOE-school/第八学期/GAM606/Cursed-Gems/Cursed-Gems/DerivedDataCache/Compressed.ddp not found, will not use a pak cache.
[2017.10.11-16.14.02:279][  0]LogDerivedDataCache: Unable to find inner node CompressedPak for hierarchical cache Hierarchy.
[2017.10.11-16.14.02:295][  0]LogDerivedDataCache: Display: Pak cache opened for reading ../../../Engine/DerivedDataCache/Compressed.ddp.
[2017.10.11-16.14.02:307][  0]LogDerivedDataCache: Using Local data cache path C:/Users/JOE/AppData/Local/UnrealEngine/Common/DerivedDataCache: Writable
[2017.10.11-16.14.02:317][  0]LogMaterial: Verifying Global Shaders for PCD3D_SM5
[2017.10.11-16.14.02:318][  0]LogSlate: Using Freetype 2.6.0
[2017.10.11-16.14.02:318][  0]LogSlate: SlateFontCache - WITH_FREETYPE: 1, WITH_HARFBUZZ: 1
[2017.10.11-16.14.02:318][  0]LogSlate: SlateFontCache - WITH_FREETYPE: 1, WITH_HARFBUZZ: 1
[2017.10.11-16.14.02:571][  0]LogAssetRegistry: FAssetRegistry took 0.0259 seconds to start up
[2017.10.11-16.14.02:674][  0]LogInit: Selected Device Profile: [Windows]
[2017.10.11-16.14.02:798][  0]LogContentStreaming: Texture pool size is 0.00 MB
[2017.10.11-16.14.03:018][  0]LogSimplygon: Simplygon DLL not present - disabling.
[2017.10.11-16.14.03:044][  0]LogMeshReduction: Using SimplygonSwarm for distributed automatic mesh merging
[2017.10.11-16.14.03:044][  0]LogMeshReduction: Using QuadricMeshReduction for automatic static mesh reduction
[2017.10.11-16.14.03:044][  0]LogMeshReduction: No automatic skeletal mesh reduction module available
[2017.10.11-16.14.03:044][  0]LogMeshReduction: No automatic mesh merging module available
[2017.10.11-16.14.03:044][  0]LogMeshMerging: No automatic mesh merging module available
[2017.10.11-16.14.03:349][  0]LogNetVersion: TheCursedGems , NetCL: 3573198, EngineNetVer: 2, GameNetVer: 0 (Checksum: 156434613)
[2017.10.11-16.14.03:513][  0]LogPackageLocalizationCache: Processed 5 localized package path(s) for 2 prioritized culture(s) in 0.038025 seconds
[2017.10.11-16.14.03:519][  0]LogUObjectArray: 35825 objects as part of root set at end of initial load.
[2017.10.11-16.14.03:519][  0]LogUObjectAllocator: 7529112 out of 0 bytes used by permanent object pool.
[2017.10.11-16.14.03:519][  0]LogUObjectArray: CloseDisregardForGC: 0/0 objects in disregard for GC pool
[2017.10.11-16.14.03:558][  0]LogInit: WinSock: version 1.1 (2.2), MaxSocks=32767, MaxUdp=65467
[2017.10.11-16.14.05:547][  0]LogSubstanceCoreModule: Substance [CPU] Engine Loaded, Max Texture Size = 2048
[2017.10.11-16.14.05:548][  0]LogStreaming: Warning: Failed to read file '../../../Engine/Plugins/Marketplace/Substance/Content/Icons/icon_Substance_White_40x.png' error.
[2017.10.11-16.14.05:548][  0]LogSlate: Could not find file for Slate resource: ../../../Engine/Plugins/Marketplace/Substance/Content/Icons/icon_Substance_White_40x.png
[2017.10.11-16.14.05:548][  0]LogStreaming: Warning: Failed to read file '../../../Engine/Plugins/Marketplace/Substance/Content/Icons/icon_SubstanceFactory_White_40x.png' error.
[2017.10.11-16.14.05:548][  0]LogSlate: Could not find file for Slate resource: ../../../Engine/Plugins/Marketplace/Substance/Content/Icons/icon_SubstanceFactory_White_40x.png
[2017.10.11-16.14.05:569][  0]LogTcpMessaging: Initializing TcpMessaging bridge
[2017.10.11-16.14.05:599][  0]LogUdpMessaging: Initializing bridge on interface 0.0.0.0:0 to multicast group 230.0.0.1:6666.
[2017.10.11-16.14.06:045][  0]LogMaterial: Uniform references updated for custom material expression Custom.
[2017.10.11-16.14.06:336][  0]SourceControl: Source control is disabled
[2017.10.11-16.14.06:336][  0]SourceControl: Source control is disabled
[2017.10.11-16.14.06:367][  0]SourceControl: Source control is disabled
[2017.10.11-16.14.06:397][  0]SourceControl: Source control is disabled
[2017.10.11-16.14.06:775][  0]LogAndroidPermission: UAndroidPermissionCallbackProxy::GetInstance
[2017.10.11-16.14.06:933][  0]LogOcInput: OculusInput pre-init called
[2017.10.11-16.14.07:249][  0]LogEngine: Initializing Engine...
[2017.10.11-16.14.07:250][  0]LogHMD: Failed to initialize OpenVR with code 110
[2017.10.11-16.14.07:460][  0]LogStats: UGameplayTagsManager::ConstructGameplayTagTree: Construct from data asset -  0.000 s
[2017.10.11-16.14.07:460][  0]LogStats: UGameplayTagsManager::ConstructGameplayTagTree: GameplayTagTreeChangedEvent.Broadcast -  0.000 s
[2017.10.11-16.14.07:545][  0]LogAIModule: Creating AISystem for world Untitled
[2017.10.11-16.14.07:555][  0]LogInit: XAudio2 using 'Speakers (Realtek High Definition Audio)' : 2 channels at 48 kHz using 32 bits per sample (channel mask 0x3)
[2017.10.11-16.14.07:566][  0]LogInit: FAudioDevice initialized.
[2017.10.11-16.14.07:658][  0]LogDerivedDataCache: Saved boot cache 0.09s 94MB C:/Users/JOE/AppData/Local/UnrealEngine/4.17/DerivedDataCache/Boot.ddc.
[2017.10.11-16.14.07:672][  0]LogInit: Texture streaming: Enabled
[2017.10.11-16.14.07:745][  0]LogEngineSessionManager: EngineSessionManager initialized
[2017.10.11-16.14.07:888][  0]LogInit: Transaction tracking system initialized
[2017.10.11-16.14.08:088][  0]BlueprintLog: New page: Editor Load
[2017.10.11-16.14.08:661][  0]LocalizationService: Localization service is disabled
[2017.10.11-16.14.09:109][  0]LogConsoleResponse: Display: 
[2017.10.11-16.14.09:253][  0]LogCook: Display: Max memory allowance for cook 16384mb min free memory 0mb
[2017.10.11-16.14.09:253][  0]LogCook: Display: Mobile HDR setting 1
[2017.10.11-16.14.09:253][  0]LogGameplayTags: Display: UGameplayTagsManager::DoneAddingNativeTags. DelegateIsBound: 0
[2017.10.11-16.14.09:938][  0]LogFileCache: Scanning file cache for directory 'E:/JOE-school/第八学期/GAM606/Cursed-Gems/Cursed-Gems/Content/' took 0.01s
[2017.10.11-16.14.09:938][  0]SourceControl: Source control is disabled
[2017.10.11-16.14.09:939][  0]Cmd: MAP LOAD FILE="../../../../../../JOE-school/第八学期/GAM606/Cursed-Gems/Cursed-Gems/Content/ThirdPersonBP/Maps/ThirdPersonExampleMap.umap" TEMPLATE=0 SHOWPROGRESS=1 FEATURELEVEL=3
[2017.10.11-16.14.09:939][  0]LightingResults: New page: Lighting Build
[2017.10.11-16.14.09:966][  0]MapCheck: New page: Map Check
[2017.10.11-16.14.09:967][  0]LightingResults: New page: Lighting Build
[2017.10.11-16.14.10:798][  0]LogMaterial: Missing cached shader map for material Lava_MAT, compiling. 
[2017.10.11-16.14.11:155][  0]LogAnimationCompression: Building Anim DDC data for AnimSequence /Game/CustomCharacter/Animations/Monk/Climbing.Climbing
[2017.10.11-16.14.11:182][  0]LogAnimationCompression: Building Anim DDC data for AnimSequence /Game/CustomCharacter/Animations/Monk/Hurricane_Kick.Hurricane_Kick
[2017.10.11-16.14.11:198][  0]LogAnimationCompression: Building Anim DDC data for AnimSequence /Game/CustomCharacter/Animations/Monk/NewAnims/Fighting_Idle__1__mixamo_com.Fighting_Idle__1__mixamo_com
[2017.10.11-16.14.11:204][  0]LogAnimationCompression: Building Anim DDC data for AnimSequence /Game/CustomCharacter/Animations/Monk/Uppercut_Jab.Uppercut_Jab
[2017.10.11-16.14.11:213][  0]LogAnimationCompression: Building Anim DDC data for AnimSequence /Game/CustomCharacter/Animations/Monk/Cast1.Cast1
[2017.10.11-16.14.11:221][  0]LogAnimationCompression: Building Anim DDC data for AnimSequence /Game/CustomCharacter/Animations/Monk/cast3.cast3
[2017.10.11-16.14.11:227][  0]LogAIModule: Creating AISystem for world ThirdPersonExampleMap
[2017.10.11-16.14.11:626][  0]LogEditorServer: Finished looking for orphan Actors (0.000 secs)
[2017.10.11-16.14.11:653][  0]Cmd: MAP CHECKDEP NOCLEARLOG
[2017.10.11-16.14.11:713][  0]MapCheck: Map check complete: 0 Error(s), 0 Warning(s), took 59.763ms to complete.
[2017.10.11-16.14.11:713][  0]LogFileHelpers: Loading map 'ThirdPersonExampleMap' took 1.774
[2017.10.11-16.14.11:781][  0]LogWindowsTextInputMethodSystem: Display: IME system now activated using TSF (Microsoft Pinyin).
[2017.10.11-16.14.11:898][  0]LogCollectionManager: Loaded 0 collections in 0.001986 seconds
[2017.10.11-16.14.11:982][  0]LogFileCache: Scanning file cache for directory 'E:/JOE-school/第八学期/GAM606/Cursed-Gems/Cursed-Gems/Saved/Collections/' took 0.01s
[2017.10.11-16.14.11:982][  0]LogFileCache: Scanning file cache for directory 'E:/JOE-school/第八学期/GAM606/Cursed-Gems/Cursed-Gems/Content/Developers/JOE/Collections/' took 0.01s
[2017.10.11-16.14.11:982][  0]LogFileCache: Scanning file cache for directory 'E:/JOE-school/第八学期/GAM606/Cursed-Gems/Cursed-Gems/Content/Collections/' took 0.01s
[2017.10.11-16.14.11:982][  0]LogCollectionManager: Rebuilt the GUID cache for 0 collections in 0.000001 seconds
[2017.10.11-16.14.11:996][  0]LogContentBrowser: Native class hierarchy populated in 0.0135 seconds. Added 2400 classes and 506 folders.
[2017.10.11-16.14.12:081][  0]LogContentBrowser: Native class hierarchy updated for 'WidgetCarousel' in 0.0011 seconds. Added 0 classes and 0 folders.
[2017.10.11-16.14.12:137][  0]LogContentBrowser: Native class hierarchy updated for 'AddContentDialog' in 0.0010 seconds. Added 0 classes and 0 folders.
[2017.10.11-16.14.12:188][  0]LogContentBrowser: Native class hierarchy updated for 'SceneOutliner' in 0.0014 seconds. Added 1 classes and 2 folders.
[2017.10.11-16.14.12:319][  0]LogSlate: Took 0.000270 seconds to synchronously load lazily loaded font '../../../Engine/Content/Slate/Fonts/Roboto-Regular.ttf' (155K)
[2017.10.11-16.14.12:321][  0]LogSlate: Took 0.000235 seconds to synchronously load lazily loaded font '../../../Engine/Content/Slate/Fonts/Roboto-Bold.ttf' (160K)
[2017.10.11-16.14.12:328][  0]LogSlate: Took 0.000232 seconds to synchronously load lazily loaded font '../../../Engine/Content/Editor/Slate/Fonts/FontAwesome.ttf' (139K)
[2017.10.11-16.14.12:468][  0]LogRenderer: Reallocating scene render targets to support 1208x512 Format 10 NumSamples 1 (Frame:1).
[2017.10.11-16.14.12:708][  0]LogContentBrowser: Native class hierarchy updated for 'HierarchicalLODOutliner' in 0.0010 seconds. Added 1 classes and 2 folders.
[2017.10.11-16.14.12:709][  0]LogLoad: (Engine Initialization) Total time: 15.10 seconds
[2017.10.11-16.14.12:709][  0]LogLoad: (Engine Initialization) Total Blueprint compile time: 0.00 seconds
[2017.10.11-16.14.12:709][  0]LogExternalProfiler: Found external profiler: VSPerf
[2017.10.11-16.14.12:709][  0]LogExternalProfiler: Using external profiler: VSPerf
[2017.10.11-16.14.13:079][  0]LogContentStreaming: Texture pool size now 1000 MB
[2017.10.11-16.14.13:172][  0]LogSlate: Took 0.000236 seconds to synchronously load lazily loaded font '../../../Engine/Content/Slate/Fonts/Roboto-Light.ttf' (159K)
[2017.10.11-16.14.13:399][  1]LogAssetRegistry: Asset discovery search completed in 10.8502 seconds
[2017.10.11-16.14.13:401][  1]LogCollectionManager: Rebuilt the object cache for 0 collections in 0.000001 seconds (found 0 objects)
[2017.10.11-16.14.13:402][  1]LogCollectionManager: Fixed up redirectors for 0 collections in 0.000061 seconds (updated 0 objects)
[2017.10.11-16.14.15:430][  8]LogStaticMesh: Allocated 287x64x64 distance field atlas = 2.2Mb, with 46 objects containing 1.5Mb backing data
[2017.10.11-16.14.18:981][366]LogEditorViewport: Clicking Background
[2017.10.11-16.14.22:482][748]LogTemp: Repeating last play command: Selected Viewport
[2017.10.11-16.14.22:574][748]LogBlueprintUserMessages: Early PlayInEditor Detection: Level '/Game/ThirdPersonBP/Maps/ThirdPersonExampleMap.ThirdPersonExampleMap:PersistentLevel' has LevelScriptBlueprint '/Game/ThirdPersonBP/Maps/ThirdPersonExampleMap.ThirdPersonExampleMap:PersistentLevel.ThirdPersonExampleMap' with GeneratedClass '/Game/ThirdPersonBP/Maps/ThirdPersonExampleMap.ThirdPersonExampleMap_C' with ClassGeneratedBy '/Game/ThirdPersonBP/Maps/ThirdPersonExampleMap.ThirdPersonExampleMap:PersistentLevel.ThirdPersonExampleMap'
[2017.10.11-16.14.22:588][748]LogPlayLevel: PlayLevel: No blueprints needed recompiling
[2017.10.11-16.14.22:654][748]PIE: New page: PIE session: ThirdPersonExampleMap (2017年10月11日 上午2:14:22)
[2017.10.11-16.14.22:655][748]LogPlayLevel: Creating play world package: /Game/ThirdPersonBP/Maps/UEDPIE_0_ThirdPersonExampleMap
[2017.10.11-16.14.22:821][748]LogPlayLevel: PIE: StaticDuplicateObject took: (0.166456s)
[2017.10.11-16.14.22:822][748]LogAIModule: Creating AISystem for world ThirdPersonExampleMap
[2017.10.11-16.14.22:822][748]LogPlayLevel: PIE: World Init took: (0.000867s)
[2017.10.11-16.14.22:822][748]LogPlayLevel: PIE: Created PIE world by copying editor world from /Game/ThirdPersonBP/Maps/ThirdPersonExampleMap.ThirdPersonExampleMap to /Game/ThirdPersonBP/Maps/UEDPIE_0_ThirdPersonExampleMap.ThirdPersonExampleMap (0.167769s)
[2017.10.11-16.14.22:843][748]LogInit: XAudio2 using 'Speakers (Realtek High Definition Audio)' : 2 channels at 48 kHz using 32 bits per sample (channel mask 0x3)
[2017.10.11-16.14.22:852][748]LogInit: FAudioDevice initialized.
[2017.10.11-16.14.22:919][748]LogLoad: Game class is 'ThirdPersonGameMode_C'
[2017.10.11-16.14.22:974][748]LogWorld: Bringing World /Game/ThirdPersonBP/Maps/UEDPIE_0_ThirdPersonExampleMap.ThirdPersonExampleMap up for play (max tick rate 0) at 2017.10.11-09.14.22
[2017.10.11-16.14.23:019][748]LogWorld: Bringing up level for play took: 0.081717
[2017.10.11-16.14.23:111][748]LogContentBrowser: Native class hierarchy updated for 'MovieSceneCapture' in 0.0007 seconds. Added 11 classes and 0 folders.
[2017.10.11-16.14.23:129][748]PIE: Play in editor start time for /Game/ThirdPersonBP/Maps/UEDPIE_0_ThirdPersonExampleMap -0.009
[2017.10.11-16.14.23:129][748]LogBlueprintUserMessages: Late PlayInEditor Detection: Level '/Game/ThirdPersonBP/Maps/ThirdPersonExampleMap.ThirdPersonExampleMap:PersistentLevel' has LevelScriptBlueprint '/Game/ThirdPersonBP/Maps/ThirdPersonExampleMap.ThirdPersonExampleMap:PersistentLevel.ThirdPersonExampleMap' with GeneratedClass '/Game/ThirdPersonBP/Maps/ThirdPersonExampleMap.ThirdPersonExampleMap_C' with ClassGeneratedBy '/Game/ThirdPersonBP/Maps/ThirdPersonExampleMap.ThirdPersonExampleMap:PersistentLevel.ThirdPersonExampleMap'
[2017.10.11-16.14.35:844][504]LogBlueprintUserMessages: [ThirdPersonCharacter_167] West
[2017.10.11-16.14.40:833][776]LogBlueprintUserMessages: [ThirdPersonCharacter_167] South
[2017.10.11-16.14.40:959][783]LogBlueprintUserMessages: Early EndPlayMap Detection: Level '/Game/ThirdPersonBP/Maps/ThirdPersonExampleMap.ThirdPersonExampleMap:PersistentLevel' has LevelScriptBlueprint '/Game/ThirdPersonBP/Maps/ThirdPersonExampleMap.ThirdPersonExampleMap:PersistentLevel.ThirdPersonExampleMap' with GeneratedClass '/Game/ThirdPersonBP/Maps/ThirdPersonExampleMap.ThirdPersonExampleMap_C' with ClassGeneratedBy '/Game/ThirdPersonBP/Maps/ThirdPersonExampleMap.ThirdPersonExampleMap:PersistentLevel.ThirdPersonExampleMap'
[2017.10.11-16.14.41:016][783]LogBlueprintUserMessages: Late EndPlayMap Detection: Level '/Game/ThirdPersonBP/Maps/ThirdPersonExampleMap.ThirdPersonExampleMap:PersistentLevel' has LevelScriptBlueprint '/Game/ThirdPersonBP/Maps/ThirdPersonExampleMap.ThirdPersonExampleMap:PersistentLevel.ThirdPersonExampleMap' with GeneratedClass '/Game/ThirdPersonBP/Maps/ThirdPersonExampleMap.ThirdPersonExampleMap_C' with ClassGeneratedBy '/Game/ThirdPersonBP/Maps/ThirdPersonExampleMap.ThirdPersonExampleMap:PersistentLevel.ThirdPersonExampleMap'
[2017.10.11-16.14.41:990][894]LogTemp: Repeating last play command: Selected Viewport
[2017.10.11-16.14.42:008][894]LogBlueprintUserMessages: Early PlayInEditor Detection: Level '/Game/ThirdPersonBP/Maps/ThirdPersonExampleMap.ThirdPersonExampleMap:PersistentLevel' has LevelScriptBlueprint '/Game/ThirdPersonBP/Maps/ThirdPersonExampleMap.ThirdPersonExampleMap:PersistentLevel.ThirdPersonExampleMap' with GeneratedClass '/Game/ThirdPersonBP/Maps/ThirdPersonExampleMap.ThirdPersonExampleMap_C' with ClassGeneratedBy '/Game/ThirdPersonBP/Maps/ThirdPersonExampleMap.ThirdPersonExampleMap:PersistentLevel.ThirdPersonExampleMap'
[2017.10.11-16.14.42:008][894]LogPlayLevel: PlayLevel: No blueprints needed recompiling
[2017.10.11-16.14.42:009][894]PIE: New page: PIE session: ThirdPersonExampleMap (2017年10月11日 上午2:14:42)
[2017.10.11-16.14.42:009][894]LogPlayLevel: Creating play world package: /Game/ThirdPersonBP/Maps/UEDPIE_0_ThirdPersonExampleMap
[2017.10.11-16.14.42:126][894]LogPlayLevel: PIE: StaticDuplicateObject took: (0.117486s)
[2017.10.11-16.14.42:127][894]LogAIModule: Creating AISystem for world ThirdPersonExampleMap
[2017.10.11-16.14.42:127][894]LogPlayLevel: PIE: World Init took: (0.000678s)
[2017.10.11-16.14.42:127][894]LogPlayLevel: PIE: Created PIE world by copying editor world from /Game/ThirdPersonBP/Maps/ThirdPersonExampleMap.ThirdPersonExampleMap to /Game/ThirdPersonBP/Maps/UEDPIE_0_ThirdPersonExampleMap.ThirdPersonExampleMap (0.118562s)
[2017.10.11-16.14.42:149][894]LogInit: XAudio2 using 'Speakers (Realtek High Definition Audio)' : 2 channels at 48 kHz using 32 bits per sample (channel mask 0x3)
[2017.10.11-16.14.42:157][894]LogInit: FAudioDevice initialized.
[2017.10.11-16.14.42:191][894]LogLoad: Game class is 'ThirdPersonGameMode_C'
[2017.10.11-16.14.42:232][894]LogWorld: Bringing World /Game/ThirdPersonBP/Maps/UEDPIE_0_ThirdPersonExampleMap.ThirdPersonExampleMap up for play (max tick rate 0) at 2017.10.11-09.14.42
[2017.10.11-16.14.42:239][894]LogWorld: Bringing up level for play took: 0.047910
[2017.10.11-16.14.42:241][894]PIE: Play in editor start time for /Game/ThirdPersonBP/Maps/UEDPIE_0_ThirdPersonExampleMap 1.103
[2017.10.11-16.14.42:242][894]LogBlueprintUserMessages: Late PlayInEditor Detection: Level '/Game/ThirdPersonBP/Maps/ThirdPersonExampleMap.ThirdPersonExampleMap:PersistentLevel' has LevelScriptBlueprint '/Game/ThirdPersonBP/Maps/ThirdPersonExampleMap.ThirdPersonExampleMap:PersistentLevel.ThirdPersonExampleMap' with GeneratedClass '/Game/ThirdPersonBP/Maps/ThirdPersonExampleMap.ThirdPersonExampleMap_C' with ClassGeneratedBy '/Game/ThirdPersonBP/Maps/ThirdPersonExampleMap.ThirdPersonExampleMap:PersistentLevel.ThirdPersonExampleMap'
[2017.10.11-16.18.08:192][619]LogBlueprintUserMessages: [ThirdPersonCharacter_167] dead
[2017.10.11-16.18.08:209][620]LogBlueprintUserMessages: [ThirdPersonCharacter_167] dead
[2017.10.11-16.18.08:872][660]LogBlueprintUserMessages: [ThirdPersonCharacter_167] dead
[2017.10.11-16.18.09:789][713]LogBlueprintUserMessages: [ThirdPersonCharacter_167] dead
[2017.10.11-16.18.10:912][780]LogBlueprintUserMessages: Early EndPlayMap Detection: Level '/Game/ThirdPersonBP/Maps/ThirdPersonExampleMap.ThirdPersonExampleMap:PersistentLevel' has LevelScriptBlueprint '/Game/ThirdPersonBP/Maps/ThirdPersonExampleMap.ThirdPersonExampleMap:PersistentLevel.ThirdPersonExampleMap' with GeneratedClass '/Game/ThirdPersonBP/Maps/ThirdPersonExampleMap.ThirdPersonExampleMap_C' with ClassGeneratedBy '/Game/ThirdPersonBP/Maps/ThirdPersonExampleMap.ThirdPersonExampleMap:PersistentLevel.ThirdPersonExampleMap'
[2017.10.11-16.18.10:957][780]LogBlueprintUserMessages: Late EndPlayMap Detection: Level '/Game/ThirdPersonBP/Maps/ThirdPersonExampleMap.ThirdPersonExampleMap:PersistentLevel' has LevelScriptBlueprint '/Game/ThirdPersonBP/Maps/ThirdPersonExampleMap.ThirdPersonExampleMap:PersistentLevel.ThirdPersonExampleMap' with GeneratedClass '/Game/ThirdPersonBP/Maps/ThirdPersonExampleMap.ThirdPersonExampleMap_C' with ClassGeneratedBy '/Game/ThirdPersonBP/Maps/ThirdPersonExampleMap.ThirdPersonExampleMap:PersistentLevel.ThirdPersonExampleMap'
[2017.10.11-16.18.37:762][952]LogSlate: Took 0.036147 seconds to synchronously load lazily loaded font '../../../Engine/Content/Slate/Fonts/Roboto-Light.ttf' (159K)
[2017.10.11-16.18.38:399][952]LogAIModule: Creating AISystem for world NewLevel
[2017.10.11-16.18.38:608][952]Cmd: MAP LOAD FILE="../../../../../../JOE-school/第八学期/GAM606/Cursed-Gems/Cursed-Gems/Content/ThirdPersonBP/Maps/NewLevel.umap" TEMPLATE=0 SHOWPROGRESS=1 FEATURELEVEL=3
[2017.10.11-16.18.38:608][952]LightingResults: New page: Lighting Build
[2017.10.11-16.18.38:612][952]LoadErrors: New page: Loading map: NewLevel.umap
[2017.10.11-16.18.38:621][952]MapCheck: New page: Map Check
[2017.10.11-16.18.38:621][952]LightingResults: New page: Lighting Build
[2017.10.11-16.18.38:996][952]LogEditorServer: Finished looking for orphan Actors (0.000 secs)
[2017.10.11-16.18.39:045][952]Cmd: MAP CHECKDEP NOCLEARLOG
[2017.10.11-16.18.40:670][952]MapCheck: Map check complete: 0 Error(s), 0 Warning(s), took 1,625.132ms to complete.
[2017.10.11-16.18.40:673][952]LogFileHelpers: Loading map 'NewLevel' took 2.066
[2017.10.11-16.18.40:692][952]LogSlate: Took 0.014970 seconds to synchronously load lazily loaded font '../../../Engine/Content/Slate/Fonts/Roboto-Regular.ttf' (155K)
[2017.10.11-16.18.58:333][112]LogContentBrowser: Native class hierarchy updated for 'MaterialEditor' in 0.0007 seconds. Added 1 classes and 0 folders.
[2017.10.11-16.18.58:353][112]LogMaterial: Missing cached shader map for material Lava_MAT, compiling. 
[2017.10.11-16.18.58:583][112]LogMaterial: Missing cached shader map for material Lava_MAT, compiling. 
[2017.10.11-16.18.58:632][112]LogMaterial: Missing cached shader map for material Lava_MAT, compiling. 
[2017.10.11-16.18.58:697][112]LogMaterial: Missing cached shader map for material FMatExpressionPreview MaterialExpressionTextureSampleParameter2D_0, compiling. 
[2017.10.11-16.18.58:704][112]LogMaterial: Missing cached shader map for material FMatExpressionPreview MaterialExpressionTextureSampleParameter2D_3, compiling. 
[2017.10.11-16.18.58:709][112]LogMaterial: Missing cached shader map for material FMatExpressionPreview MaterialExpressionTextureSampleParameter2D_2, compiling. 
[2017.10.11-16.18.58:715][112]LogMaterial: Missing cached shader map for material FMatExpressionPreview MaterialExpressionTextureSampleParameter2D_1, compiling. 
[2017.10.11-16.18.58:722][112]LogMaterial: Missing cached shader map for material FMatExpressionPreview MaterialExpressionTextureSampleParameter2D_5, compiling. 
[2017.10.11-16.18.58:727][112]LogMaterial: Missing cached shader map for material FMatExpressionPreview MaterialExpressionTextureSampleParameter2D_4, compiling. 
[2017.10.11-16.18.58:751][112]LogSlate: Took 0.013939 seconds to synchronously load lazily loaded font '../../../Engine/Content/Editor/Slate/Fonts/Roboto-BoldCondensed.ttf' (158K)
[2017.10.11-16.18.59:345][113]LogSlate: Took 0.005728 seconds to synchronously load lazily loaded font '../../../Engine/Content/Editor/Slate/Fonts/Roboto-Italic.ttf' (157K)
[2017.10.11-16.19.01:141][182]MaterialEditorStats: Base pass shader: 101 instructions
[2017.10.11-16.19.01:141][182]MaterialEditorStats: Vertex shader: 58 instructions
[2017.10.11-16.19.01:141][182]MaterialEditorStats: Texture samplers: 9/16
[2017.10.11-16.19.01:141][182]MaterialEditorStats: User interpolators: 2/4 Scalars (1/4 Vectors) (TexCoords: 2, Custom: 0)
[2017.10.11-16.20.00:883][782]LogContentBrowser: Native class hierarchy updated for 'BlueprintGraph' in 0.0010 seconds. Added 113 classes and 0 folders.
[2017.10.11-16.20.02:351][784]LogStaticMesh: Allocated 321x64x64 distance field atlas = 2.5Mb, with 47 objects containing 1.7Mb backing data
[2017.10.11-16.21.10:900][314]LogActorComponent: UnregisterComponent: (/Engine/Transient.EditorFloorComp) Not registered. Aborting.
[2017.10.11-16.22.33:607][354]LogRenderer: Reallocating scene render targets to support 1284x512 Format 10 NumSamples 1 (Frame:12880).
[2017.10.11-16.35.21:894][443]LogD3D11RHI: Timed out while waiting for GPU to catch up. (0.5 s)
[2017.10.11-16.35.55:901][545]LogD3D11RHI: Timed out while waiting for GPU to catch up. (0.5 s)
[2017.10.11-16.48.55:898][885]LogD3D11RHI: Timed out while waiting for GPU to catch up. (0.5 s)
[2017.10.11-16.55.49:562][126]LogD3D11RHI: Timed out while waiting for GPU to catch up. (0.5 s)
[2017.10.11-16.56.36:562][267]LogD3D11RHI: Timed out while waiting for GPU to catch up. (0.5 s)
[2017.10.11-16.56.37:063][268]LogD3D11RHI: Timed out while waiting for GPU to catch up. (0.5 s)
[2017.10.11-16.57.39:440][455]LogD3D11RHI: Timed out while waiting for GPU to catch up. (0.5 s)
[2017.10.11-16.57.39:940][456]LogD3D11RHI: Timed out while waiting for GPU to catch up. (0.5 s)
[2017.10.11-17.02.30:262][327]LogD3D11RHI: Timed out while waiting for GPU to catch up. (0.5 s)
[2017.10.11-17.19.28:263][381]LogD3D11RHI: Timed out while waiting for GPU to catch up. (0.5 s)
[2017.10.11-17.20.33:929][578]LogD3D11RHI: Timed out while waiting for GPU to catch up. (0.5 s)
[2017.10.11-17.20.34:430][579]LogD3D11RHI: Timed out while waiting for GPU to catch up. (0.5 s)
[2017.10.11-17.21.05:357][672]LogD3D11RHI: Timed out while waiting for GPU to catch up. (0.5 s)
[2017.10.11-17.31.29:025][543]LogD3D11RHI: Timed out while waiting for GPU to catch up. (0.5 s)
[2017.10.11-17.34.52:359][153]LogD3D11RHI: Timed out while waiting for GPU to catch up. (0.5 s)
[2017.10.11-17.34.52:860][154]LogD3D11RHI: Timed out while waiting for GPU to catch up. (0.5 s)
[2017.10.11-17.35.23:374][246]LogD3D11RHI: Timed out while waiting for GPU to catch up. (0.5 s)
[2017.10.11-17.46.11:042][189]LogD3D11RHI: Timed out while waiting for GPU to catch up. (0.5 s)
[2017.10.11-17.55.45:044][911]LogD3D11RHI: Timed out while waiting for GPU to catch up. (0.5 s)
[2017.10.11-17.55.45:545][912]LogD3D11RHI: Timed out while waiting for GPU to catch up. (0.5 s)
[2017.10.11-18.07.41:774][ 61]LogD3D11RHI: Timed out while waiting for GPU to catch up. (0.5 s)
[2017.10.11-18.13.30:773][108]LogD3D11RHI: Timed out while waiting for GPU to catch up. (0.5 s)
[2017.10.11-18.16.51:107][709]LogD3D11RHI: Timed out while waiting for GPU to catch up. (0.5 s)
[2017.10.11-18.18.04:109][928]LogD3D11RHI: Timed out while waiting for GPU to catch up. (0.5 s)
[2017.10.11-18.25.20:106][236]LogD3D11RHI: Timed out while waiting for GPU to catch up. (0.5 s)
[2017.10.11-18.25.20:608][237]LogD3D11RHI: Timed out while waiting for GPU to catch up. (0.5 s)
[2017.10.11-18.27.00:040][535]LogD3D11RHI: Timed out while waiting for GPU to catch up. (0.5 s)
[2017.10.11-18.29.23:373][965]LogD3D11RHI: Timed out while waiting for GPU to catch up. (0.5 s)
[2017.10.11-18.46.08:435][980]LogD3D11RHI: Timed out while waiting for GPU to catch up. (0.5 s)
[2017.10.11-18.52.40:768][157]LogD3D11RHI: Timed out while waiting for GPU to catch up. (0.5 s)
[2017.10.11-18.55.43:768][706]LogD3D11RHI: Timed out while waiting for GPU to catch up. (0.5 s)
[2017.10.11-18.59.26:104][373]LogD3D11RHI: Timed out while waiting for GPU to catch up. (0.5 s)
[2017.10.11-19.09.44:437][228]LogD3D11RHI: Timed out while waiting for GPU to catch up. (0.5 s)
[2017.10.11-19.10.13:769][316]LogD3D11RHI: Timed out while waiting for GPU to catch up. (0.5 s)
[2017.10.11-19.12.32:105][731]LogD3D11RHI: Timed out while waiting for GPU to catch up. (0.5 s)
[2017.10.11-19.37.30:348][225]LogD3D11RHI: Timed out while waiting for GPU to catch up. (0.5 s)
[2017.10.11-19.43.35:682][321]LogD3D11RHI: Timed out while waiting for GPU to catch up. (0.5 s)
[2017.10.11-19.46.04:683][768]LogD3D11RHI: Timed out while waiting for GPU to catch up. (0.5 s)
[2017.10.11-19.46.48:018][898]LogD3D11RHI: Timed out while waiting for GPU to catch up. (0.5 s)
[2017.10.11-19.55.46:196][512]LogD3D11RHI: Timed out while waiting for GPU to catch up. (0.5 s)
[2017.10.11-19.57.53:196][893]LogD3D11RHI: Timed out while waiting for GPU to catch up. (0.5 s)
[2017.10.11-19.58.12:528][951]LogD3D11RHI: Timed out while waiting for GPU to catch up. (0.5 s)
[2017.10.11-20.00.47:529][416]LogD3D11RHI: Timed out while waiting for GPU to catch up. (0.5 s)
[2017.10.11-20.01.12:529][491]LogD3D11RHI: Timed out while waiting for GPU to catch up. (0.5 s)
[2017.10.11-20.09.51:532][ 48]LogD3D11RHI: Timed out while waiting for GPU to catch up. (0.5 s)
[2017.10.11-20.13.05:862][631]LogD3D11RHI: Timed out while waiting for GPU to catch up. (0.5 s)
[2017.10.11-20.13.06:363][632]LogD3D11RHI: Timed out while waiting for GPU to catch up. (0.5 s)
[2017.10.11-20.14.15:297][839]LogD3D11RHI: Timed out while waiting for GPU to catch up. (0.5 s)
[2017.10.11-20.16.22:630][221]LogD3D11RHI: Timed out while waiting for GPU to catch up. (0.5 s)
[2017.10.11-20.17.41:629][458]LogD3D11RHI: Timed out while waiting for GPU to catch up. (0.5 s)
[2017.10.11-20.17.42:130][459]LogD3D11RHI: Timed out while waiting for GPU to catch up. (0.5 s)
[2017.10.11-20.23.39:214][530]LogD3D11RHI: Timed out while waiting for GPU to catch up. (0.5 s)
[2017.10.11-20.24.11:547][627]LogD3D11RHI: Timed out while waiting for GPU to catch up. (0.5 s)
[2017.10.11-20.29.43:215][622]LogD3D11RHI: Timed out while waiting for GPU to catch up. (0.5 s)
[2017.10.11-20.40.09:883][502]LogD3D11RHI: Timed out while waiting for GPU to catch up. (0.5 s)
[2017.10.11-20.42.44:883][967]LogD3D11RHI: Timed out while waiting for GPU to catch up. (0.5 s)
[2017.10.11-20.43.32:216][109]LogD3D11RHI: Timed out while waiting for GPU to catch up. (0.5 s)
[2017.10.11-20.44.41:295][315]LogWindowsTextInputMethodSystem: Display: IME system now deactivated.
[2017.10.11-20.44.41:295][315]LogWindowsTextInputMethodSystem: Display: IME system now deactivated.
[2017.10.12-00.07.41:352][407]Cmd: QUIT_EDITOR
[2017.10.12-00.07.42:273][407]LogWindowsTextInputMethodSystem: Display: IME system now deactivated.
[2017.10.12-00.07.42:372][407]LogExit: Preparing to exit.
[2017.10.12-00.07.43:778][407]LogDirectoryWatcher: A directory notification for 'E:/JOE-school/第八学期/GAM606/Cursed-Gems/Cursed-Gems/Content/' was aborted.
[2017.10.12-00.07.44:315][407]LogExit: Editor shut down
[2017.10.12-00.07.44:371][407]LogExit: Transaction tracking system shut down
[2017.10.12-00.07.44:877][407]LogDirectoryWatcher: A directory notification for '../../../Engine/Content/' was aborted.
[2017.10.12-00.07.44:877][407]LogDirectoryWatcher: A directory notification for '../../../../../../JOE-school/第八学期/GAM606/Cursed-Gems/Cursed-Gems/Content/' was aborted.
[2017.10.12-00.07.44:877][407]LogDirectoryWatcher: A directory notification for '../../../Engine/Plugins/2D/Paper2D/Content/' was aborted.
[2017.10.12-00.07.44:877][407]LogDirectoryWatcher: A directory notification for '../../../Engine/Plugins/Runtime/Oculus/OculusVR/Content/' was aborted.
[2017.10.12-00.07.44:878][407]LogDirectoryWatcher: A directory notification for '../../../Engine/Plugins/Runtime/Steam/SteamVR/Content/' was aborted.
[2017.10.12-00.07.49:515][407]LogExit: Object subsystem successfully closed.
[2017.10.12-00.07.49:903][407]LogD3D11RHI: Shutdown
[2017.10.12-00.07.49:903][407]LogD3D11RHI: CleanupD3DDevice
[2017.10.12-00.07.50:207][407]LogD3D11RHI: ~FD3D11DynamicRHI
